2019-01-22 17:10:54,941 - 1184 [restartedMain] DEBUG o.s.w.c.s.StandardServletEnvironment - Adding PropertySource 'servletConfigInitParams' with lowest search precedence
2019-01-22 17:10:54,942 - 1185 [restartedMain] DEBUG o.s.w.c.s.StandardServletEnvironment - Adding PropertySource 'servletContextInitParams' with lowest search precedence
2019-01-22 17:10:54,942 - 1185 [restartedMain] DEBUG o.s.w.c.s.StandardServletEnvironment - Adding PropertySource 'systemProperties' with lowest search precedence
2019-01-22 17:10:54,942 - 1185 [restartedMain] DEBUG o.s.w.c.s.StandardServletEnvironment - Adding PropertySource 'systemEnvironment' with lowest search precedence
2019-01-22 17:10:54,943 - 1186 [restartedMain] DEBUG o.s.w.c.s.StandardServletEnvironment - Initialized StandardServletEnvironment with PropertySources [StubPropertySource {name='servletConfigInitParams'}, StubPropertySource {name='servletContextInitParams'}, MapPropertySource {name='systemProperties'}, SystemEnvironmentPropertySource {name='systemEnvironment'}]
2019-01-22 17:10:55,030 - 1273 [restartedMain] INFO  c.potato369.novel.NovelApplication - Starting NovelApplication on DESKTOP-TUDOU01 with PID 19168 (D:\Users\wangyanjun\workspace\novel\target\classes started by Jack in D:\Users\wangyanjun\workspace\novel)
2019-01-22 17:10:55,030 - 1273 [restartedMain] DEBUG c.potato369.novel.NovelApplication - Running with Spring Boot v1.5.9.RELEASE, Spring v4.3.13.RELEASE
2019-01-22 17:10:55,030 - 1273 [restartedMain] INFO  c.potato369.novel.NovelApplication - The following profiles are active: dev
2019-01-22 17:10:55,149 - 1392 [restartedMain] INFO  o.s.b.c.e.AnnotationConfigEmbeddedWebApplicationContext - Refreshing org.springframework.boot.context.embedded.AnnotationConfigEmbeddedWebApplicationContext@456efde1: startup date [Tue Jan 22 17:10:55 CST 2019]; root of context hierarchy
2019-01-22 17:10:55,522 - 1765 [background-preinit] INFO  o.h.validator.internal.util.Version - HV000001: Hibernate Validator 5.3.6.Final
2019-01-22 17:10:57,697 - 3940 [restartedMain] INFO  o.s.b.f.s.DefaultListableBeanFactory - Overriding bean definition for bean 'statFilter' with a different definition: replacing [Root bean: class [null]; scope=; abstract=false; lazyInit=false; autowireMode=3; dependencyCheck=0; autowireCandidate=true; primary=false; factoryBeanName=druidConfig; factoryMethodName=statFilter; initMethodName=null; destroyMethodName=(inferred); defined in class path resource [com/potato369/novel/conf/DruidConfig.class]] with [Root bean: class [null]; scope=; abstract=false; lazyInit=false; autowireMode=3; dependencyCheck=0; autowireCandidate=true; primary=false; factoryBeanName=com.alibaba.druid.spring.boot.autoconfigure.stat.DruidFilterConfiguration; factoryMethodName=statFilter; initMethodName=null; destroyMethodName=(inferred); defined in class path resource [com/alibaba/druid/spring/boot/autoconfigure/stat/DruidFilterConfiguration.class]]
2019-01-22 17:10:57,903 - 4146 [restartedMain] WARN  o.m.s.mapper.ClassPathMapperScanner - No MyBatis mapper was found in '[com.potato369.novel]' package. Please check your configuration.
2019-01-22 17:10:58,003 - 4246 [restartedMain] INFO  o.s.d.r.c.RepositoryConfigurationDelegate - Multiple Spring Data modules found, entering strict repository configuration mode!
2019-01-22 17:10:58,339 - 4582 [restartedMain] INFO  o.s.d.r.c.RepositoryConfigurationDelegate - Multiple Spring Data modules found, entering strict repository configuration mode!
2019-01-22 17:10:58,605 - 4848 [restartedMain] INFO  o.s.d.r.c.RepositoryConfigurationExtensionSupport - Spring Data Redis - Could not safely identify store assignment for repository candidate interface com.potato369.novel.repository.ProductInfoRepository.
2019-01-22 17:10:58,617 - 4860 [restartedMain] INFO  o.s.d.r.c.RepositoryConfigurationExtensionSupport - Spring Data Redis - Could not safely identify store assignment for repository candidate interface com.potato369.novel.repository.UserInfoRepository.
2019-01-22 17:10:58,618 - 4861 [restartedMain] INFO  o.s.d.r.c.RepositoryConfigurationExtensionSupport - Spring Data Redis - Could not safely identify store assignment for repository candidate interface com.potato369.novel.repository.OrderDetailRepository.
2019-01-22 17:10:58,619 - 4862 [restartedMain] INFO  o.s.d.r.c.RepositoryConfigurationExtensionSupport - Spring Data Redis - Could not safely identify store assignment for repository candidate interface com.potato369.novel.repository.SellerInfoRepository.
2019-01-22 17:10:58,619 - 4862 [restartedMain] INFO  o.s.d.r.c.RepositoryConfigurationExtensionSupport - Spring Data Redis - Could not safely identify store assignment for repository candidate interface com.potato369.novel.repository.CategoryRepository.
2019-01-22 17:10:58,620 - 4863 [restartedMain] INFO  o.s.d.r.c.RepositoryConfigurationExtensionSupport - Spring Data Redis - Could not safely identify store assignment for repository candidate interface com.potato369.novel.repository.OrderMasterRepository.
2019-01-22 17:10:58,620 - 4863 [restartedMain] INFO  o.s.d.r.c.RepositoryConfigurationExtensionSupport - Spring Data Redis - Could not safely identify store assignment for repository candidate interface com.potato369.novel.repository.NovelInfoRepository.
2019-01-22 17:10:59,293 - 5536 [restartedMain] DEBUG o.s.w.c.s.StandardServletEnvironment - Adding PropertySource 'applicationConfig: [classpath:/application-dev.yml]' with search precedence immediately lower than 'applicationConfigurationProperties'
2019-01-22 17:10:59,294 - 5537 [restartedMain] DEBUG o.s.w.c.s.StandardServletEnvironment - Adding PropertySource 'applicationConfig: [classpath:/application.yml]' with search precedence immediately lower than 'applicationConfig: [classpath:/application-dev.yml]'
2019-01-22 17:10:59,294 - 5537 [restartedMain] DEBUG o.s.w.c.s.StandardServletEnvironment - Removing PropertySource 'applicationConfigurationProperties'
2019-01-22 17:10:59,294 - 5537 [restartedMain] DEBUG o.s.w.c.s.StandardServletEnvironment - Removing PropertySource 'defaultProperties'
2019-01-22 17:10:59,376 - 5619 [restartedMain] INFO  o.s.b.f.a.AutowiredAnnotationBeanPostProcessor - JSR-330 'javax.inject.Inject' annotation found and supported for autowiring
2019-01-22 17:11:02,664 - 8907 [restartedMain] INFO  o.s.b.c.e.t.TomcatEmbeddedServletContainer - Tomcat initialized with port(s): 8080 (http)
2019-01-22 17:11:02,679 - 8922 [restartedMain] INFO  o.a.catalina.core.StandardService - Starting service [Tomcat]
2019-01-22 17:11:02,680 - 8923 [restartedMain] INFO  o.a.catalina.core.StandardEngine - Starting Servlet Engine: Apache Tomcat/8.5.23
2019-01-22 17:11:02,906 - 9149 [localhost-startStop-1] INFO  o.a.c.c.C.[.[localhost].[/novel] - Initializing Spring embedded WebApplicationContext
2019-01-22 17:11:02,909 - 9152 [localhost-startStop-1] DEBUG o.s.web.context.ContextLoader - Published root WebApplicationContext as ServletContext attribute with name [org.springframework.web.context.WebApplicationContext.ROOT]
2019-01-22 17:11:02,909 - 9152 [localhost-startStop-1] INFO  o.s.web.context.ContextLoader - Root WebApplicationContext: initialization completed in 7760 ms
2019-01-22 17:11:03,613 - 9856 [localhost-startStop-1] INFO  o.s.b.w.s.ServletRegistrationBean - Mapping servlet: 'statViewServlet' to [/druid/*]
2019-01-22 17:11:03,615 - 9858 [localhost-startStop-1] INFO  o.s.b.w.s.ServletRegistrationBean - Mapping servlet: 'dispatcherServlet' to [/]
2019-01-22 17:11:03,615 - 9858 [localhost-startStop-1] INFO  o.s.b.w.s.ServletRegistrationBean - Mapping servlet: 'statViewServlet' to [/druid/*]
2019-01-22 17:11:03,615 - 9858 [localhost-startStop-1] INFO  o.s.b.w.s.ServletRegistrationBean - Servlet statViewServlet was not registered (possibly already registered?)
2019-01-22 17:11:03,620 - 9863 [localhost-startStop-1] INFO  o.s.b.w.s.FilterRegistrationBean - Mapping filter: 'characterEncodingFilter' to: [/*]
2019-01-22 17:11:03,621 - 9864 [localhost-startStop-1] INFO  o.s.b.w.s.FilterRegistrationBean - Mapping filter: 'hiddenHttpMethodFilter' to: [/*]
2019-01-22 17:11:03,625 - 9868 [localhost-startStop-1] INFO  o.s.b.w.s.FilterRegistrationBean - Mapping filter: 'httpPutFormContentFilter' to: [/*]
2019-01-22 17:11:03,626 - 9869 [localhost-startStop-1] INFO  o.s.b.w.s.FilterRegistrationBean - Mapping filter: 'requestContextFilter' to: [/*]
2019-01-22 17:11:03,627 - 9870 [localhost-startStop-1] INFO  o.s.b.w.s.FilterRegistrationBean - Mapping filter: 'webStatFilter' to urls: [/*]
2019-01-22 17:11:03,752 - 9995 [restartedMain] DEBUG o.s.w.c.s.StandardServletEnvironment - Replacing PropertySource 'servletContextInitParams' with 'servletContextInitParams'
2019-01-22 17:11:04,784 - 11027 [restartedMain] INFO  c.a.druid.pool.DruidDataSource - {dataSource-1} inited
2019-01-22 17:11:04,787 - 11030 [Druid-ConnectionPool-Log-1373825099] INFO  c.a.d.p.DruidDataSourceStatLoggerImpl - {"url":"jdbc:mysql://127.0.0.1:3306/novel?useSSL=false&useUnicode=true&characterEncoding=utf8&autoReconnect=true&useOldAliasMetadataBehavior=true","dbType":"mysql","name":"DataSource-1373825099","activeCount":0,"poolingCount":5,"poolingPeak":5,"poolingPeakTime":"2019-01-22 17:11:04","connectCount":0,"closeCount":0,"physicalConnectCount":5}
2019-01-22 17:11:05,079 - 11322 [restartedMain] INFO  o.s.o.j.LocalContainerEntityManagerFactoryBean - Building JPA container EntityManagerFactory for persistence unit 'default'
2019-01-22 17:11:05,113 - 11356 [restartedMain] INFO  o.h.jpa.internal.util.LogHelper - HHH000204: Processing PersistenceUnitInfo [
	name: default
	...]
2019-01-22 17:11:05,287 - 11530 [restartedMain] INFO  org.hibernate.Version - HHH000412: Hibernate Core {5.0.12.Final}
2019-01-22 17:11:05,290 - 11533 [restartedMain] INFO  org.hibernate.cfg.Environment - HHH000206: hibernate.properties not found
2019-01-22 17:11:05,292 - 11535 [restartedMain] INFO  org.hibernate.cfg.Environment - HHH000021: Bytecode provider name : javassist
2019-01-22 17:11:05,421 - 11664 [restartedMain] INFO  o.h.annotations.common.Version - HCANN000001: Hibernate Commons Annotations {5.0.1.Final}
2019-01-22 17:11:05,896 - 12139 [restartedMain] INFO  org.hibernate.dialect.Dialect - HHH000400: Using dialect: org.hibernate.dialect.MySQL5Dialect
2019-01-22 17:11:06,807 - 13050 [restartedMain] INFO  o.h.tool.hbm2ddl.SchemaUpdate - HHH000228: Running hbm2ddl schema update
2019-01-22 17:11:07,256 - 13499 [restartedMain] INFO  o.s.o.j.LocalContainerEntityManagerFactoryBean - Initialized JPA EntityManagerFactory for persistence unit 'default'
2019-01-22 17:11:11,999 - 18242 [restartedMain] INFO  o.s.s.c.ThreadPoolTaskScheduler - Initializing ExecutorService  'defaultSockJsTaskScheduler'
2019-01-22 17:11:12,035 - 18278 [restartedMain] WARN  o.s.w.s.s.s.WebSocketHandlerMapping - Neither 'urlMap' nor 'mappings' set on SimpleUrlHandlerMapping
2019-01-22 17:11:13,094 - 19337 [restartedMain] INFO  o.s.w.s.m.m.a.RequestMappingHandlerAdapter - Looking for @ControllerAdvice: org.springframework.boot.context.embedded.AnnotationConfigEmbeddedWebApplicationContext@456efde1: startup date [Tue Jan 22 17:10:55 CST 2019]; root of context hierarchy
2019-01-22 17:11:13,306 - 19549 [restartedMain] DEBUG o.s.w.s.m.m.a.RequestMappingHandlerMapping - Looking for request mappings in application context: org.springframework.boot.context.embedded.AnnotationConfigEmbeddedWebApplicationContext@456efde1: startup date [Tue Jan 22 17:10:55 CST 2019]; root of context hierarchy
2019-01-22 17:11:13,341 - 19584 [restartedMain] DEBUG o.s.w.s.m.m.a.RequestMappingHandlerMapping - 5 request handler methods found on class com.potato369.novel.controller.BuyerNovelInfoController: {public com.potato369.novel.vo.ResultVO com.potato369.novel.controller.BuyerNovelInfoController.list(java.lang.String)={[/book/list],methods=[GET]}, public com.potato369.novel.vo.ResultVO com.potato369.novel.controller.BuyerNovelInfoController.detail(java.lang.String)={[/book/detail],methods=[GET]}, public com.potato369.novel.vo.ResultVO com.potato369.novel.controller.BuyerNovelInfoController.home(java.lang.String)={[/book/home],methods=[GET]}, public com.potato369.novel.vo.ResultVO com.potato369.novel.controller.BuyerNovelInfoController.shelf(java.lang.String)={[/book/shelf],methods=[GET]}, public com.potato369.novel.vo.ResultVO com.potato369.novel.controller.BuyerNovelInfoController.flatList(java.lang.String)={[/book/flat-list],methods=[GET]}}
2019-01-22 17:11:13,342 - 19585 [restartedMain] INFO  o.s.w.s.m.m.a.RequestMappingHandlerMapping - Mapped "{[/book/list],methods=[GET]}" onto public com.potato369.novel.vo.ResultVO<com.potato369.novel.vo.CategoryDataVO> com.potato369.novel.controller.BuyerNovelInfoController.list(java.lang.String)
2019-01-22 17:11:13,344 - 19587 [restartedMain] INFO  o.s.w.s.m.m.a.RequestMappingHandlerMapping - Mapped "{[/book/detail],methods=[GET]}" onto public com.potato369.novel.vo.ResultVO<com.potato369.novel.vo.NovelInfoVO> com.potato369.novel.controller.BuyerNovelInfoController.detail(java.lang.String)
2019-01-22 17:11:13,346 - 19589 [restartedMain] INFO  o.s.w.s.m.m.a.RequestMappingHandlerMapping - Mapped "{[/book/home],methods=[GET]}" onto public com.potato369.novel.vo.ResultVO<com.potato369.novel.vo.HomeDataVO> com.potato369.novel.controller.BuyerNovelInfoController.home(java.lang.String)
2019-01-22 17:11:13,346 - 19589 [restartedMain] INFO  o.s.w.s.m.m.a.RequestMappingHandlerMapping - Mapped "{[/book/shelf],methods=[GET]}" onto public com.potato369.novel.vo.ResultVO<com.potato369.novel.vo.BookListDataVO> com.potato369.novel.controller.BuyerNovelInfoController.shelf(java.lang.String)
2019-01-22 17:11:13,347 - 19590 [restartedMain] INFO  o.s.w.s.m.m.a.RequestMappingHandlerMapping - Mapped "{[/book/flat-list],methods=[GET]}" onto public com.potato369.novel.vo.ResultVO<java.util.List<com.potato369.novel.vo.NovelInfoVO>> com.potato369.novel.controller.BuyerNovelInfoController.flatList(java.lang.String)
2019-01-22 17:11:13,377 - 19620 [restartedMain] DEBUG o.s.w.s.m.m.a.RequestMappingHandlerMapping - 2 request handler methods found on class com.potato369.novel.controller.BuyerPayController: {public org.springframework.web.servlet.ModelAndView com.potato369.novel.controller.BuyerPayController.notify(java.lang.String)={[/pay/notify],methods=[POST]}, public org.springframework.web.servlet.ModelAndView com.potato369.novel.controller.BuyerPayController.create(java.lang.String,java.lang.String,java.lang.String,java.util.Map)={[/pay/create],methods=[GET]}}
2019-01-22 17:11:13,378 - 19621 [restartedMain] INFO  o.s.w.s.m.m.a.RequestMappingHandlerMapping - Mapped "{[/pay/notify],methods=[POST]}" onto public org.springframework.web.servlet.ModelAndView com.potato369.novel.controller.BuyerPayController.notify(java.lang.String)
2019-01-22 17:11:13,380 - 19623 [restartedMain] INFO  o.s.w.s.m.m.a.RequestMappingHandlerMapping - Mapped "{[/pay/create],methods=[GET]}" onto public org.springframework.web.servlet.ModelAndView com.potato369.novel.controller.BuyerPayController.create(java.lang.String,java.lang.String,java.lang.String,java.util.Map<java.lang.String, java.lang.Object>)
2019-01-22 17:11:13,381 - 19624 [restartedMain] DEBUG o.s.w.s.m.m.a.RequestMappingHandlerMapping - 1 request handler methods found on class com.potato369.novel.controller.BuyerUserInfoController: {public com.potato369.novel.vo.ResultVO com.potato369.novel.controller.BuyerUserInfoController.info(java.lang.String)={[/user/info],methods=[GET]}}
2019-01-22 17:11:13,381 - 19624 [restartedMain] INFO  o.s.w.s.m.m.a.RequestMappingHandlerMapping - Mapped "{[/user/info],methods=[GET]}" onto public com.potato369.novel.vo.ResultVO<com.potato369.novel.vo.UserInfoVO> com.potato369.novel.controller.BuyerUserInfoController.info(java.lang.String)
2019-01-22 17:11:13,382 - 19625 [restartedMain] DEBUG o.s.w.s.m.m.a.RequestMappingHandlerMapping - 1 request handler methods found on class com.potato369.novel.controller.BuyerVoiceController: {public synchronized com.potato369.novel.vo.VoiceDataVO com.potato369.novel.controller.BuyerVoiceController.voice(java.lang.String,java.lang.String)={[/voice],methods=[GET]}}
2019-01-22 17:11:13,382 - 19625 [restartedMain] INFO  o.s.w.s.m.m.a.RequestMappingHandlerMapping - Mapped "{[/voice],methods=[GET]}" onto public synchronized com.potato369.novel.vo.VoiceDataVO com.potato369.novel.controller.BuyerVoiceController.voice(java.lang.String,java.lang.String)
2019-01-22 17:11:13,385 - 19628 [restartedMain] DEBUG o.s.w.s.m.m.a.RequestMappingHandlerMapping - 6 request handler methods found on class com.potato369.novel.controller.BuyerWechatController: {public java.lang.String com.potato369.novel.controller.BuyerWechatController.userInfo(java.lang.String,java.lang.String,javax.servlet.http.HttpServletResponse)={[/wechat/userInfo],methods=[GET]}, public java.lang.String com.potato369.novel.controller.BuyerWechatController.authorize(java.lang.String)={[/wechat/authorize],methods=[GET]}, public java.lang.String com.potato369.novel.controller.BuyerWechatController.qrUserInfo(java.lang.String,java.lang.String)={[/wechat/qrUserInfo],methods=[GET]}, public java.lang.String com.potato369.novel.controller.BuyerWechatController.authGet(java.lang.String,java.lang.String,java.lang.String,java.lang.String)={[/wechat/portal],methods=[GET],produces=[text/plain;charset=utf-8]}, public java.lang.String com.potato369.novel.controller.BuyerWechatController.qrAuthorize(java.lang.String)={[/wechat/qrAuthorize],methods=[GET]}, public java.lang.String com.potato369.novel.controller.BuyerWechatController.authPost(java.lang.String,java.lang.String,java.lang.String,java.lang.String,java.lang.String,java.lang.String)={[/wechat/portal],methods=[POST],produces=[application/xml;charset=UTF-8]}}
2019-01-22 17:11:13,392 - 19635 [restartedMain] INFO  o.s.w.s.m.m.a.RequestMappingHandlerMapping - Mapped "{[/wechat/userInfo],methods=[GET]}" onto public java.lang.String com.potato369.novel.controller.BuyerWechatController.userInfo(java.lang.String,java.lang.String,javax.servlet.http.HttpServletResponse)
2019-01-22 17:11:13,394 - 19637 [restartedMain] INFO  o.s.w.s.m.m.a.RequestMappingHandlerMapping - Mapped "{[/wechat/authorize],methods=[GET]}" onto public java.lang.String com.potato369.novel.controller.BuyerWechatController.authorize(java.lang.String)
2019-01-22 17:11:13,394 - 19637 [restartedMain] INFO  o.s.w.s.m.m.a.RequestMappingHandlerMapping - Mapped "{[/wechat/qrUserInfo],methods=[GET]}" onto public java.lang.String com.potato369.novel.controller.BuyerWechatController.qrUserInfo(java.lang.String,java.lang.String)
2019-01-22 17:11:13,395 - 19638 [restartedMain] INFO  o.s.w.s.m.m.a.RequestMappingHandlerMapping - Mapped "{[/wechat/portal],methods=[GET],produces=[text/plain;charset=utf-8]}" onto public java.lang.String com.potato369.novel.controller.BuyerWechatController.authGet(java.lang.String,java.lang.String,java.lang.String,java.lang.String)
2019-01-22 17:11:13,397 - 19640 [restartedMain] INFO  o.s.w.s.m.m.a.RequestMappingHandlerMapping - Mapped "{[/wechat/qrAuthorize],methods=[GET]}" onto public java.lang.String com.potato369.novel.controller.BuyerWechatController.qrAuthorize(java.lang.String)
2019-01-22 17:11:13,398 - 19641 [restartedMain] INFO  o.s.w.s.m.m.a.RequestMappingHandlerMapping - Mapped "{[/wechat/portal],methods=[POST],produces=[application/xml;charset=UTF-8]}" onto public java.lang.String com.potato369.novel.controller.BuyerWechatController.authPost(java.lang.String,java.lang.String,java.lang.String,java.lang.String,java.lang.String,java.lang.String)
2019-01-22 17:11:13,401 - 19644 [restartedMain] DEBUG o.s.w.s.m.m.a.RequestMappingHandlerMapping - 2 request handler methods found on class com.potato369.novel.controller.SellerAdminController: {public org.springframework.web.servlet.ModelAndView com.potato369.novel.controller.SellerAdminController.login(java.lang.String,javax.servlet.http.HttpServletRequest,javax.servlet.http.HttpServletResponse,java.util.Map)={[/seller/login],methods=[GET]}, public org.springframework.web.servlet.ModelAndView com.potato369.novel.controller.SellerAdminController.logout(javax.servlet.http.HttpServletRequest,javax.servlet.http.HttpServletResponse,java.util.Map)={[/seller/logout],methods=[GET]}}
2019-01-22 17:11:13,403 - 19646 [restartedMain] INFO  o.s.w.s.m.m.a.RequestMappingHandlerMapping - Mapped "{[/seller/login],methods=[GET]}" onto public org.springframework.web.servlet.ModelAndView com.potato369.novel.controller.SellerAdminController.login(java.lang.String,javax.servlet.http.HttpServletRequest,javax.servlet.http.HttpServletResponse,java.util.Map<java.lang.String, java.lang.Object>)
2019-01-22 17:11:13,404 - 19647 [restartedMain] INFO  o.s.w.s.m.m.a.RequestMappingHandlerMapping - Mapped "{[/seller/logout],methods=[GET]}" onto public org.springframework.web.servlet.ModelAndView com.potato369.novel.controller.SellerAdminController.logout(javax.servlet.http.HttpServletRequest,javax.servlet.http.HttpServletResponse,java.util.Map<java.lang.String, java.lang.Object>)
2019-01-22 17:11:13,429 - 19672 [restartedMain] DEBUG o.s.w.s.m.m.a.RequestMappingHandlerMapping - 4 request handler methods found on class com.potato369.novel.controller.SellerCategoryController: {public org.springframework.web.servlet.ModelAndView com.potato369.novel.controller.SellerCategoryController.index(java.lang.String,java.util.Map)={[/category/index],methods=[GET]}, public org.springframework.web.servlet.ModelAndView com.potato369.novel.controller.SellerCategoryController.delete(java.lang.String,java.util.Map)={[/category/delete],methods=[GET]}, public org.springframework.web.servlet.ModelAndView com.potato369.novel.controller.SellerCategoryController.list(java.lang.Integer,java.lang.Integer,java.util.Map)={[/category/list],methods=[GET]}, public org.springframework.web.servlet.ModelAndView com.potato369.novel.controller.SellerCategoryController.save(com.potato369.novel.form.CategoryForm,org.springframework.validation.BindingResult,java.util.Map)={[/category/save],methods=[POST]}}
2019-01-22 17:11:13,430 - 19673 [restartedMain] INFO  o.s.w.s.m.m.a.RequestMappingHandlerMapping - Mapped "{[/category/index],methods=[GET]}" onto public org.springframework.web.servlet.ModelAndView com.potato369.novel.controller.SellerCategoryController.index(java.lang.String,java.util.Map<java.lang.String, java.lang.Object>)
2019-01-22 17:11:13,430 - 19673 [restartedMain] INFO  o.s.w.s.m.m.a.RequestMappingHandlerMapping - Mapped "{[/category/delete],methods=[GET]}" onto public org.springframework.web.servlet.ModelAndView com.potato369.novel.controller.SellerCategoryController.delete(java.lang.String,java.util.Map<java.lang.String, java.lang.Object>)
2019-01-22 17:11:13,431 - 19674 [restartedMain] INFO  o.s.w.s.m.m.a.RequestMappingHandlerMapping - Mapped "{[/category/list],methods=[GET]}" onto public org.springframework.web.servlet.ModelAndView com.potato369.novel.controller.SellerCategoryController.list(java.lang.Integer,java.lang.Integer,java.util.Map<java.lang.String, java.lang.Object>)
2019-01-22 17:11:13,431 - 19674 [restartedMain] INFO  o.s.w.s.m.m.a.RequestMappingHandlerMapping - Mapped "{[/category/save],methods=[POST]}" onto public org.springframework.web.servlet.ModelAndView com.potato369.novel.controller.SellerCategoryController.save(com.potato369.novel.form.CategoryForm,org.springframework.validation.BindingResult,java.util.Map<java.lang.String, java.lang.Object>)
2019-01-22 17:11:13,445 - 19688 [restartedMain] DEBUG o.s.w.s.m.m.a.RequestMappingHandlerMapping - 2 request handler methods found on class com.potato369.novel.controller.SellerNovelInfoController: {public org.springframework.web.servlet.ModelAndView com.potato369.novel.controller.SellerNovelInfoController.index()={[/info/index]}, public org.springframework.web.servlet.ModelAndView com.potato369.novel.controller.SellerNovelInfoController.list()={[/info/list]}}
2019-01-22 17:11:13,445 - 19688 [restartedMain] INFO  o.s.w.s.m.m.a.RequestMappingHandlerMapping - Mapped "{[/info/index]}" onto public org.springframework.web.servlet.ModelAndView com.potato369.novel.controller.SellerNovelInfoController.index()
2019-01-22 17:11:13,446 - 19689 [restartedMain] INFO  o.s.w.s.m.m.a.RequestMappingHandlerMapping - Mapped "{[/info/list]}" onto public org.springframework.web.servlet.ModelAndView com.potato369.novel.controller.SellerNovelInfoController.list()
2019-01-22 17:11:13,466 - 19709 [restartedMain] DEBUG o.s.w.s.m.m.a.RequestMappingHandlerMapping - 4 request handler methods found on class com.potato369.novel.controller.SellerOrderController: {public org.springframework.web.servlet.ModelAndView com.potato369.novel.controller.SellerOrderController.list(java.lang.Integer,java.lang.Integer,java.util.Map)={[/order/list],methods=[GET]}, public org.springframework.web.servlet.ModelAndView com.potato369.novel.controller.SellerOrderController.cancel(java.lang.String,java.util.Map)={[/order/cancel],methods=[GET]}, public org.springframework.web.servlet.ModelAndView com.potato369.novel.controller.SellerOrderController.finish(java.lang.String,java.util.Map)={[/order/finish],methods=[GET]}, public org.springframework.web.servlet.ModelAndView com.potato369.novel.controller.SellerOrderController.detail(java.lang.String,java.util.Map)={[/order/detail],methods=[GET]}}
2019-01-22 17:11:13,467 - 19710 [restartedMain] INFO  o.s.w.s.m.m.a.RequestMappingHandlerMapping - Mapped "{[/order/list],methods=[GET]}" onto public org.springframework.web.servlet.ModelAndView com.potato369.novel.controller.SellerOrderController.list(java.lang.Integer,java.lang.Integer,java.util.Map<java.lang.String, java.lang.Object>)
2019-01-22 17:11:13,468 - 19711 [restartedMain] INFO  o.s.w.s.m.m.a.RequestMappingHandlerMapping - Mapped "{[/order/cancel],methods=[GET]}" onto public org.springframework.web.servlet.ModelAndView com.potato369.novel.controller.SellerOrderController.cancel(java.lang.String,java.util.Map<java.lang.String, java.lang.Object>)
2019-01-22 17:11:13,474 - 19717 [restartedMain] INFO  o.s.w.s.m.m.a.RequestMappingHandlerMapping - Mapped "{[/order/finish],methods=[GET]}" onto public org.springframework.web.servlet.ModelAndView com.potato369.novel.controller.SellerOrderController.finish(java.lang.String,java.util.Map<java.lang.String, java.lang.Object>)
2019-01-22 17:11:13,475 - 19718 [restartedMain] INFO  o.s.w.s.m.m.a.RequestMappingHandlerMapping - Mapped "{[/order/detail],methods=[GET]}" onto public org.springframework.web.servlet.ModelAndView com.potato369.novel.controller.SellerOrderController.detail(java.lang.String,java.util.Map<java.lang.String, java.lang.Object>)
2019-01-22 17:11:13,477 - 19720 [restartedMain] DEBUG o.s.w.s.m.m.a.RequestMappingHandlerMapping - 2 request handler methods found on class org.springframework.boot.autoconfigure.web.BasicErrorController: {public org.springframework.http.ResponseEntity org.springframework.boot.autoconfigure.web.BasicErrorController.error(javax.servlet.http.HttpServletRequest)={[/error]}, public org.springframework.web.servlet.ModelAndView org.springframework.boot.autoconfigure.web.BasicErrorController.errorHtml(javax.servlet.http.HttpServletRequest,javax.servlet.http.HttpServletResponse)={[/error],produces=[text/html]}}
2019-01-22 17:11:13,478 - 19721 [restartedMain] INFO  o.s.w.s.m.m.a.RequestMappingHandlerMapping - Mapped "{[/error]}" onto public org.springframework.http.ResponseEntity<java.util.Map<java.lang.String, java.lang.Object>> org.springframework.boot.autoconfigure.web.BasicErrorController.error(javax.servlet.http.HttpServletRequest)
2019-01-22 17:11:13,478 - 19721 [restartedMain] INFO  o.s.w.s.m.m.a.RequestMappingHandlerMapping - Mapped "{[/error],produces=[text/html]}" onto public org.springframework.web.servlet.ModelAndView org.springframework.boot.autoconfigure.web.BasicErrorController.errorHtml(javax.servlet.http.HttpServletRequest,javax.servlet.http.HttpServletResponse)
2019-01-22 17:11:13,606 - 19849 [restartedMain] DEBUG o.s.w.s.h.BeanNameUrlHandlerMapping - Looking for URL mappings in application context: org.springframework.boot.context.embedded.AnnotationConfigEmbeddedWebApplicationContext@456efde1: startup date [Tue Jan 22 17:10:55 CST 2019]; root of context hierarchy
2019-01-22 17:11:13,607 - 19850 [restartedMain] DEBUG o.s.w.s.h.BeanNameUrlHandlerMapping - Rejected bean name 'org.springframework.context.annotation.internalConfigurationAnnotationProcessor': no URL paths identified
2019-01-22 17:11:13,607 - 19850 [restartedMain] DEBUG o.s.w.s.h.BeanNameUrlHandlerMapping - Rejected bean name 'org.springframework.context.annotation.internalAutowiredAnnotationProcessor': no URL paths identified
2019-01-22 17:11:13,607 - 19850 [restartedMain] DEBUG o.s.w.s.h.BeanNameUrlHandlerMapping - Rejected bean name 'org.springframework.context.annotation.internalRequiredAnnotationProcessor': no URL paths identified
2019-01-22 17:11:13,607 - 19850 [restartedMain] DEBUG o.s.w.s.h.BeanNameUrlHandlerMapping - Rejected bean name 'org.springframework.context.annotation.internalCommonAnnotationProcessor': no URL paths identified
2019-01-22 17:11:13,607 - 19850 [restartedMain] DEBUG o.s.w.s.h.BeanNameUrlHandlerMapping - Rejected bean name 'org.springframework.context.annotation.internalPersistenceAnnotationProcessor': no URL paths identified
2019-01-22 17:11:13,607 - 19850 [restartedMain] DEBUG o.s.w.s.h.BeanNameUrlHandlerMapping - Rejected bean name 'org.springframework.context.event.internalEventListenerProcessor': no URL paths identified
2019-01-22 17:11:13,607 - 19850 [restartedMain] DEBUG o.s.w.s.h.BeanNameUrlHandlerMapping - Rejected bean name 'org.springframework.context.event.internalEventListenerFactory': no URL paths identified
2019-01-22 17:11:13,608 - 19851 [restartedMain] DEBUG o.s.w.s.h.BeanNameUrlHandlerMapping - Rejected bean name 'novelApplication': no URL paths identified
2019-01-22 17:11:13,608 - 19851 [restartedMain] DEBUG o.s.w.s.h.BeanNameUrlHandlerMapping - Rejected bean name 'org.springframework.boot.autoconfigure.internalCachingMetadataReaderFactory': no URL paths identified
2019-01-22 17:11:13,608 - 19851 [restartedMain] DEBUG o.s.w.s.h.BeanNameUrlHandlerMapping - Rejected bean name 'novelBuyerAuthorizeAspect': no URL paths identified
2019-01-22 17:11:13,608 - 19851 [restartedMain] DEBUG o.s.w.s.h.BeanNameUrlHandlerMapping - Rejected bean name 'novelHttpAuthorizeAspect': no URL paths identified
2019-01-22 17:11:13,608 - 19851 [restartedMain] DEBUG o.s.w.s.h.BeanNameUrlHandlerMapping - Rejected bean name 'novelSellerAuthorizeAspect': no URL paths identified
2019-01-22 17:11:13,608 - 19851 [restartedMain] DEBUG o.s.w.s.h.BeanNameUrlHandlerMapping - Rejected bean name 'druidConfig': no URL paths identified
2019-01-22 17:11:13,608 - 19851 [restartedMain] DEBUG o.s.w.s.h.BeanNameUrlHandlerMapping - Rejected bean name 'druidProperties': no URL paths identified
2019-01-22 17:11:13,609 - 19852 [restartedMain] DEBUG o.s.w.s.h.BeanNameUrlHandlerMapping - Rejected bean name 'projectUrlProperties': no URL paths identified
2019-01-22 17:11:13,609 - 19852 [restartedMain] DEBUG o.s.w.s.h.BeanNameUrlHandlerMapping - Rejected bean name 'weChatMpProperties': no URL paths identified
2019-01-22 17:11:13,609 - 19852 [restartedMain] DEBUG o.s.w.s.h.BeanNameUrlHandlerMapping - Rejected bean name 'XFYunProperties': no URL paths identified
2019-01-22 17:11:13,609 - 19852 [restartedMain] DEBUG o.s.w.s.h.BeanNameUrlHandlerMapping - Rejected bean name 'webSocketConfig': no URL paths identified
2019-01-22 17:11:13,609 - 19852 [restartedMain] DEBUG o.s.w.s.h.BeanNameUrlHandlerMapping - Rejected bean name 'weChatMpConfig': no URL paths identified
2019-01-22 17:11:13,609 - 19852 [restartedMain] DEBUG o.s.w.s.h.BeanNameUrlHandlerMapping - Rejected bean name 'weChatPayConfig': no URL paths identified
2019-01-22 17:11:13,609 - 19852 [restartedMain] DEBUG o.s.w.s.h.BeanNameUrlHandlerMapping - Rejected bean name 'buyerNovelInfoController': no URL paths identified
2019-01-22 17:11:13,609 - 19852 [restartedMain] DEBUG o.s.w.s.h.BeanNameUrlHandlerMapping - Rejected bean name 'buyerPayController': no URL paths identified
2019-01-22 17:11:13,609 - 19852 [restartedMain] DEBUG o.s.w.s.h.BeanNameUrlHandlerMapping - Rejected bean name 'buyerUserInfoController': no URL paths identified
2019-01-22 17:11:13,609 - 19852 [restartedMain] DEBUG o.s.w.s.h.BeanNameUrlHandlerMapping - Rejected bean name 'buyerVoiceController': no URL paths identified
2019-01-22 17:11:13,609 - 19852 [restartedMain] DEBUG o.s.w.s.h.BeanNameUrlHandlerMapping - Rejected bean name 'buyerWechatController': no URL paths identified
2019-01-22 17:11:13,609 - 19852 [restartedMain] DEBUG o.s.w.s.h.BeanNameUrlHandlerMapping - Rejected bean name 'sellerAdminController': no URL paths identified
2019-01-22 17:11:13,615 - 19858 [restartedMain] DEBUG o.s.w.s.h.BeanNameUrlHandlerMapping - Rejected bean name 'sellerCategoryController': no URL paths identified
2019-01-22 17:11:13,615 - 19858 [restartedMain] DEBUG o.s.w.s.h.BeanNameUrlHandlerMapping - Rejected bean name 'sellerNovelInfoController': no URL paths identified
2019-01-22 17:11:13,615 - 19858 [restartedMain] DEBUG o.s.w.s.h.BeanNameUrlHandlerMapping - Rejected bean name 'sellerOrderController': no URL paths identified
2019-01-22 17:11:13,616 - 19859 [restartedMain] DEBUG o.s.w.s.h.BeanNameUrlHandlerMapping - Rejected bean name 'kfSessionHandler': no URL paths identified
2019-01-22 17:11:13,618 - 19861 [restartedMain] DEBUG o.s.w.s.h.BeanNameUrlHandlerMapping - Rejected bean name 'locationHandler': no URL paths identified
2019-01-22 17:11:13,621 - 19864 [restartedMain] DEBUG o.s.w.s.h.BeanNameUrlHandlerMapping - Rejected bean name 'logHandler': no URL paths identified
2019-01-22 17:11:13,621 - 19864 [restartedMain] DEBUG o.s.w.s.h.BeanNameUrlHandlerMapping - Rejected bean name 'menuHandler': no URL paths identified
2019-01-22 17:11:13,633 - 19876 [restartedMain] DEBUG o.s.w.s.h.BeanNameUrlHandlerMapping - Rejected bean name 'msgHandler': no URL paths identified
2019-01-22 17:11:13,644 - 19887 [restartedMain] DEBUG o.s.w.s.h.BeanNameUrlHandlerMapping - Rejected bean name 'nullHandler': no URL paths identified
2019-01-22 17:11:13,645 - 19888 [restartedMain] DEBUG o.s.w.s.h.BeanNameUrlHandlerMapping - Rejected bean name 'storeCheckNotifyHandler': no URL paths identified
2019-01-22 17:11:13,646 - 19889 [restartedMain] DEBUG o.s.w.s.h.BeanNameUrlHandlerMapping - Rejected bean name 'subscribeHandler': no URL paths identified
2019-01-22 17:11:13,646 - 19889 [restartedMain] DEBUG o.s.w.s.h.BeanNameUrlHandlerMapping - Rejected bean name 'unsubscribeHandler': no URL paths identified
2019-01-22 17:11:13,646 - 19889 [restartedMain] DEBUG o.s.w.s.h.BeanNameUrlHandlerMapping - Rejected bean name 'redisManager': no URL paths identified
2019-01-22 17:11:13,646 - 19889 [restartedMain] DEBUG o.s.w.s.h.BeanNameUrlHandlerMapping - Rejected bean name 'categoryServiceImpl': no URL paths identified
2019-01-22 17:11:13,646 - 19889 [restartedMain] DEBUG o.s.w.s.h.BeanNameUrlHandlerMapping - Rejected bean name 'novelInfoServiceImpl': no URL paths identified
2019-01-22 17:11:13,646 - 19889 [restartedMain] DEBUG o.s.w.s.h.BeanNameUrlHandlerMapping - Rejected bean name 'orderDetailServiceImpl': no URL paths identified
2019-01-22 17:11:13,646 - 19889 [restartedMain] DEBUG o.s.w.s.h.BeanNameUrlHandlerMapping - Rejected bean name 'orderServiceImpl': no URL paths identified
2019-01-22 17:11:13,646 - 19889 [restartedMain] DEBUG o.s.w.s.h.BeanNameUrlHandlerMapping - Rejected bean name 'payServiceImpl': no URL paths identified
2019-01-22 17:11:13,646 - 19889 [restartedMain] DEBUG o.s.w.s.h.BeanNameUrlHandlerMapping - Rejected bean name 'productServiceImpl': no URL paths identified
2019-01-22 17:11:13,646 - 19889 [restartedMain] DEBUG o.s.w.s.h.BeanNameUrlHandlerMapping - Rejected bean name 'pushMessageServiceImpl': no URL paths identified
2019-01-22 17:11:13,646 - 19889 [restartedMain] DEBUG o.s.w.s.h.BeanNameUrlHandlerMapping - Rejected bean name 'sellerServiceImpl': no URL paths identified
2019-01-22 17:11:13,647 - 19890 [restartedMain] DEBUG o.s.w.s.h.BeanNameUrlHandlerMapping - Rejected bean name 'userInfoServiceImpl': no URL paths identified
2019-01-22 17:11:13,647 - 19890 [restartedMain] DEBUG o.s.w.s.h.BeanNameUrlHandlerMapping - Rejected bean name 'webSocket': no URL paths identified
2019-01-22 17:11:13,647 - 19890 [restartedMain] DEBUG o.s.w.s.h.BeanNameUrlHandlerMapping - Rejected bean name 'myDynamicTask': no URL paths identified
2019-01-22 17:11:13,647 - 19890 [restartedMain] DEBUG o.s.w.s.h.BeanNameUrlHandlerMapping - Rejected bean name 'dataSource': no URL paths identified
2019-01-22 17:11:13,647 - 19890 [restartedMain] DEBUG o.s.w.s.h.BeanNameUrlHandlerMapping - Rejected bean name 'druidServlet': no URL paths identified
2019-01-22 17:11:13,647 - 19890 [restartedMain] DEBUG o.s.w.s.h.BeanNameUrlHandlerMapping - Rejected bean name 'statFilter': no URL paths identified
2019-01-22 17:11:13,647 - 19890 [restartedMain] DEBUG o.s.w.s.h.BeanNameUrlHandlerMapping - Rejected bean name 'org.springframework.web.socket.config.annotation.DelegatingWebSocketConfiguration': no URL paths identified
2019-01-22 17:11:13,647 - 19890 [restartedMain] DEBUG o.s.w.s.h.BeanNameUrlHandlerMapping - Rejected bean name 'webSocketHandlerMapping': no URL paths identified
2019-01-22 17:11:13,647 - 19890 [restartedMain] DEBUG o.s.w.s.h.BeanNameUrlHandlerMapping - Rejected bean name 'defaultSockJsTaskScheduler': no URL paths identified
2019-01-22 17:11:13,648 - 19891 [restartedMain] DEBUG o.s.w.s.h.BeanNameUrlHandlerMapping - Rejected bean name 'serverEndpointExporter': no URL paths identified
2019-01-22 17:11:13,648 - 19891 [restartedMain] DEBUG o.s.w.s.h.BeanNameUrlHandlerMapping - Rejected bean name 'org.springframework.boot.autoconfigure.condition.BeanTypeRegistry': no URL paths identified
2019-01-22 17:11:13,648 - 19891 [restartedMain] DEBUG o.s.w.s.h.BeanNameUrlHandlerMapping - Rejected bean name 'wxMpConfigStorage': no URL paths identified
2019-01-22 17:11:13,648 - 19891 [restartedMain] DEBUG o.s.w.s.h.BeanNameUrlHandlerMapping - Rejected bean name 'wxMpService': no URL paths identified
2019-01-22 17:11:13,648 - 19891 [restartedMain] DEBUG o.s.w.s.h.BeanNameUrlHandlerMapping - Rejected bean name 'router': no URL paths identified
2019-01-22 17:11:13,648 - 19891 [restartedMain] DEBUG o.s.w.s.h.BeanNameUrlHandlerMapping - Rejected bean name 'bestPayService': no URL paths identified
2019-01-22 17:11:13,649 - 19892 [restartedMain] DEBUG o.s.w.s.h.BeanNameUrlHandlerMapping - Rejected bean name 'wxPayH5Config': no URL paths identified
2019-01-22 17:11:13,650 - 19893 [restartedMain] DEBUG o.s.w.s.h.BeanNameUrlHandlerMapping - Rejected bean name 'org.springframework.cache.annotation.ProxyCachingConfiguration': no URL paths identified
2019-01-22 17:11:13,650 - 19893 [restartedMain] DEBUG o.s.w.s.h.BeanNameUrlHandlerMapping - Rejected bean name 'org.springframework.cache.config.internalCacheAdvisor': no URL paths identified
2019-01-22 17:11:13,650 - 19893 [restartedMain] DEBUG o.s.w.s.h.BeanNameUrlHandlerMapping - Rejected bean name 'cacheOperationSource': no URL paths identified
2019-01-22 17:11:13,650 - 19893 [restartedMain] DEBUG o.s.w.s.h.BeanNameUrlHandlerMapping - Rejected bean name 'cacheInterceptor': no URL paths identified
2019-01-22 17:11:13,650 - 19893 [restartedMain] DEBUG o.s.w.s.h.BeanNameUrlHandlerMapping - Rejected bean name 'org.springframework.scheduling.annotation.SchedulingConfiguration': no URL paths identified
2019-01-22 17:11:13,650 - 19893 [restartedMain] DEBUG o.s.w.s.h.BeanNameUrlHandlerMapping - Rejected bean name 'org.springframework.context.annotation.internalScheduledAnnotationProcessor': no URL paths identified
2019-01-22 17:11:13,650 - 19893 [restartedMain] DEBUG o.s.w.s.h.BeanNameUrlHandlerMapping - Rejected bean name 'org.springframework.aop.config.internalAutoProxyCreator': no URL paths identified
2019-01-22 17:11:13,650 - 19893 [restartedMain] DEBUG o.s.w.s.h.BeanNameUrlHandlerMapping - Rejected bean name 'org.springframework.boot.autoconfigure.AutoConfigurationPackages': no URL paths identified
2019-01-22 17:11:13,650 - 19893 [restartedMain] DEBUG o.s.w.s.h.BeanNameUrlHandlerMapping - Rejected bean name 'org.springframework.boot.autoconfigure.context.PropertyPlaceholderAutoConfiguration': no URL paths identified
2019-01-22 17:11:13,651 - 19894 [restartedMain] DEBUG o.s.w.s.h.BeanNameUrlHandlerMapping - Rejected bean name 'propertySourcesPlaceholderConfigurer': no URL paths identified
2019-01-22 17:11:13,651 - 19894 [restartedMain] DEBUG o.s.w.s.h.BeanNameUrlHandlerMapping - Rejected bean name 'org.springframework.boot.autoconfigure.jackson.JacksonAutoConfiguration$Jackson2ObjectMapperBuilderCustomizerConfiguration': no URL paths identified
2019-01-22 17:11:13,651 - 19894 [restartedMain] DEBUG o.s.w.s.h.BeanNameUrlHandlerMapping - Rejected bean name 'standardJacksonObjectMapperBuilderCustomizer': no URL paths identified
2019-01-22 17:11:13,651 - 19894 [restartedMain] DEBUG o.s.w.s.h.BeanNameUrlHandlerMapping - Rejected bean name 'spring.jackson-org.springframework.boot.autoconfigure.jackson.JacksonProperties': no URL paths identified
2019-01-22 17:11:13,651 - 19894 [restartedMain] DEBUG o.s.w.s.h.BeanNameUrlHandlerMapping - Rejected bean name 'org.springframework.boot.context.properties.ConfigurationPropertiesBindingPostProcessor': no URL paths identified
2019-01-22 17:11:13,651 - 19894 [restartedMain] DEBUG o.s.w.s.h.BeanNameUrlHandlerMapping - Rejected bean name 'org.springframework.boot.context.properties.ConfigurationPropertiesBindingPostProcessor.store': no URL paths identified
2019-01-22 17:11:13,651 - 19894 [restartedMain] DEBUG o.s.w.s.h.BeanNameUrlHandlerMapping - Rejected bean name 'org.springframework.boot.autoconfigure.jackson.JacksonAutoConfiguration$JacksonObjectMapperBuilderConfiguration': no URL paths identified
2019-01-22 17:11:13,651 - 19894 [restartedMain] DEBUG o.s.w.s.h.BeanNameUrlHandlerMapping - Rejected bean name 'jacksonObjectMapperBuilder': no URL paths identified
2019-01-22 17:11:13,651 - 19894 [restartedMain] DEBUG o.s.w.s.h.BeanNameUrlHandlerMapping - Rejected bean name 'org.springframework.boot.autoconfigure.jackson.JacksonAutoConfiguration$JacksonObjectMapperConfiguration': no URL paths identified
2019-01-22 17:11:13,651 - 19894 [restartedMain] DEBUG o.s.w.s.h.BeanNameUrlHandlerMapping - Rejected bean name 'jacksonObjectMapper': no URL paths identified
2019-01-22 17:11:13,652 - 19895 [restartedMain] DEBUG o.s.w.s.h.BeanNameUrlHandlerMapping - Rejected bean name 'org.springframework.boot.autoconfigure.jackson.JacksonAutoConfiguration': no URL paths identified
2019-01-22 17:11:13,652 - 19895 [restartedMain] DEBUG o.s.w.s.h.BeanNameUrlHandlerMapping - Rejected bean name 'jsonComponentModule': no URL paths identified
2019-01-22 17:11:13,652 - 19895 [restartedMain] DEBUG o.s.w.s.h.BeanNameUrlHandlerMapping - Rejected bean name 'org.springframework.boot.autoconfigure.websocket.WebSocketAutoConfiguration$TomcatWebSocketConfiguration': no URL paths identified
2019-01-22 17:11:13,653 - 19896 [restartedMain] DEBUG o.s.w.s.h.BeanNameUrlHandlerMapping - Rejected bean name 'websocketContainerCustomizer': no URL paths identified
2019-01-22 17:11:13,653 - 19896 [restartedMain] DEBUG o.s.w.s.h.BeanNameUrlHandlerMapping - Rejected bean name 'org.springframework.boot.autoconfigure.websocket.WebSocketAutoConfiguration': no URL paths identified
2019-01-22 17:11:13,654 - 19897 [restartedMain] DEBUG o.s.w.s.h.BeanNameUrlHandlerMapping - Rejected bean name 'org.springframework.boot.autoconfigure.web.EmbeddedServletContainerAutoConfiguration$EmbeddedTomcat': no URL paths identified
2019-01-22 17:11:13,654 - 19897 [restartedMain] DEBUG o.s.w.s.h.BeanNameUrlHandlerMapping - Rejected bean name 'tomcatEmbeddedServletContainerFactory': no URL paths identified
2019-01-22 17:11:13,654 - 19897 [restartedMain] DEBUG o.s.w.s.h.BeanNameUrlHandlerMapping - Rejected bean name 'org.springframework.boot.autoconfigure.web.EmbeddedServletContainerAutoConfiguration': no URL paths identified
2019-01-22 17:11:13,654 - 19897 [restartedMain] DEBUG o.s.w.s.h.BeanNameUrlHandlerMapping - Rejected bean name 'embeddedServletContainerCustomizerBeanPostProcessor': no URL paths identified
2019-01-22 17:11:13,654 - 19897 [restartedMain] DEBUG o.s.w.s.h.BeanNameUrlHandlerMapping - Rejected bean name 'errorPageRegistrarBeanPostProcessor': no URL paths identified
2019-01-22 17:11:13,654 - 19897 [restartedMain] DEBUG o.s.w.s.h.BeanNameUrlHandlerMapping - Rejected bean name 'org.springframework.boot.autoconfigure.web.DispatcherServletAutoConfiguration$DispatcherServletConfiguration': no URL paths identified
2019-01-22 17:11:13,655 - 19898 [restartedMain] DEBUG o.s.w.s.h.BeanNameUrlHandlerMapping - Rejected bean name 'dispatcherServlet': no URL paths identified
2019-01-22 17:11:13,655 - 19898 [restartedMain] DEBUG o.s.w.s.h.BeanNameUrlHandlerMapping - Rejected bean name 'spring.mvc-org.springframework.boot.autoconfigure.web.WebMvcProperties': no URL paths identified
2019-01-22 17:11:13,674 - 19917 [restartedMain] DEBUG o.s.w.s.h.BeanNameUrlHandlerMapping - Rejected bean name 'org.springframework.boot.autoconfigure.web.DispatcherServletAutoConfiguration$DispatcherServletRegistrationConfiguration': no URL paths identified
2019-01-22 17:11:13,675 - 19918 [restartedMain] DEBUG o.s.w.s.h.BeanNameUrlHandlerMapping - Rejected bean name 'dispatcherServletRegistration': no URL paths identified
2019-01-22 17:11:13,675 - 19918 [restartedMain] DEBUG o.s.w.s.h.BeanNameUrlHandlerMapping - Rejected bean name 'org.springframework.boot.autoconfigure.web.DispatcherServletAutoConfiguration': no URL paths identified
2019-01-22 17:11:13,676 - 19919 [restartedMain] DEBUG o.s.w.s.h.BeanNameUrlHandlerMapping - Rejected bean name 'org.springframework.boot.autoconfigure.validation.ValidationAutoConfiguration': no URL paths identified
2019-01-22 17:11:13,676 - 19919 [restartedMain] DEBUG o.s.w.s.h.BeanNameUrlHandlerMapping - Rejected bean name 'defaultValidator': no URL paths identified
2019-01-22 17:11:13,676 - 19919 [restartedMain] DEBUG o.s.w.s.h.BeanNameUrlHandlerMapping - Rejected bean name 'methodValidationPostProcessor': no URL paths identified
2019-01-22 17:11:13,676 - 19919 [restartedMain] DEBUG o.s.w.s.h.BeanNameUrlHandlerMapping - Rejected bean name 'org.springframework.boot.autoconfigure.web.ErrorMvcAutoConfiguration$WhitelabelErrorViewConfiguration': no URL paths identified
2019-01-22 17:11:13,676 - 19919 [restartedMain] DEBUG o.s.w.s.h.BeanNameUrlHandlerMapping - Rejected bean name 'error': no URL paths identified
2019-01-22 17:11:13,677 - 19920 [restartedMain] DEBUG o.s.w.s.h.BeanNameUrlHandlerMapping - Rejected bean name 'beanNameViewResolver': no URL paths identified
2019-01-22 17:11:13,677 - 19920 [restartedMain] DEBUG o.s.w.s.h.BeanNameUrlHandlerMapping - Rejected bean name 'org.springframework.boot.autoconfigure.web.ErrorMvcAutoConfiguration$DefaultErrorViewResolverConfiguration': no URL paths identified
2019-01-22 17:11:13,677 - 19920 [restartedMain] DEBUG o.s.w.s.h.BeanNameUrlHandlerMapping - Rejected bean name 'conventionErrorViewResolver': no URL paths identified
2019-01-22 17:11:13,677 - 19920 [restartedMain] DEBUG o.s.w.s.h.BeanNameUrlHandlerMapping - Rejected bean name 'org.springframework.boot.autoconfigure.web.ErrorMvcAutoConfiguration': no URL paths identified
2019-01-22 17:11:13,677 - 19920 [restartedMain] DEBUG o.s.w.s.h.BeanNameUrlHandlerMapping - Rejected bean name 'errorAttributes': no URL paths identified
2019-01-22 17:11:13,677 - 19920 [restartedMain] DEBUG o.s.w.s.h.BeanNameUrlHandlerMapping - Rejected bean name 'basicErrorController': no URL paths identified
2019-01-22 17:11:13,677 - 19920 [restartedMain] DEBUG o.s.w.s.h.BeanNameUrlHandlerMapping - Rejected bean name 'errorPageCustomizer': no URL paths identified
2019-01-22 17:11:13,677 - 19920 [restartedMain] DEBUG o.s.w.s.h.BeanNameUrlHandlerMapping - Rejected bean name 'preserveErrorControllerTargetClassPostProcessor': no URL paths identified
2019-01-22 17:11:13,677 - 19920 [restartedMain] DEBUG o.s.w.s.h.BeanNameUrlHandlerMapping - Rejected bean name 'spring.resources-org.springframework.boot.autoconfigure.web.ResourceProperties': no URL paths identified
2019-01-22 17:11:13,677 - 19920 [restartedMain] DEBUG o.s.w.s.h.BeanNameUrlHandlerMapping - Rejected bean name 'org.springframework.boot.autoconfigure.web.WebMvcAutoConfiguration$EnableWebMvcConfiguration': no URL paths identified
2019-01-22 17:11:13,677 - 19920 [restartedMain] DEBUG o.s.w.s.h.BeanNameUrlHandlerMapping - Rejected bean name 'requestMappingHandlerAdapter': no URL paths identified
2019-01-22 17:11:13,677 - 19920 [restartedMain] DEBUG o.s.w.s.h.BeanNameUrlHandlerMapping - Rejected bean name 'requestMappingHandlerMapping': no URL paths identified
2019-01-22 17:11:13,678 - 19921 [restartedMain] DEBUG o.s.w.s.h.BeanNameUrlHandlerMapping - Rejected bean name 'mvcValidator': no URL paths identified
2019-01-22 17:11:13,678 - 19921 [restartedMain] DEBUG o.s.w.s.h.BeanNameUrlHandlerMapping - Rejected bean name 'mvcContentNegotiationManager': no URL paths identified
2019-01-22 17:11:13,678 - 19921 [restartedMain] DEBUG o.s.w.s.h.BeanNameUrlHandlerMapping - Rejected bean name 'mvcPathMatcher': no URL paths identified
2019-01-22 17:11:13,678 - 19921 [restartedMain] DEBUG o.s.w.s.h.BeanNameUrlHandlerMapping - Rejected bean name 'mvcUrlPathHelper': no URL paths identified
2019-01-22 17:11:13,678 - 19921 [restartedMain] DEBUG o.s.w.s.h.BeanNameUrlHandlerMapping - Rejected bean name 'viewControllerHandlerMapping': no URL paths identified
2019-01-22 17:11:13,678 - 19921 [restartedMain] DEBUG o.s.w.s.h.BeanNameUrlHandlerMapping - Rejected bean name 'beanNameHandlerMapping': no URL paths identified
2019-01-22 17:11:13,678 - 19921 [restartedMain] DEBUG o.s.w.s.h.BeanNameUrlHandlerMapping - Rejected bean name 'resourceHandlerMapping': no URL paths identified
2019-01-22 17:11:13,678 - 19921 [restartedMain] DEBUG o.s.w.s.h.BeanNameUrlHandlerMapping - Rejected bean name 'mvcResourceUrlProvider': no URL paths identified
2019-01-22 17:11:13,678 - 19921 [restartedMain] DEBUG o.s.w.s.h.BeanNameUrlHandlerMapping - Rejected bean name 'defaultServletHandlerMapping': no URL paths identified
2019-01-22 17:11:13,678 - 19921 [restartedMain] DEBUG o.s.w.s.h.BeanNameUrlHandlerMapping - Rejected bean name 'mvcConversionService': no URL paths identified
2019-01-22 17:11:13,678 - 19921 [restartedMain] DEBUG o.s.w.s.h.BeanNameUrlHandlerMapping - Rejected bean name 'mvcUriComponentsContributor': no URL paths identified
2019-01-22 17:11:13,679 - 19922 [restartedMain] DEBUG o.s.w.s.h.BeanNameUrlHandlerMapping - Rejected bean name 'httpRequestHandlerAdapter': no URL paths identified
2019-01-22 17:11:13,679 - 19922 [restartedMain] DEBUG o.s.w.s.h.BeanNameUrlHandlerMapping - Rejected bean name 'simpleControllerHandlerAdapter': no URL paths identified
2019-01-22 17:11:13,679 - 19922 [restartedMain] DEBUG o.s.w.s.h.BeanNameUrlHandlerMapping - Rejected bean name 'handlerExceptionResolver': no URL paths identified
2019-01-22 17:11:13,679 - 19922 [restartedMain] DEBUG o.s.w.s.h.BeanNameUrlHandlerMapping - Rejected bean name 'mvcViewResolver': no URL paths identified
2019-01-22 17:11:13,680 - 19923 [restartedMain] DEBUG o.s.w.s.h.BeanNameUrlHandlerMapping - Rejected bean name 'mvcHandlerMappingIntrospector': no URL paths identified
2019-01-22 17:11:13,680 - 19923 [restartedMain] DEBUG o.s.w.s.h.BeanNameUrlHandlerMapping - Rejected bean name 'org.springframework.boot.autoconfigure.web.WebMvcAutoConfiguration$WebMvcAutoConfigurationAdapter$FaviconConfiguration': no URL paths identified
2019-01-22 17:11:13,680 - 19923 [restartedMain] DEBUG o.s.w.s.h.BeanNameUrlHandlerMapping - Rejected bean name 'faviconHandlerMapping': no URL paths identified
2019-01-22 17:11:13,680 - 19923 [restartedMain] DEBUG o.s.w.s.h.BeanNameUrlHandlerMapping - Rejected bean name 'faviconRequestHandler': no URL paths identified
2019-01-22 17:11:13,680 - 19923 [restartedMain] DEBUG o.s.w.s.h.BeanNameUrlHandlerMapping - Rejected bean name 'org.springframework.boot.autoconfigure.web.WebMvcAutoConfiguration$WebMvcAutoConfigurationAdapter': no URL paths identified
2019-01-22 17:11:13,680 - 19923 [restartedMain] DEBUG o.s.w.s.h.BeanNameUrlHandlerMapping - Rejected bean name 'defaultViewResolver': no URL paths identified
2019-01-22 17:11:13,680 - 19923 [restartedMain] DEBUG o.s.w.s.h.BeanNameUrlHandlerMapping - Rejected bean name 'viewResolver': no URL paths identified
2019-01-22 17:11:13,680 - 19923 [restartedMain] DEBUG o.s.w.s.h.BeanNameUrlHandlerMapping - Rejected bean name 'welcomePageHandlerMapping': no URL paths identified
2019-01-22 17:11:13,680 - 19923 [restartedMain] DEBUG o.s.w.s.h.BeanNameUrlHandlerMapping - Rejected bean name 'requestContextFilter': no URL paths identified
2019-01-22 17:11:13,680 - 19923 [restartedMain] DEBUG o.s.w.s.h.BeanNameUrlHandlerMapping - Rejected bean name 'org.springframework.boot.autoconfigure.web.WebMvcAutoConfiguration': no URL paths identified
2019-01-22 17:11:13,680 - 19923 [restartedMain] DEBUG o.s.w.s.h.BeanNameUrlHandlerMapping - Rejected bean name 'hiddenHttpMethodFilter': no URL paths identified
2019-01-22 17:11:13,680 - 19923 [restartedMain] DEBUG o.s.w.s.h.BeanNameUrlHandlerMapping - Rejected bean name 'httpPutFormContentFilter': no URL paths identified
2019-01-22 17:11:13,680 - 19923 [restartedMain] DEBUG o.s.w.s.h.BeanNameUrlHandlerMapping - Rejected bean name 'com.alibaba.druid.spring.boot.autoconfigure.stat.DruidStatViewServletConfiguration': no URL paths identified
2019-01-22 17:11:13,680 - 19923 [restartedMain] DEBUG o.s.w.s.h.BeanNameUrlHandlerMapping - Rejected bean name 'statViewServletRegistrationBean': no URL paths identified
2019-01-22 17:11:13,680 - 19923 [restartedMain] DEBUG o.s.w.s.h.BeanNameUrlHandlerMapping - Rejected bean name 'com.alibaba.druid.spring.boot.autoconfigure.stat.DruidWebStatFilterConfiguration': no URL paths identified
2019-01-22 17:11:13,680 - 19923 [restartedMain] DEBUG o.s.w.s.h.BeanNameUrlHandlerMapping - Rejected bean name 'webStatFilterRegistrationBean': no URL paths identified
2019-01-22 17:11:13,680 - 19923 [restartedMain] DEBUG o.s.w.s.h.BeanNameUrlHandlerMapping - Rejected bean name 'com.alibaba.druid.spring.boot.autoconfigure.stat.DruidFilterConfiguration': no URL paths identified
2019-01-22 17:11:13,680 - 19923 [restartedMain] DEBUG o.s.w.s.h.BeanNameUrlHandlerMapping - Rejected bean name 'com.alibaba.druid.spring.boot.autoconfigure.DruidDataSourceAutoConfigure': no URL paths identified
2019-01-22 17:11:13,681 - 19924 [restartedMain] DEBUG o.s.w.s.h.BeanNameUrlHandlerMapping - Rejected bean name 'spring.datasource.druid-com.alibaba.druid.spring.boot.autoconfigure.properties.DruidStatProperties': no URL paths identified
2019-01-22 17:11:13,681 - 19924 [restartedMain] DEBUG o.s.w.s.h.BeanNameUrlHandlerMapping - Rejected bean name 'spring.datasource-org.springframework.boot.autoconfigure.jdbc.DataSourceProperties': no URL paths identified
2019-01-22 17:11:13,681 - 19924 [restartedMain] DEBUG o.s.w.s.h.BeanNameUrlHandlerMapping - Rejected bean name 'org.springframework.boot.autoconfigure.transaction.jta.JtaAutoConfiguration': no URL paths identified
2019-01-22 17:11:13,681 - 19924 [restartedMain] DEBUG o.s.w.s.h.BeanNameUrlHandlerMapping - Rejected bean name 'spring.jta-org.springframework.boot.autoconfigure.transaction.jta.JtaProperties': no URL paths identified
2019-01-22 17:11:13,681 - 19924 [restartedMain] DEBUG o.s.w.s.h.BeanNameUrlHandlerMapping - Rejected bean name 'org.springframework.boot.autoconfigure.jdbc.metadata.DataSourcePoolMetadataProvidersConfiguration$TomcatDataSourcePoolMetadataProviderConfiguration': no URL paths identified
2019-01-22 17:11:13,681 - 19924 [restartedMain] DEBUG o.s.w.s.h.BeanNameUrlHandlerMapping - Rejected bean name 'tomcatPoolDataSourceMetadataProvider': no URL paths identified
2019-01-22 17:11:13,681 - 19924 [restartedMain] DEBUG o.s.w.s.h.BeanNameUrlHandlerMapping - Rejected bean name 'org.springframework.boot.autoconfigure.jdbc.metadata.DataSourcePoolMetadataProvidersConfiguration': no URL paths identified
2019-01-22 17:11:13,681 - 19924 [restartedMain] DEBUG o.s.w.s.h.BeanNameUrlHandlerMapping - Rejected bean name 'org.springframework.boot.autoconfigure.jdbc.DataSourceAutoConfiguration': no URL paths identified
2019-01-22 17:11:13,681 - 19924 [restartedMain] DEBUG o.s.w.s.h.BeanNameUrlHandlerMapping - Rejected bean name 'dataSourceInitializer': no URL paths identified
2019-01-22 17:11:13,681 - 19924 [restartedMain] DEBUG o.s.w.s.h.BeanNameUrlHandlerMapping - Rejected bean name 'dataSourceInitializerPostProcessor': no URL paths identified
2019-01-22 17:11:13,681 - 19924 [restartedMain] DEBUG o.s.w.s.h.BeanNameUrlHandlerMapping - Rejected bean name 'org.mybatis.spring.boot.autoconfigure.MybatisAutoConfiguration$MapperScannerRegistrarNotFoundConfiguration': no URL paths identified
2019-01-22 17:11:13,682 - 19925 [restartedMain] DEBUG o.s.w.s.h.BeanNameUrlHandlerMapping - Rejected bean name 'org.mybatis.spring.boot.autoconfigure.MybatisAutoConfiguration': no URL paths identified
2019-01-22 17:11:13,682 - 19925 [restartedMain] DEBUG o.s.w.s.h.BeanNameUrlHandlerMapping - Rejected bean name 'sqlSessionFactory': no URL paths identified
2019-01-22 17:11:13,682 - 19925 [restartedMain] DEBUG o.s.w.s.h.BeanNameUrlHandlerMapping - Rejected bean name 'sqlSessionTemplate': no URL paths identified
2019-01-22 17:11:13,682 - 19925 [restartedMain] DEBUG o.s.w.s.h.BeanNameUrlHandlerMapping - Rejected bean name 'mybatis-org.mybatis.spring.boot.autoconfigure.MybatisProperties': no URL paths identified
2019-01-22 17:11:13,682 - 19925 [restartedMain] DEBUG o.s.w.s.h.BeanNameUrlHandlerMapping - Rejected bean name 'org.springframework.boot.autoconfigure.jmx.JmxAutoConfiguration': no URL paths identified
2019-01-22 17:11:13,682 - 19925 [restartedMain] DEBUG o.s.w.s.h.BeanNameUrlHandlerMapping - Rejected bean name 'mbeanExporter': no URL paths identified
2019-01-22 17:11:13,682 - 19925 [restartedMain] DEBUG o.s.w.s.h.BeanNameUrlHandlerMapping - Rejected bean name 'objectNamingStrategy': no URL paths identified
2019-01-22 17:11:13,682 - 19925 [restartedMain] DEBUG o.s.w.s.h.BeanNameUrlHandlerMapping - Rejected bean name 'mbeanServer': no URL paths identified
2019-01-22 17:11:13,682 - 19925 [restartedMain] DEBUG o.s.w.s.h.BeanNameUrlHandlerMapping - Rejected bean name 'org.springframework.boot.autoconfigure.aop.AopAutoConfiguration$JdkDynamicAutoProxyConfiguration': no URL paths identified
2019-01-22 17:11:13,682 - 19925 [restartedMain] DEBUG o.s.w.s.h.BeanNameUrlHandlerMapping - Rejected bean name 'org.springframework.boot.autoconfigure.aop.AopAutoConfiguration': no URL paths identified
2019-01-22 17:11:13,682 - 19925 [restartedMain] DEBUG o.s.w.s.h.BeanNameUrlHandlerMapping - Rejected bean name 'org.springframework.boot.autoconfigure.data.redis.RedisAutoConfiguration$RedisConfiguration': no URL paths identified
2019-01-22 17:11:13,687 - 19930 [restartedMain] DEBUG o.s.w.s.h.BeanNameUrlHandlerMapping - Rejected bean name 'redisTemplate': no URL paths identified
2019-01-22 17:11:13,688 - 19931 [restartedMain] DEBUG o.s.w.s.h.BeanNameUrlHandlerMapping - Rejected bean name 'stringRedisTemplate': no URL paths identified
2019-01-22 17:11:13,688 - 19931 [restartedMain] DEBUG o.s.w.s.h.BeanNameUrlHandlerMapping - Rejected bean name 'org.springframework.boot.autoconfigure.data.redis.RedisAutoConfiguration$RedisConnectionConfiguration': no URL paths identified
2019-01-22 17:11:13,689 - 19932 [restartedMain] DEBUG o.s.w.s.h.BeanNameUrlHandlerMapping - Rejected bean name 'redisConnectionFactory': no URL paths identified
2019-01-22 17:11:13,689 - 19932 [restartedMain] DEBUG o.s.w.s.h.BeanNameUrlHandlerMapping - Rejected bean name 'org.springframework.boot.autoconfigure.data.redis.RedisAutoConfiguration': no URL paths identified
2019-01-22 17:11:13,689 - 19932 [restartedMain] DEBUG o.s.w.s.h.BeanNameUrlHandlerMapping - Rejected bean name 'spring.redis-org.springframework.boot.autoconfigure.data.redis.RedisProperties': no URL paths identified
2019-01-22 17:11:13,689 - 19932 [restartedMain] DEBUG o.s.w.s.h.BeanNameUrlHandlerMapping - Rejected bean name 'org.springframework.boot.autoconfigure.cache.RedisCacheConfiguration': no URL paths identified
2019-01-22 17:11:13,689 - 19932 [restartedMain] DEBUG o.s.w.s.h.BeanNameUrlHandlerMapping - Rejected bean name 'cacheManager': no URL paths identified
2019-01-22 17:11:13,689 - 19932 [restartedMain] DEBUG o.s.w.s.h.BeanNameUrlHandlerMapping - Rejected bean name 'org.springframework.boot.autoconfigure.cache.CacheAutoConfiguration': no URL paths identified
2019-01-22 17:11:13,690 - 19933 [restartedMain] DEBUG o.s.w.s.h.BeanNameUrlHandlerMapping - Rejected bean name 'cacheManagerCustomizers': no URL paths identified
2019-01-22 17:11:13,690 - 19933 [restartedMain] DEBUG o.s.w.s.h.BeanNameUrlHandlerMapping - Rejected bean name 'cacheAutoConfigurationValidatorPostProcessor': no URL paths identified
2019-01-22 17:11:13,690 - 19933 [restartedMain] DEBUG o.s.w.s.h.BeanNameUrlHandlerMapping - Rejected bean name 'cacheAutoConfigurationValidator': no URL paths identified
2019-01-22 17:11:13,690 - 19933 [restartedMain] DEBUG o.s.w.s.h.BeanNameUrlHandlerMapping - Rejected bean name 'spring.cache-org.springframework.boot.autoconfigure.cache.CacheProperties': no URL paths identified
2019-01-22 17:11:13,690 - 19933 [restartedMain] DEBUG o.s.w.s.h.BeanNameUrlHandlerMapping - Rejected bean name 'org.springframework.boot.autoconfigure.orm.jpa.JpaBaseConfiguration$JpaWebConfiguration$JpaWebMvcConfiguration': no URL paths identified
2019-01-22 17:11:13,690 - 19933 [restartedMain] DEBUG o.s.w.s.h.BeanNameUrlHandlerMapping - Rejected bean name 'openEntityManagerInViewInterceptor': no URL paths identified
2019-01-22 17:11:13,690 - 19933 [restartedMain] DEBUG o.s.w.s.h.BeanNameUrlHandlerMapping - Rejected bean name 'org.springframework.boot.autoconfigure.orm.jpa.JpaBaseConfiguration$JpaWebConfiguration': no URL paths identified
2019-01-22 17:11:13,690 - 19933 [restartedMain] DEBUG o.s.w.s.h.BeanNameUrlHandlerMapping - Rejected bean name 'org.springframework.boot.autoconfigure.orm.jpa.HibernateJpaAutoConfiguration': no URL paths identified
2019-01-22 17:11:13,690 - 19933 [restartedMain] DEBUG o.s.w.s.h.BeanNameUrlHandlerMapping - Rejected bean name 'transactionManager': no URL paths identified
2019-01-22 17:11:13,690 - 19933 [restartedMain] DEBUG o.s.w.s.h.BeanNameUrlHandlerMapping - Rejected bean name 'jpaVendorAdapter': no URL paths identified
2019-01-22 17:11:13,690 - 19933 [restartedMain] DEBUG o.s.w.s.h.BeanNameUrlHandlerMapping - Rejected bean name 'entityManagerFactoryBuilder': no URL paths identified
2019-01-22 17:11:13,690 - 19933 [restartedMain] DEBUG o.s.w.s.h.BeanNameUrlHandlerMapping - Rejected bean name 'entityManagerFactory': no URL paths identified
2019-01-22 17:11:13,690 - 19933 [restartedMain] DEBUG o.s.w.s.h.BeanNameUrlHandlerMapping - Rejected bean name 'spring.jpa-org.springframework.boot.autoconfigure.orm.jpa.JpaProperties': no URL paths identified
2019-01-22 17:11:13,690 - 19933 [restartedMain] DEBUG o.s.w.s.h.BeanNameUrlHandlerMapping - Rejected bean name 'dataSourceInitializedPublisher': no URL paths identified
2019-01-22 17:11:13,690 - 19933 [restartedMain] DEBUG o.s.w.s.h.BeanNameUrlHandlerMapping - Rejected bean name 'org.springframework.boot.autoconfigure.context.ConfigurationPropertiesAutoConfiguration': no URL paths identified
2019-01-22 17:11:13,690 - 19933 [restartedMain] DEBUG o.s.w.s.h.BeanNameUrlHandlerMapping - Rejected bean name 'org.springframework.boot.autoconfigure.dao.PersistenceExceptionTranslationAutoConfiguration': no URL paths identified
2019-01-22 17:11:13,690 - 19933 [restartedMain] DEBUG o.s.w.s.h.BeanNameUrlHandlerMapping - Rejected bean name 'persistenceExceptionTranslationPostProcessor': no URL paths identified
2019-01-22 17:11:13,690 - 19933 [restartedMain] DEBUG o.s.w.s.h.BeanNameUrlHandlerMapping - Rejected bean name 'org.springframework.boot.autoconfigure.data.jpa.JpaRepositoriesAutoConfiguration': no URL paths identified
2019-01-22 17:11:13,691 - 19934 [restartedMain] DEBUG o.s.w.s.h.BeanNameUrlHandlerMapping - Rejected bean name 'emBeanDefinitionRegistrarPostProcessor': no URL paths identified
2019-01-22 17:11:13,691 - 19934 [restartedMain] DEBUG o.s.w.s.h.BeanNameUrlHandlerMapping - Rejected bean name 'jpaMappingContext': no URL paths identified
2019-01-22 17:11:13,691 - 19934 [restartedMain] DEBUG o.s.w.s.h.BeanNameUrlHandlerMapping - Rejected bean name 'jpaContext': no URL paths identified
2019-01-22 17:11:13,691 - 19934 [restartedMain] DEBUG o.s.w.s.h.BeanNameUrlHandlerMapping - Rejected bean name 'categoryRepository': no URL paths identified
2019-01-22 17:11:13,691 - 19934 [restartedMain] DEBUG o.s.w.s.h.BeanNameUrlHandlerMapping - Rejected bean name 'userInfoRepository': no URL paths identified
2019-01-22 17:11:13,691 - 19934 [restartedMain] DEBUG o.s.w.s.h.BeanNameUrlHandlerMapping - Rejected bean name 'productInfoRepository': no URL paths identified
2019-01-22 17:11:13,691 - 19934 [restartedMain] DEBUG o.s.w.s.h.BeanNameUrlHandlerMapping - Rejected bean name 'sellerInfoRepository': no URL paths identified
2019-01-22 17:11:13,691 - 19934 [restartedMain] DEBUG o.s.w.s.h.BeanNameUrlHandlerMapping - Rejected bean name 'orderDetailRepository': no URL paths identified
2019-01-22 17:11:13,691 - 19934 [restartedMain] DEBUG o.s.w.s.h.BeanNameUrlHandlerMapping - Rejected bean name 'orderMasterRepository': no URL paths identified
2019-01-22 17:11:13,691 - 19934 [restartedMain] DEBUG o.s.w.s.h.BeanNameUrlHandlerMapping - Rejected bean name 'novelInfoRepository': no URL paths identified
2019-01-22 17:11:13,691 - 19934 [restartedMain] DEBUG o.s.w.s.h.BeanNameUrlHandlerMapping - Rejected bean name 'org.springframework.boot.autoconfigure.data.redis.RedisRepositoriesAutoConfiguration': no URL paths identified
2019-01-22 17:11:13,691 - 19934 [restartedMain] DEBUG o.s.w.s.h.BeanNameUrlHandlerMapping - Rejected bean name 'keyValueMappingContext': no URL paths identified
2019-01-22 17:11:13,691 - 19934 [restartedMain] DEBUG o.s.w.s.h.BeanNameUrlHandlerMapping - Rejected bean name 'redisCustomConversions': no URL paths identified
2019-01-22 17:11:13,691 - 19934 [restartedMain] DEBUG o.s.w.s.h.BeanNameUrlHandlerMapping - Rejected bean name 'redisReferenceResolver': no URL paths identified
2019-01-22 17:11:13,691 - 19934 [restartedMain] DEBUG o.s.w.s.h.BeanNameUrlHandlerMapping - Rejected bean name 'redisConverter': no URL paths identified
2019-01-22 17:11:13,691 - 19934 [restartedMain] DEBUG o.s.w.s.h.BeanNameUrlHandlerMapping - Rejected bean name 'redisKeyValueAdapter': no URL paths identified
2019-01-22 17:11:13,691 - 19934 [restartedMain] DEBUG o.s.w.s.h.BeanNameUrlHandlerMapping - Rejected bean name 'redisKeyValueTemplate': no URL paths identified
2019-01-22 17:11:13,691 - 19934 [restartedMain] DEBUG o.s.w.s.h.BeanNameUrlHandlerMapping - Rejected bean name 'org.springframework.boot.autoconfigure.gson.GsonAutoConfiguration': no URL paths identified
2019-01-22 17:11:13,691 - 19934 [restartedMain] DEBUG o.s.w.s.h.BeanNameUrlHandlerMapping - Rejected bean name 'gson': no URL paths identified
2019-01-22 17:11:13,691 - 19934 [restartedMain] DEBUG o.s.w.s.h.BeanNameUrlHandlerMapping - Rejected bean name 'org.springframework.boot.autoconfigure.web.HttpMessageConvertersAutoConfiguration$StringHttpMessageConverterConfiguration': no URL paths identified
2019-01-22 17:11:13,691 - 19934 [restartedMain] DEBUG o.s.w.s.h.BeanNameUrlHandlerMapping - Rejected bean name 'stringHttpMessageConverter': no URL paths identified
2019-01-22 17:11:13,691 - 19934 [restartedMain] DEBUG o.s.w.s.h.BeanNameUrlHandlerMapping - Rejected bean name 'spring.http.encoding-org.springframework.boot.autoconfigure.web.HttpEncodingProperties': no URL paths identified
2019-01-22 17:11:13,691 - 19934 [restartedMain] DEBUG o.s.w.s.h.BeanNameUrlHandlerMapping - Rejected bean name 'org.springframework.boot.autoconfigure.web.JacksonHttpMessageConvertersConfiguration$MappingJackson2HttpMessageConverterConfiguration': no URL paths identified
2019-01-22 17:11:13,691 - 19934 [restartedMain] DEBUG o.s.w.s.h.BeanNameUrlHandlerMapping - Rejected bean name 'mappingJackson2HttpMessageConverter': no URL paths identified
2019-01-22 17:11:13,691 - 19934 [restartedMain] DEBUG o.s.w.s.h.BeanNameUrlHandlerMapping - Rejected bean name 'org.springframework.boot.autoconfigure.web.JacksonHttpMessageConvertersConfiguration': no URL paths identified
2019-01-22 17:11:13,691 - 19934 [restartedMain] DEBUG o.s.w.s.h.BeanNameUrlHandlerMapping - Rejected bean name 'org.springframework.boot.autoconfigure.web.GsonHttpMessageConvertersConfiguration': no URL paths identified
2019-01-22 17:11:13,691 - 19934 [restartedMain] DEBUG o.s.w.s.h.BeanNameUrlHandlerMapping - Rejected bean name 'org.springframework.boot.autoconfigure.web.HttpMessageConvertersAutoConfiguration': no URL paths identified
2019-01-22 17:11:13,691 - 19934 [restartedMain] DEBUG o.s.w.s.h.BeanNameUrlHandlerMapping - Rejected bean name 'messageConverters': no URL paths identified
2019-01-22 17:11:13,691 - 19934 [restartedMain] DEBUG o.s.w.s.h.BeanNameUrlHandlerMapping - Rejected bean name 'org.springframework.data.web.config.SpringDataWebConfiguration': no URL paths identified
2019-01-22 17:11:13,691 - 19934 [restartedMain] DEBUG o.s.w.s.h.BeanNameUrlHandlerMapping - Rejected bean name 'pageableResolver': no URL paths identified
2019-01-22 17:11:13,691 - 19934 [restartedMain] DEBUG o.s.w.s.h.BeanNameUrlHandlerMapping - Rejected bean name 'sortResolver': no URL paths identified
2019-01-22 17:11:13,691 - 19934 [restartedMain] DEBUG o.s.w.s.h.BeanNameUrlHandlerMapping - Rejected bean name 'org.springframework.data.web.config.SpringDataJacksonConfiguration': no URL paths identified
2019-01-22 17:11:13,691 - 19934 [restartedMain] DEBUG o.s.w.s.h.BeanNameUrlHandlerMapping - Rejected bean name 'jacksonGeoModule': no URL paths identified
2019-01-22 17:11:13,691 - 19934 [restartedMain] DEBUG o.s.w.s.h.BeanNameUrlHandlerMapping - Rejected bean name 'org.springframework.boot.autoconfigure.data.web.SpringDataWebAutoConfiguration': no URL paths identified
2019-01-22 17:11:13,692 - 19935 [restartedMain] DEBUG o.s.w.s.h.BeanNameUrlHandlerMapping - Rejected bean name 'org.springframework.boot.autoconfigure.freemarker.FreeMarkerAutoConfiguration$FreeMarkerWebConfiguration': no URL paths identified
2019-01-22 17:11:13,692 - 19935 [restartedMain] DEBUG o.s.w.s.h.BeanNameUrlHandlerMapping - Rejected bean name 'freeMarkerConfigurer': no URL paths identified
2019-01-22 17:11:13,692 - 19935 [restartedMain] DEBUG o.s.w.s.h.BeanNameUrlHandlerMapping - Rejected bean name 'freeMarkerConfiguration': no URL paths identified
2019-01-22 17:11:13,692 - 19935 [restartedMain] DEBUG o.s.w.s.h.BeanNameUrlHandlerMapping - Rejected bean name 'freeMarkerViewResolver': no URL paths identified
2019-01-22 17:11:13,692 - 19935 [restartedMain] DEBUG o.s.w.s.h.BeanNameUrlHandlerMapping - Rejected bean name 'org.springframework.boot.autoconfigure.freemarker.FreeMarkerAutoConfiguration': no URL paths identified
2019-01-22 17:11:13,692 - 19935 [restartedMain] DEBUG o.s.w.s.h.BeanNameUrlHandlerMapping - Rejected bean name 'spring.freemarker-org.springframework.boot.autoconfigure.freemarker.FreeMarkerProperties': no URL paths identified
2019-01-22 17:11:13,692 - 19935 [restartedMain] DEBUG o.s.w.s.h.BeanNameUrlHandlerMapping - Rejected bean name 'org.springframework.boot.autoconfigure.info.ProjectInfoAutoConfiguration': no URL paths identified
2019-01-22 17:11:13,692 - 19935 [restartedMain] DEBUG o.s.w.s.h.BeanNameUrlHandlerMapping - Rejected bean name 'spring.info-org.springframework.boot.autoconfigure.info.ProjectInfoProperties': no URL paths identified
2019-01-22 17:11:13,692 - 19935 [restartedMain] DEBUG o.s.w.s.h.BeanNameUrlHandlerMapping - Rejected bean name 'org.springframework.boot.autoconfigure.jdbc.DataSourceTransactionManagerAutoConfiguration$DataSourceTransactionManagerConfiguration': no URL paths identified
2019-01-22 17:11:13,692 - 19935 [restartedMain] DEBUG o.s.w.s.h.BeanNameUrlHandlerMapping - Rejected bean name 'org.springframework.boot.autoconfigure.jdbc.DataSourceTransactionManagerAutoConfiguration': no URL paths identified
2019-01-22 17:11:13,692 - 19935 [restartedMain] DEBUG o.s.w.s.h.BeanNameUrlHandlerMapping - Rejected bean name 'org.springframework.boot.autoconfigure.jdbc.JdbcTemplateAutoConfiguration': no URL paths identified
2019-01-22 17:11:13,693 - 19936 [restartedMain] DEBUG o.s.w.s.h.BeanNameUrlHandlerMapping - Rejected bean name 'jdbcTemplate': no URL paths identified
2019-01-22 17:11:13,693 - 19936 [restartedMain] DEBUG o.s.w.s.h.BeanNameUrlHandlerMapping - Rejected bean name 'namedParameterJdbcTemplate': no URL paths identified
2019-01-22 17:11:13,693 - 19936 [restartedMain] DEBUG o.s.w.s.h.BeanNameUrlHandlerMapping - Rejected bean name 'org.springframework.transaction.annotation.ProxyTransactionManagementConfiguration': no URL paths identified
2019-01-22 17:11:13,693 - 19936 [restartedMain] DEBUG o.s.w.s.h.BeanNameUrlHandlerMapping - Rejected bean name 'org.springframework.transaction.config.internalTransactionAdvisor': no URL paths identified
2019-01-22 17:11:13,693 - 19936 [restartedMain] DEBUG o.s.w.s.h.BeanNameUrlHandlerMapping - Rejected bean name 'transactionAttributeSource': no URL paths identified
2019-01-22 17:11:13,693 - 19936 [restartedMain] DEBUG o.s.w.s.h.BeanNameUrlHandlerMapping - Rejected bean name 'transactionInterceptor': no URL paths identified
2019-01-22 17:11:13,693 - 19936 [restartedMain] DEBUG o.s.w.s.h.BeanNameUrlHandlerMapping - Rejected bean name 'org.springframework.transaction.config.internalTransactionalEventListenerFactory': no URL paths identified
2019-01-22 17:11:13,693 - 19936 [restartedMain] DEBUG o.s.w.s.h.BeanNameUrlHandlerMapping - Rejected bean name 'org.springframework.boot.autoconfigure.transaction.TransactionAutoConfiguration$EnableTransactionManagementConfiguration$CglibAutoProxyConfiguration': no URL paths identified
2019-01-22 17:11:13,693 - 19936 [restartedMain] DEBUG o.s.w.s.h.BeanNameUrlHandlerMapping - Rejected bean name 'org.springframework.boot.autoconfigure.transaction.TransactionAutoConfiguration$EnableTransactionManagementConfiguration': no URL paths identified
2019-01-22 17:11:13,693 - 19936 [restartedMain] DEBUG o.s.w.s.h.BeanNameUrlHandlerMapping - Rejected bean name 'org.springframework.boot.autoconfigure.transaction.TransactionAutoConfiguration$TransactionTemplateConfiguration': no URL paths identified
2019-01-22 17:11:13,693 - 19936 [restartedMain] DEBUG o.s.w.s.h.BeanNameUrlHandlerMapping - Rejected bean name 'transactionTemplate': no URL paths identified
2019-01-22 17:11:13,693 - 19936 [restartedMain] DEBUG o.s.w.s.h.BeanNameUrlHandlerMapping - Rejected bean name 'org.springframework.boot.autoconfigure.transaction.TransactionAutoConfiguration': no URL paths identified
2019-01-22 17:11:13,694 - 19937 [restartedMain] DEBUG o.s.w.s.h.BeanNameUrlHandlerMapping - Rejected bean name 'platformTransactionManagerCustomizers': no URL paths identified
2019-01-22 17:11:13,694 - 19937 [restartedMain] DEBUG o.s.w.s.h.BeanNameUrlHandlerMapping - Rejected bean name 'spring.transaction-org.springframework.boot.autoconfigure.transaction.TransactionProperties': no URL paths identified
2019-01-22 17:11:13,694 - 19937 [restartedMain] DEBUG o.s.w.s.h.BeanNameUrlHandlerMapping - Rejected bean name 'org.springframework.boot.autoconfigure.web.HttpEncodingAutoConfiguration': no URL paths identified
2019-01-22 17:11:13,694 - 19937 [restartedMain] DEBUG o.s.w.s.h.BeanNameUrlHandlerMapping - Rejected bean name 'characterEncodingFilter': no URL paths identified
2019-01-22 17:11:13,694 - 19937 [restartedMain] DEBUG o.s.w.s.h.BeanNameUrlHandlerMapping - Rejected bean name 'localeCharsetMappingsCustomizer': no URL paths identified
2019-01-22 17:11:13,694 - 19937 [restartedMain] DEBUG o.s.w.s.h.BeanNameUrlHandlerMapping - Rejected bean name 'org.springframework.boot.autoconfigure.web.MultipartAutoConfiguration': no URL paths identified
2019-01-22 17:11:13,694 - 19937 [restartedMain] DEBUG o.s.w.s.h.BeanNameUrlHandlerMapping - Rejected bean name 'multipartConfigElement': no URL paths identified
2019-01-22 17:11:13,694 - 19937 [restartedMain] DEBUG o.s.w.s.h.BeanNameUrlHandlerMapping - Rejected bean name 'multipartResolver': no URL paths identified
2019-01-22 17:11:13,694 - 19937 [restartedMain] DEBUG o.s.w.s.h.BeanNameUrlHandlerMapping - Rejected bean name 'spring.http.multipart-org.springframework.boot.autoconfigure.web.MultipartProperties': no URL paths identified
2019-01-22 17:11:13,694 - 19937 [restartedMain] DEBUG o.s.w.s.h.BeanNameUrlHandlerMapping - Rejected bean name 'org.springframework.boot.autoconfigure.web.ServerPropertiesAutoConfiguration': no URL paths identified
2019-01-22 17:11:13,694 - 19937 [restartedMain] DEBUG o.s.w.s.h.BeanNameUrlHandlerMapping - Rejected bean name 'serverProperties': no URL paths identified
2019-01-22 17:11:13,694 - 19937 [restartedMain] DEBUG o.s.w.s.h.BeanNameUrlHandlerMapping - Rejected bean name 'duplicateServerPropertiesDetector': no URL paths identified
2019-01-22 17:11:13,695 - 19938 [restartedMain] DEBUG o.s.w.s.h.BeanNameUrlHandlerMapping - Rejected bean name 'org.springframework.boot.autoconfigure.web.WebClientAutoConfiguration$RestTemplateConfiguration': no URL paths identified
2019-01-22 17:11:13,695 - 19938 [restartedMain] DEBUG o.s.w.s.h.BeanNameUrlHandlerMapping - Rejected bean name 'restTemplateBuilder': no URL paths identified
2019-01-22 17:11:13,695 - 19938 [restartedMain] DEBUG o.s.w.s.h.BeanNameUrlHandlerMapping - Rejected bean name 'org.springframework.boot.autoconfigure.web.WebClientAutoConfiguration': no URL paths identified
2019-01-22 17:11:13,695 - 19938 [restartedMain] DEBUG o.s.w.s.h.BeanNameUrlHandlerMapping - Rejected bean name 'org.springframework.boot.autoconfigure.websocket.WebSocketMessagingAutoConfiguration$WebSocketMessageConverterConfiguration': no URL paths identified
2019-01-22 17:11:13,695 - 19938 [restartedMain] DEBUG o.s.w.s.h.BeanNameUrlHandlerMapping - Rejected bean name 'org.springframework.boot.autoconfigure.websocket.WebSocketMessagingAutoConfiguration': no URL paths identified
2019-01-22 17:11:13,695 - 19938 [restartedMain] DEBUG o.s.w.s.h.BeanNameUrlHandlerMapping - Rejected bean name 'org.springframework.boot.devtools.autoconfigure.LocalDevToolsAutoConfiguration$RestartConfiguration': no URL paths identified
2019-01-22 17:11:13,695 - 19938 [restartedMain] DEBUG o.s.w.s.h.BeanNameUrlHandlerMapping - Rejected bean name 'classPathFileSystemWatcher': no URL paths identified
2019-01-22 17:11:13,695 - 19938 [restartedMain] DEBUG o.s.w.s.h.BeanNameUrlHandlerMapping - Rejected bean name 'classPathRestartStrategy': no URL paths identified
2019-01-22 17:11:13,695 - 19938 [restartedMain] DEBUG o.s.w.s.h.BeanNameUrlHandlerMapping - Rejected bean name 'hateoasObjenesisCacheDisabler': no URL paths identified
2019-01-22 17:11:13,695 - 19938 [restartedMain] DEBUG o.s.w.s.h.BeanNameUrlHandlerMapping - Rejected bean name 'fileSystemWatcherFactory': no URL paths identified
2019-01-22 17:11:13,695 - 19938 [restartedMain] DEBUG o.s.w.s.h.BeanNameUrlHandlerMapping - Rejected bean name 'org.springframework.boot.devtools.autoconfigure.LocalDevToolsAutoConfiguration$LiveReloadConfiguration': no URL paths identified
2019-01-22 17:11:13,696 - 19939 [restartedMain] DEBUG o.s.w.s.h.BeanNameUrlHandlerMapping - Rejected bean name 'liveReloadServer': no URL paths identified
2019-01-22 17:11:13,696 - 19939 [restartedMain] DEBUG o.s.w.s.h.BeanNameUrlHandlerMapping - Rejected bean name 'optionalLiveReloadServer': no URL paths identified
2019-01-22 17:11:13,696 - 19939 [restartedMain] DEBUG o.s.w.s.h.BeanNameUrlHandlerMapping - Rejected bean name 'org.springframework.boot.devtools.autoconfigure.LocalDevToolsAutoConfiguration': no URL paths identified
2019-01-22 17:11:13,696 - 19939 [restartedMain] DEBUG o.s.w.s.h.BeanNameUrlHandlerMapping - Rejected bean name 'spring.devtools-org.springframework.boot.devtools.autoconfigure.DevToolsProperties': no URL paths identified
2019-01-22 17:11:13,696 - 19939 [restartedMain] DEBUG o.s.w.s.h.BeanNameUrlHandlerMapping - Rejected bean name 'org.springframework.orm.jpa.SharedEntityManagerCreator#0': no URL paths identified
2019-01-22 17:11:13,696 - 19939 [restartedMain] DEBUG o.s.w.s.h.BeanNameUrlHandlerMapping - Rejected bean name 'autoConfigurationReport': no URL paths identified
2019-01-22 17:11:13,696 - 19939 [restartedMain] DEBUG o.s.w.s.h.BeanNameUrlHandlerMapping - Rejected bean name 'springApplicationArguments': no URL paths identified
2019-01-22 17:11:13,696 - 19939 [restartedMain] DEBUG o.s.w.s.h.BeanNameUrlHandlerMapping - Rejected bean name 'springBootBanner': no URL paths identified
2019-01-22 17:11:13,696 - 19939 [restartedMain] DEBUG o.s.w.s.h.BeanNameUrlHandlerMapping - Rejected bean name 'springBootLoggingSystem': no URL paths identified
2019-01-22 17:11:13,696 - 19939 [restartedMain] DEBUG o.s.w.s.h.BeanNameUrlHandlerMapping - Rejected bean name 'environment': no URL paths identified
2019-01-22 17:11:13,696 - 19939 [restartedMain] DEBUG o.s.w.s.h.BeanNameUrlHandlerMapping - Rejected bean name 'systemProperties': no URL paths identified
2019-01-22 17:11:13,696 - 19939 [restartedMain] DEBUG o.s.w.s.h.BeanNameUrlHandlerMapping - Rejected bean name 'systemEnvironment': no URL paths identified
2019-01-22 17:11:13,697 - 19940 [restartedMain] DEBUG o.s.w.s.h.BeanNameUrlHandlerMapping - Rejected bean name 'org.springframework.context.annotation.ConfigurationClassPostProcessor.importRegistry': no URL paths identified
2019-01-22 17:11:13,697 - 19940 [restartedMain] DEBUG o.s.w.s.h.BeanNameUrlHandlerMapping - Rejected bean name 'messageSource': no URL paths identified
2019-01-22 17:11:13,697 - 19940 [restartedMain] DEBUG o.s.w.s.h.BeanNameUrlHandlerMapping - Rejected bean name 'applicationEventMulticaster': no URL paths identified
2019-01-22 17:11:13,697 - 19940 [restartedMain] DEBUG o.s.w.s.h.BeanNameUrlHandlerMapping - Rejected bean name 'servletContext': no URL paths identified
2019-01-22 17:11:13,697 - 19940 [restartedMain] DEBUG o.s.w.s.h.BeanNameUrlHandlerMapping - Rejected bean name 'contextParameters': no URL paths identified
2019-01-22 17:11:13,697 - 19940 [restartedMain] DEBUG o.s.w.s.h.BeanNameUrlHandlerMapping - Rejected bean name 'contextAttributes': no URL paths identified
2019-01-22 17:11:13,716 - 19959 [restartedMain] INFO  o.s.w.s.h.SimpleUrlHandlerMapping - Mapped URL path [/webjars/**] onto handler of type [class org.springframework.web.servlet.resource.ResourceHttpRequestHandler]
2019-01-22 17:11:13,717 - 19960 [restartedMain] INFO  o.s.w.s.h.SimpleUrlHandlerMapping - Mapped URL path [/**] onto handler of type [class org.springframework.web.servlet.resource.ResourceHttpRequestHandler]
2019-01-22 17:11:13,797 - 20040 [restartedMain] DEBUG o.s.w.s.m.m.a.ExceptionHandlerExceptionResolver - Looking for exception mappings: org.springframework.boot.context.embedded.AnnotationConfigEmbeddedWebApplicationContext@456efde1: startup date [Tue Jan 22 17:10:55 CST 2019]; root of context hierarchy
2019-01-22 17:11:13,867 - 20110 [restartedMain] INFO  o.s.w.s.h.SimpleUrlHandlerMapping - Mapped URL path [/**/favicon.ico] onto handler of type [class org.springframework.web.servlet.resource.ResourceHttpRequestHandler]
2019-01-22 17:11:15,797 - 22040 [restartedMain] DEBUG o.s.w.s.v.f.FreeMarkerConfigurer - Template loader path [class path resource [templates/]] resolved to file path [D:\Users\wangyanjun\workspace\novel\target\classes\templates]
2019-01-22 17:11:15,801 - 22044 [restartedMain] INFO  o.s.w.s.v.f.FreeMarkerConfigurer - ClassTemplateLoader for Spring macros added to FreeMarker configuration
2019-01-22 17:11:16,794 - 23037 [restartedMain] INFO  o.s.b.d.a.OptionalLiveReloadServer - LiveReload server is running on port 35729
2019-01-22 17:11:16,912 - 23155 [restartedMain] INFO  o.s.w.s.s.s.ServerEndpointExporter - Registering @ServerEndpoint class: class com.potato369.novel.service.impl.WebSocket
2019-01-22 17:11:16,943 - 23186 [restartedMain] INFO  o.s.j.e.a.AnnotationMBeanExporter - Registering beans for JMX exposure on startup
2019-01-22 17:11:16,944 - 23187 [restartedMain] INFO  o.s.j.e.a.AnnotationMBeanExporter - Bean with name 'dataSource' has been autodetected for JMX exposure
2019-01-22 17:11:16,945 - 23188 [restartedMain] INFO  o.s.j.e.a.AnnotationMBeanExporter - Bean with name 'statFilter' has been autodetected for JMX exposure
2019-01-22 17:11:16,950 - 23193 [restartedMain] INFO  o.s.j.e.a.AnnotationMBeanExporter - Located MBean 'dataSource': registering with JMX server as MBean [com.alibaba.druid.pool:name=dataSource,type=DruidDataSource]
2019-01-22 17:11:16,955 - 23198 [restartedMain] INFO  o.s.j.e.a.AnnotationMBeanExporter - Located MBean 'statFilter': registering with JMX server as MBean [com.alibaba.druid.filter.stat:name=statFilter,type=StatFilter]
2019-01-22 17:11:16,960 - 23203 [restartedMain] INFO  o.s.c.s.DefaultLifecycleProcessor - Starting beans in phase 2147483647
2019-01-22 17:11:17,083 - 23326 [restartedMain] INFO  c.p.novel.task.MyDynamicTask - Cron has been changed to:'0 0 0/2 * * ?'. Old cron was:'null'
2019-01-22 17:11:17,087 - 23330 [restartedMain] DEBUG o.s.w.s.r.ResourceUrlProvider - Looking for resource handler mappings
2019-01-22 17:11:17,088 - 23331 [restartedMain] DEBUG o.s.w.s.r.ResourceUrlProvider - Found resource handler mapping: URL pattern="/**/favicon.ico", locations=[ServletContext resource [/], class path resource [META-INF/resources/], class path resource [resources/], class path resource [static/], class path resource [public/], class path resource []], resolvers=[org.springframework.web.servlet.resource.PathResourceResolver@795ba79b]
2019-01-22 17:11:17,088 - 23331 [restartedMain] DEBUG o.s.w.s.r.ResourceUrlProvider - Found resource handler mapping: URL pattern="/webjars/**", locations=[class path resource [META-INF/resources/webjars/]], resolvers=[org.springframework.web.servlet.resource.PathResourceResolver@249a6258]
2019-01-22 17:11:17,088 - 23331 [restartedMain] DEBUG o.s.w.s.r.ResourceUrlProvider - Found resource handler mapping: URL pattern="/**", locations=[ServletContext resource [/], class path resource [META-INF/resources/], class path resource [resources/], class path resource [static/], class path resource [public/]], resolvers=[org.springframework.web.servlet.resource.PathResourceResolver@2050d08b]
2019-01-22 17:11:17,099 - 23342 [restartedMain] INFO  o.a.coyote.http11.Http11NioProtocol - Initializing ProtocolHandler ["http-nio-8080"]
2019-01-22 17:11:17,118 - 23361 [restartedMain] INFO  o.a.coyote.http11.Http11NioProtocol - Starting ProtocolHandler ["http-nio-8080"]
2019-01-22 17:11:17,134 - 23377 [restartedMain] INFO  o.a.tomcat.util.net.NioSelectorPool - Using a shared selector for servlet write/read
2019-01-22 17:11:17,169 - 23412 [restartedMain] INFO  o.s.b.c.e.t.TomcatEmbeddedServletContainer - Tomcat started on port(s): 8080 (http)
2019-01-22 17:11:17,169 - 23412 [restartedMain] DEBUG o.s.w.c.s.StandardServletEnvironment - Adding PropertySource 'server.ports' with highest search precedence
2019-01-22 17:11:17,178 - 23421 [restartedMain] INFO  c.potato369.novel.NovelApplication - Started NovelApplication in 22.904 seconds (JVM running for 24.061)
2019-01-22 17:16:04,788 - 311031 [Druid-ConnectionPool-Log-1373825099] INFO  c.a.d.p.DruidDataSourceStatLoggerImpl - {"url":"jdbc:mysql://127.0.0.1:3306/novel?useSSL=false&useUnicode=true&characterEncoding=utf8&autoReconnect=true&useOldAliasMetadataBehavior=true","dbType":"mysql","name":"DataSource-1373825099","activeCount":0,"activePeak":2,"activePeakTime":"2019-01-22 17:11:06","poolingCount":5,"poolingPeak":5,"poolingPeakTime":"2019-01-22 17:11:04","connectCount":4,"closeCount":4,"connectionHoldTimeHistogram":[0,1,0,3]}
2019-01-22 17:21:04,788 - 611031 [Druid-ConnectionPool-Log-1373825099] INFO  c.a.d.p.DruidDataSourceStatLoggerImpl - {"url":"jdbc:mysql://127.0.0.1:3306/novel?useSSL=false&useUnicode=true&characterEncoding=utf8&autoReconnect=true&useOldAliasMetadataBehavior=true","dbType":"mysql","name":"DataSource-1373825099","activeCount":0,"poolingCount":5,"connectCount":0,"closeCount":0}
2019-01-22 17:26:04,789 - 911032 [Druid-ConnectionPool-Log-1373825099] INFO  c.a.d.p.DruidDataSourceStatLoggerImpl - {"url":"jdbc:mysql://127.0.0.1:3306/novel?useSSL=false&useUnicode=true&characterEncoding=utf8&autoReconnect=true&useOldAliasMetadataBehavior=true","dbType":"mysql","name":"DataSource-1373825099","activeCount":0,"poolingCount":5,"connectCount":0,"closeCount":0}
