2019-02-21 10:59:55,721 - 1452 [restartedMain] INFO  c.potato369.novel.NovelApplication - Starting NovelApplication on DESKTOP-TUDOU01 with PID 15852 (D:\Users\wangyanjun\workspace\novel\target\classes started by Jack in D:\Users\wangyanjun\workspace\novel)
2019-02-21 10:59:55,723 - 1454 [restartedMain] DEBUG c.potato369.novel.NovelApplication - Running with Spring Boot v2.1.3.RELEASE, Spring v5.1.5.RELEASE
2019-02-21 10:59:55,724 - 1455 [restartedMain] INFO  c.potato369.novel.NovelApplication - The following profiles are active: dev
2019-02-21 10:59:55,837 - 1568 [restartedMain] INFO  o.s.b.d.e.DevToolsPropertyDefaultsPostProcessor - Devtools property defaults active! Set 'spring.devtools.add-properties' to 'false' to disable
2019-02-21 10:59:55,837 - 1568 [restartedMain] INFO  o.s.b.d.e.DevToolsPropertyDefaultsPostProcessor - For additional web related logging consider setting the 'logging.level.web' property to 'DEBUG'
2019-02-21 10:59:57,608 - 3339 [restartedMain] WARN  o.m.s.mapper.ClassPathMapperScanner - No MyBatis mapper was found in '[com.potato369.novel]' package. Please check your configuration.
2019-02-21 10:59:57,784 - 3515 [restartedMain] INFO  o.s.d.r.c.RepositoryConfigurationDelegate - Multiple Spring Data modules found, entering strict repository configuration mode!
2019-02-21 10:59:57,784 - 3515 [restartedMain] INFO  o.s.d.r.c.RepositoryConfigurationDelegate - Bootstrapping Spring Data repositories in DEFAULT mode.
2019-02-21 10:59:57,961 - 3692 [restartedMain] INFO  o.s.d.r.c.RepositoryConfigurationDelegate - Finished Spring Data repository scanning in 168ms. Found 8 repository interfaces.
2019-02-21 10:59:57,978 - 3709 [restartedMain] INFO  o.s.d.r.c.RepositoryConfigurationDelegate - Multiple Spring Data modules found, entering strict repository configuration mode!
2019-02-21 10:59:57,979 - 3710 [restartedMain] INFO  o.s.d.r.c.RepositoryConfigurationDelegate - Bootstrapping Spring Data repositories in DEFAULT mode.
2019-02-21 10:59:58,033 - 3764 [restartedMain] INFO  o.s.d.r.c.RepositoryConfigurationExtensionSupport - Spring Data Redis - Could not safely identify store assignment for repository candidate interface com.potato369.novel.repository.CategoryRepository.
2019-02-21 10:59:58,034 - 3765 [restartedMain] INFO  o.s.d.r.c.RepositoryConfigurationExtensionSupport - Spring Data Redis - Could not safely identify store assignment for repository candidate interface com.potato369.novel.repository.CronRepository.
2019-02-21 10:59:58,034 - 3765 [restartedMain] INFO  o.s.d.r.c.RepositoryConfigurationExtensionSupport - Spring Data Redis - Could not safely identify store assignment for repository candidate interface com.potato369.novel.repository.NovelInfoRepository.
2019-02-21 10:59:58,034 - 3765 [restartedMain] INFO  o.s.d.r.c.RepositoryConfigurationExtensionSupport - Spring Data Redis - Could not safely identify store assignment for repository candidate interface com.potato369.novel.repository.OrderDetailRepository.
2019-02-21 10:59:58,035 - 3766 [restartedMain] INFO  o.s.d.r.c.RepositoryConfigurationExtensionSupport - Spring Data Redis - Could not safely identify store assignment for repository candidate interface com.potato369.novel.repository.OrderMasterRepository.
2019-02-21 10:59:58,035 - 3766 [restartedMain] INFO  o.s.d.r.c.RepositoryConfigurationExtensionSupport - Spring Data Redis - Could not safely identify store assignment for repository candidate interface com.potato369.novel.repository.ProductInfoRepository.
2019-02-21 10:59:58,035 - 3766 [restartedMain] INFO  o.s.d.r.c.RepositoryConfigurationExtensionSupport - Spring Data Redis - Could not safely identify store assignment for repository candidate interface com.potato369.novel.repository.SellerInfoRepository.
2019-02-21 10:59:58,036 - 3767 [restartedMain] INFO  o.s.d.r.c.RepositoryConfigurationExtensionSupport - Spring Data Redis - Could not safely identify store assignment for repository candidate interface com.potato369.novel.repository.UserInfoRepository.
2019-02-21 10:59:58,036 - 3767 [restartedMain] INFO  o.s.d.r.c.RepositoryConfigurationDelegate - Finished Spring Data repository scanning in 48ms. Found 0 repository interfaces.
2019-02-21 10:59:58,618 - 4349 [restartedMain] INFO  o.s.c.s.PostProcessorRegistrationDelegate$BeanPostProcessorChecker - Bean 'org.springframework.transaction.annotation.ProxyTransactionManagementConfiguration' of type [org.springframework.transaction.annotation.ProxyTransactionManagementConfiguration$$EnhancerBySpringCGLIB$$20be5826] is not eligible for getting processed by all BeanPostProcessors (for example: not eligible for auto-proxying)
2019-02-21 10:59:59,621 - 5352 [restartedMain] INFO  o.s.b.w.e.tomcat.TomcatWebServer - Tomcat initialized with port(s): 8080 (http)
2019-02-21 10:59:59,638 - 5369 [restartedMain] INFO  o.a.coyote.http11.Http11NioProtocol - Initializing ProtocolHandler ["http-nio-8080"]
2019-02-21 10:59:59,646 - 5377 [restartedMain] INFO  o.a.catalina.core.StandardService - Starting service [Tomcat]
2019-02-21 10:59:59,646 - 5377 [restartedMain] INFO  o.a.catalina.core.StandardEngine - Starting Servlet engine: [Apache Tomcat/9.0.16]
2019-02-21 10:59:59,663 - 5394 [restartedMain] INFO  o.a.c.core.AprLifecycleListener - The APR based Apache Tomcat Native library which allows optimal performance in production environments was not found on the java.library.path: [D:\Java\jdk1.8.0_112\bin;C:\WINDOWS\Sun\Java\bin;C:\WINDOWS\system32;C:\WINDOWS;C:\Program Files (x86)\Common Files\NetSarang;C:\WINDOWS\system32;C:\WINDOWS;C:\WINDOWS\System32\Wbem;C:\WINDOWS\System32\WindowsPowerShell\v1.0\;D:\Java\jdk1.8.0_112\bin;D:\Java\jdk1.8.0_112\jre\bin;D:\Users\wangyanjun\apache-maven-3.5.2\bin;C:\WINDOWS\System32\OpenSSH\;D:\Users\Administrator\AppData\Roaming\nvm;D:\Users\Administrator\AppData\Roaming\nodejs;C:\Program Files\TortoiseSVN\bin;D:\Program Files\Git\cmd;C:\Users\wangyanjun\AppData\Local\Microsoft\WindowsApps;D:\Users\wangyanjun\AppData\Local\Programs\Fiddler;C:\Users\wangyanjun\AppData\Local\Microsoft\WindowsApps;D:\Users\wangyanjun\AppData\Roaming\nvm;D:\Users\wangyanjun\AppData\Roaming\nodejs;.]
2019-02-21 10:59:59,877 - 5608 [restartedMain] INFO  o.a.c.c.C.[.[localhost].[/novel] - Initializing Spring embedded WebApplicationContext
2019-02-21 10:59:59,877 - 5608 [restartedMain] DEBUG o.s.web.context.ContextLoader - Published root WebApplicationContext as ServletContext attribute with name [org.springframework.web.context.WebApplicationContext.ROOT]
2019-02-21 10:59:59,877 - 5608 [restartedMain] INFO  o.s.web.context.ContextLoader - Root WebApplicationContext: initialization completed in 4039 ms
2019-02-21 11:00:00,454 - 6185 [restartedMain] INFO  c.a.d.s.b.a.DruidDataSourceAutoConfigure - Init DruidDataSource
2019-02-21 11:00:01,011 - 6742 [restartedMain] INFO  c.a.druid.pool.DruidDataSource - {dataSource-1} inited
2019-02-21 11:00:01,014 - 6745 [Druid-ConnectionPool-Log-1239352741] INFO  c.a.d.p.DruidDataSourceStatLoggerImpl - {"url":"jdbc:mysql://127.0.0.1:3306/novel?useSSL=false&useUnicode=true&characterEncoding=utf8&autoReconnect=true&useOldAliasMetadataBehavior=true&serverTimezone=GMT%2B8","dbType":"mysql","name":"DataSource-1239352741","activeCount":0,"poolingCount":5,"poolingPeak":5,"poolingPeakTime":"2019-02-21 11:00:01","connectCount":0,"closeCount":0,"physicalConnectCount":5}
2019-02-21 11:00:02,003 - 7734 [restartedMain] INFO  o.h.jpa.internal.util.LogHelper - HHH000204: Processing PersistenceUnitInfo [
	name: default
	...]
2019-02-21 11:00:02,221 - 7952 [restartedMain] INFO  org.hibernate.Version - HHH000412: Hibernate Core {5.3.7.Final}
2019-02-21 11:00:02,230 - 7961 [restartedMain] INFO  org.hibernate.cfg.Environment - HHH000206: hibernate.properties not found
2019-02-21 11:00:02,472 - 8203 [restartedMain] INFO  o.h.annotations.common.Version - HCANN000001: Hibernate Commons Annotations {5.0.4.Final}
2019-02-21 11:00:02,759 - 8490 [restartedMain] INFO  org.hibernate.dialect.Dialect - HHH000400: Using dialect: org.hibernate.dialect.MySQL5Dialect
2019-02-21 11:00:03,983 - 9714 [restartedMain] INFO  o.s.o.j.LocalContainerEntityManagerFactoryBean - Initialized JPA EntityManagerFactory for persistence unit 'default'
2019-02-21 11:00:04,088 - 9819 [restartedMain] INFO  o.s.b.d.a.OptionalLiveReloadServer - LiveReload server is running on port 35729
2019-02-21 11:00:07,295 - 13026 [restartedMain] INFO  o.s.s.c.ThreadPoolTaskScheduler - Initializing ExecutorService 'getScheduler'
2019-02-21 11:00:07,402 - 13133 [restartedMain] INFO  o.h.h.i.QueryTranslatorFactoryInitiator - HHH000397: Using ASTQueryTranslatorFactory
2019-02-21 11:00:07,746 - 13477 [restartedMain] INFO  c.p.n.controller.ScheduleController - 【后台定时任务配置】cron={
  "id": 1,
  "code": "task1",
  "cron": "0 0 0/2 * * ?",
  "createTime": "Feb 19, 2019 5:29:50 PM",
  "updateTime": "Feb 19, 2019 5:29:50 PM"
}
2019-02-21 11:00:07,750 - 13481 [restartedMain] INFO  c.p.n.controller.ScheduleController - 【后台定时任务配置】cron={
  "id": 2,
  "code": "task2",
  "cron": "0/1 0 0 * * ?",
  "createTime": "Feb 19, 2019 5:30:14 PM",
  "updateTime": "Feb 19, 2019 5:30:14 PM"
}
2019-02-21 11:00:08,159 - 13890 [restartedMain] DEBUG o.s.w.s.h.SimpleUrlHandlerMapping - Patterns [/**/favicon.ico] in 'faviconHandlerMapping'
2019-02-21 11:00:08,632 - 14363 [restartedMain] DEBUG o.s.w.s.m.m.a.RequestMappingHandlerAdapter - ControllerAdvice beans: 0 @ModelAttribute, 0 @InitBinder, 1 RequestBodyAdvice, 1 ResponseBodyAdvice
2019-02-21 11:00:08,730 - 14461 [restartedMain] DEBUG o.s.w.s.m.m.a.RequestMappingHandlerMapping - 40 mappings in 'requestMappingHandlerMapping'
2019-02-21 11:00:08,763 - 14494 [restartedMain] DEBUG o.s.w.s.h.SimpleUrlHandlerMapping - Patterns [/webjars/**, /**] in 'resourceHandlerMapping'
2019-02-21 11:00:08,775 - 14506 [restartedMain] DEBUG o.s.w.s.m.m.a.ExceptionHandlerExceptionResolver - ControllerAdvice beans: 0 @ExceptionHandler, 1 ResponseBodyAdvice
2019-02-21 11:00:09,323 - 15054 [restartedMain] DEBUG o.s.w.s.v.f.FreeMarkerConfigurer - Template loader path [class path resource [templates/]] resolved to file path [D:\Users\wangyanjun\workspace\novel\target\classes\templates]
2019-02-21 11:00:09,682 - 15413 [restartedMain] DEBUG o.s.w.s.s.s.ServerEndpointExporter - Registering @ServerEndpoint class: class com.potato369.novel.service.impl.WebSocket
2019-02-21 11:00:09,714 - 15445 [restartedMain] INFO  o.a.coyote.http11.Http11NioProtocol - Starting ProtocolHandler ["http-nio-8080"]
2019-02-21 11:00:09,739 - 15470 [restartedMain] INFO  o.s.b.w.e.tomcat.TomcatWebServer - Tomcat started on port(s): 8080 (http) with context path '/novel'
2019-02-21 11:00:09,741 - 15472 [restartedMain] INFO  c.potato369.novel.NovelApplication - Started NovelApplication in 14.881 seconds (JVM running for 18.658)
2019-02-21 12:33:23,170 - 2443 [restartedMain] INFO  c.potato369.novel.NovelApplication - Starting NovelApplication on DESKTOP-TUDOU01 with PID 15728 (D:\Users\wangyanjun\workspace\novel\target\classes started by Jack in D:\Users\wangyanjun\workspace\novel)
2019-02-21 12:33:23,183 - 2456 [restartedMain] DEBUG c.potato369.novel.NovelApplication - Running with Spring Boot v2.1.3.RELEASE, Spring v5.1.5.RELEASE
2019-02-21 12:33:23,183 - 2456 [restartedMain] INFO  c.potato369.novel.NovelApplication - The following profiles are active: dev
2019-02-21 12:33:23,389 - 2662 [restartedMain] INFO  o.s.b.d.e.DevToolsPropertyDefaultsPostProcessor - Devtools property defaults active! Set 'spring.devtools.add-properties' to 'false' to disable
2019-02-21 12:33:23,389 - 2662 [restartedMain] INFO  o.s.b.d.e.DevToolsPropertyDefaultsPostProcessor - For additional web related logging consider setting the 'logging.level.web' property to 'DEBUG'
2019-02-21 12:33:26,282 - 5555 [restartedMain] WARN  o.m.s.mapper.ClassPathMapperScanner - No MyBatis mapper was found in '[com.potato369.novel]' package. Please check your configuration.
2019-02-21 12:33:26,422 - 5695 [restartedMain] INFO  o.s.d.r.c.RepositoryConfigurationDelegate - Multiple Spring Data modules found, entering strict repository configuration mode!
2019-02-21 12:33:26,422 - 5695 [restartedMain] INFO  o.s.d.r.c.RepositoryConfigurationDelegate - Bootstrapping Spring Data repositories in DEFAULT mode.
2019-02-21 12:33:26,620 - 5893 [restartedMain] INFO  o.s.d.r.c.RepositoryConfigurationDelegate - Finished Spring Data repository scanning in 190ms. Found 8 repository interfaces.
2019-02-21 12:33:26,637 - 5910 [restartedMain] INFO  o.s.d.r.c.RepositoryConfigurationDelegate - Multiple Spring Data modules found, entering strict repository configuration mode!
2019-02-21 12:33:26,638 - 5911 [restartedMain] INFO  o.s.d.r.c.RepositoryConfigurationDelegate - Bootstrapping Spring Data repositories in DEFAULT mode.
2019-02-21 12:33:26,692 - 5965 [restartedMain] INFO  o.s.d.r.c.RepositoryConfigurationExtensionSupport - Spring Data Redis - Could not safely identify store assignment for repository candidate interface com.potato369.novel.repository.CategoryRepository.
2019-02-21 12:33:26,693 - 5966 [restartedMain] INFO  o.s.d.r.c.RepositoryConfigurationExtensionSupport - Spring Data Redis - Could not safely identify store assignment for repository candidate interface com.potato369.novel.repository.CronRepository.
2019-02-21 12:33:26,693 - 5966 [restartedMain] INFO  o.s.d.r.c.RepositoryConfigurationExtensionSupport - Spring Data Redis - Could not safely identify store assignment for repository candidate interface com.potato369.novel.repository.NovelInfoRepository.
2019-02-21 12:33:26,693 - 5966 [restartedMain] INFO  o.s.d.r.c.RepositoryConfigurationExtensionSupport - Spring Data Redis - Could not safely identify store assignment for repository candidate interface com.potato369.novel.repository.OrderDetailRepository.
2019-02-21 12:33:26,694 - 5967 [restartedMain] INFO  o.s.d.r.c.RepositoryConfigurationExtensionSupport - Spring Data Redis - Could not safely identify store assignment for repository candidate interface com.potato369.novel.repository.OrderMasterRepository.
2019-02-21 12:33:26,694 - 5967 [restartedMain] INFO  o.s.d.r.c.RepositoryConfigurationExtensionSupport - Spring Data Redis - Could not safely identify store assignment for repository candidate interface com.potato369.novel.repository.ProductInfoRepository.
2019-02-21 12:33:26,694 - 5967 [restartedMain] INFO  o.s.d.r.c.RepositoryConfigurationExtensionSupport - Spring Data Redis - Could not safely identify store assignment for repository candidate interface com.potato369.novel.repository.SellerInfoRepository.
2019-02-21 12:33:26,695 - 5968 [restartedMain] INFO  o.s.d.r.c.RepositoryConfigurationExtensionSupport - Spring Data Redis - Could not safely identify store assignment for repository candidate interface com.potato369.novel.repository.UserInfoRepository.
2019-02-21 12:33:26,695 - 5968 [restartedMain] INFO  o.s.d.r.c.RepositoryConfigurationDelegate - Finished Spring Data repository scanning in 46ms. Found 0 repository interfaces.
2019-02-21 12:33:27,261 - 6534 [restartedMain] INFO  o.s.c.s.PostProcessorRegistrationDelegate$BeanPostProcessorChecker - Bean 'org.springframework.transaction.annotation.ProxyTransactionManagementConfiguration' of type [org.springframework.transaction.annotation.ProxyTransactionManagementConfiguration$$EnhancerBySpringCGLIB$$40e0a0bb] is not eligible for getting processed by all BeanPostProcessors (for example: not eligible for auto-proxying)
2019-02-21 12:33:28,413 - 7686 [restartedMain] INFO  o.s.b.w.e.tomcat.TomcatWebServer - Tomcat initialized with port(s): 8080 (http)
2019-02-21 12:33:28,431 - 7704 [restartedMain] INFO  o.a.coyote.http11.Http11NioProtocol - Initializing ProtocolHandler ["http-nio-8080"]
2019-02-21 12:33:28,455 - 7728 [restartedMain] INFO  o.a.catalina.core.StandardService - Starting service [Tomcat]
2019-02-21 12:33:28,456 - 7729 [restartedMain] INFO  o.a.catalina.core.StandardEngine - Starting Servlet engine: [Apache Tomcat/9.0.16]
2019-02-21 12:33:28,488 - 7761 [restartedMain] INFO  o.a.c.core.AprLifecycleListener - The APR based Apache Tomcat Native library which allows optimal performance in production environments was not found on the java.library.path: [D:\Java\jdk1.8.0_112\bin;C:\WINDOWS\Sun\Java\bin;C:\WINDOWS\system32;C:\WINDOWS;C:\Program Files (x86)\Common Files\NetSarang;C:\WINDOWS\system32;C:\WINDOWS;C:\WINDOWS\System32\Wbem;C:\WINDOWS\System32\WindowsPowerShell\v1.0\;D:\Java\jdk1.8.0_112\bin;D:\Java\jdk1.8.0_112\jre\bin;D:\Users\wangyanjun\apache-maven-3.5.2\bin;C:\WINDOWS\System32\OpenSSH\;D:\Users\Administrator\AppData\Roaming\nvm;D:\Users\Administrator\AppData\Roaming\nodejs;C:\Program Files\TortoiseSVN\bin;D:\Program Files\Git\cmd;C:\Users\wangyanjun\AppData\Local\Microsoft\WindowsApps;D:\Users\wangyanjun\AppData\Local\Programs\Fiddler;C:\Users\wangyanjun\AppData\Local\Microsoft\WindowsApps;D:\Users\wangyanjun\AppData\Roaming\nvm;D:\Users\wangyanjun\AppData\Roaming\nodejs;.]
2019-02-21 12:33:28,696 - 7969 [restartedMain] INFO  o.a.c.c.C.[.[localhost].[/novel] - Initializing Spring embedded WebApplicationContext
2019-02-21 12:33:28,696 - 7969 [restartedMain] DEBUG o.s.web.context.ContextLoader - Published root WebApplicationContext as ServletContext attribute with name [org.springframework.web.context.WebApplicationContext.ROOT]
2019-02-21 12:33:28,696 - 7969 [restartedMain] INFO  o.s.web.context.ContextLoader - Root WebApplicationContext: initialization completed in 5307 ms
2019-02-21 12:33:29,303 - 8576 [restartedMain] INFO  c.a.d.s.b.a.DruidDataSourceAutoConfigure - Init DruidDataSource
2019-02-21 12:33:29,915 - 9188 [restartedMain] INFO  c.a.druid.pool.DruidDataSource - {dataSource-1} inited
2019-02-21 12:33:29,917 - 9190 [Druid-ConnectionPool-Log-511523481] INFO  c.a.d.p.DruidDataSourceStatLoggerImpl - {"url":"jdbc:mysql://127.0.0.1:3306/novel?useSSL=false&useUnicode=true&characterEncoding=utf8&autoReconnect=true&useOldAliasMetadataBehavior=true&serverTimezone=GMT%2B8","dbType":"mysql","name":"DataSource-511523481","activeCount":0,"poolingCount":5,"poolingPeak":5,"poolingPeakTime":"2019-02-21 12:33:29","connectCount":0,"closeCount":0,"physicalConnectCount":5}
2019-02-21 12:33:30,251 - 9524 [restartedMain] INFO  o.h.jpa.internal.util.LogHelper - HHH000204: Processing PersistenceUnitInfo [
	name: default
	...]
2019-02-21 12:33:30,346 - 9619 [restartedMain] INFO  org.hibernate.Version - HHH000412: Hibernate Core {5.3.7.Final}
2019-02-21 12:33:30,348 - 9621 [restartedMain] INFO  org.hibernate.cfg.Environment - HHH000206: hibernate.properties not found
2019-02-21 12:33:30,549 - 9822 [restartedMain] INFO  o.h.annotations.common.Version - HCANN000001: Hibernate Commons Annotations {5.0.4.Final}
2019-02-21 12:33:30,833 - 10106 [restartedMain] INFO  org.hibernate.dialect.Dialect - HHH000400: Using dialect: org.hibernate.dialect.MySQL5Dialect
2019-02-21 12:33:31,902 - 11175 [restartedMain] INFO  o.s.o.j.LocalContainerEntityManagerFactoryBean - Initialized JPA EntityManagerFactory for persistence unit 'default'
2019-02-21 12:33:32,012 - 11285 [restartedMain] INFO  o.s.b.d.a.OptionalLiveReloadServer - LiveReload server is running on port 35729
2019-02-21 12:33:35,301 - 14574 [restartedMain] INFO  o.s.s.c.ThreadPoolTaskScheduler - Initializing ExecutorService 'getScheduler'
2019-02-21 12:33:35,419 - 14692 [restartedMain] INFO  o.h.h.i.QueryTranslatorFactoryInitiator - HHH000397: Using ASTQueryTranslatorFactory
2019-02-21 12:33:35,823 - 15096 [restartedMain] INFO  c.p.n.controller.ScheduleController - 【后台定时任务配置】cron={
  "id": 1,
  "code": "task1",
  "cron": "0 0 0/2 * * ?",
  "createTime": "Feb 19, 2019 5:29:50 PM",
  "updateTime": "Feb 19, 2019 5:29:50 PM"
}
2019-02-21 12:33:35,828 - 15101 [restartedMain] INFO  c.p.n.controller.ScheduleController - 【后台定时任务配置】cron={
  "id": 2,
  "code": "task2",
  "cron": "0/1 0 0 * * ?",
  "createTime": "Feb 19, 2019 5:30:14 PM",
  "updateTime": "Feb 19, 2019 5:30:14 PM"
}
2019-02-21 12:33:36,336 - 15609 [restartedMain] DEBUG o.s.w.s.h.SimpleUrlHandlerMapping - Patterns [/**/favicon.ico] in 'faviconHandlerMapping'
2019-02-21 12:33:36,731 - 16004 [restartedMain] DEBUG o.s.w.s.m.m.a.RequestMappingHandlerAdapter - ControllerAdvice beans: 0 @ModelAttribute, 0 @InitBinder, 1 RequestBodyAdvice, 1 ResponseBodyAdvice
2019-02-21 12:33:36,813 - 16086 [restartedMain] DEBUG o.s.w.s.m.m.a.RequestMappingHandlerMapping - 40 mappings in 'requestMappingHandlerMapping'
2019-02-21 12:33:36,845 - 16118 [restartedMain] DEBUG o.s.w.s.h.SimpleUrlHandlerMapping - Patterns [/webjars/**, /**] in 'resourceHandlerMapping'
2019-02-21 12:33:36,858 - 16131 [restartedMain] DEBUG o.s.w.s.m.m.a.ExceptionHandlerExceptionResolver - ControllerAdvice beans: 0 @ExceptionHandler, 1 ResponseBodyAdvice
2019-02-21 12:33:37,433 - 16706 [restartedMain] DEBUG o.s.w.s.v.f.FreeMarkerConfigurer - Template loader path [class path resource [templates/]] resolved to file path [D:\Users\wangyanjun\workspace\novel\target\classes\templates]
2019-02-21 12:33:37,774 - 17047 [restartedMain] DEBUG o.s.w.s.s.s.ServerEndpointExporter - Registering @ServerEndpoint class: class com.potato369.novel.service.impl.WebSocket
2019-02-21 12:33:37,804 - 17077 [restartedMain] INFO  o.a.coyote.http11.Http11NioProtocol - Starting ProtocolHandler ["http-nio-8080"]
2019-02-21 12:33:37,835 - 17108 [restartedMain] INFO  o.s.b.w.e.tomcat.TomcatWebServer - Tomcat started on port(s): 8080 (http) with context path '/novel'
2019-02-21 12:33:37,837 - 17110 [restartedMain] INFO  c.potato369.novel.NovelApplication - Started NovelApplication in 16.002 seconds (JVM running for 20.798)
2019-02-21 14:21:09,027 - 1248 [restartedMain] INFO  c.potato369.novel.NovelApplication - Starting NovelApplication on DESKTOP-TUDOU01 with PID 10440 (D:\Users\wangyanjun\workspace\novel\target\classes started by Jack in D:\Users\wangyanjun\workspace\novel)
2019-02-21 14:21:09,030 - 1251 [restartedMain] DEBUG c.potato369.novel.NovelApplication - Running with Spring Boot v2.1.3.RELEASE, Spring v5.1.5.RELEASE
2019-02-21 14:21:09,030 - 1251 [restartedMain] INFO  c.potato369.novel.NovelApplication - The following profiles are active: dev
2019-02-21 14:21:09,147 - 1368 [restartedMain] INFO  o.s.b.d.e.DevToolsPropertyDefaultsPostProcessor - Devtools property defaults active! Set 'spring.devtools.add-properties' to 'false' to disable
2019-02-21 14:21:09,147 - 1368 [restartedMain] INFO  o.s.b.d.e.DevToolsPropertyDefaultsPostProcessor - For additional web related logging consider setting the 'logging.level.web' property to 'DEBUG'
2019-02-21 14:21:10,277 - 2498 [restartedMain] WARN  o.m.s.mapper.ClassPathMapperScanner - No MyBatis mapper was found in '[com.potato369.novel]' package. Please check your configuration.
2019-02-21 14:21:10,358 - 2579 [restartedMain] INFO  o.s.d.r.c.RepositoryConfigurationDelegate - Multiple Spring Data modules found, entering strict repository configuration mode!
2019-02-21 14:21:10,359 - 2580 [restartedMain] INFO  o.s.d.r.c.RepositoryConfigurationDelegate - Bootstrapping Spring Data repositories in DEFAULT mode.
2019-02-21 14:21:10,531 - 2752 [restartedMain] INFO  o.s.d.r.c.RepositoryConfigurationDelegate - Finished Spring Data repository scanning in 166ms. Found 8 repository interfaces.
2019-02-21 14:21:10,545 - 2766 [restartedMain] INFO  o.s.d.r.c.RepositoryConfigurationDelegate - Multiple Spring Data modules found, entering strict repository configuration mode!
2019-02-21 14:21:10,546 - 2767 [restartedMain] INFO  o.s.d.r.c.RepositoryConfigurationDelegate - Bootstrapping Spring Data repositories in DEFAULT mode.
2019-02-21 14:21:10,606 - 2827 [restartedMain] INFO  o.s.d.r.c.RepositoryConfigurationExtensionSupport - Spring Data Redis - Could not safely identify store assignment for repository candidate interface com.potato369.novel.repository.CategoryRepository.
2019-02-21 14:21:10,607 - 2828 [restartedMain] INFO  o.s.d.r.c.RepositoryConfigurationExtensionSupport - Spring Data Redis - Could not safely identify store assignment for repository candidate interface com.potato369.novel.repository.CronRepository.
2019-02-21 14:21:10,607 - 2828 [restartedMain] INFO  o.s.d.r.c.RepositoryConfigurationExtensionSupport - Spring Data Redis - Could not safely identify store assignment for repository candidate interface com.potato369.novel.repository.NovelInfoRepository.
2019-02-21 14:21:10,608 - 2829 [restartedMain] INFO  o.s.d.r.c.RepositoryConfigurationExtensionSupport - Spring Data Redis - Could not safely identify store assignment for repository candidate interface com.potato369.novel.repository.OrderDetailRepository.
2019-02-21 14:21:10,608 - 2829 [restartedMain] INFO  o.s.d.r.c.RepositoryConfigurationExtensionSupport - Spring Data Redis - Could not safely identify store assignment for repository candidate interface com.potato369.novel.repository.OrderMasterRepository.
2019-02-21 14:21:10,608 - 2829 [restartedMain] INFO  o.s.d.r.c.RepositoryConfigurationExtensionSupport - Spring Data Redis - Could not safely identify store assignment for repository candidate interface com.potato369.novel.repository.ProductInfoRepository.
2019-02-21 14:21:10,609 - 2830 [restartedMain] INFO  o.s.d.r.c.RepositoryConfigurationExtensionSupport - Spring Data Redis - Could not safely identify store assignment for repository candidate interface com.potato369.novel.repository.SellerInfoRepository.
2019-02-21 14:21:10,609 - 2830 [restartedMain] INFO  o.s.d.r.c.RepositoryConfigurationExtensionSupport - Spring Data Redis - Could not safely identify store assignment for repository candidate interface com.potato369.novel.repository.UserInfoRepository.
2019-02-21 14:21:10,609 - 2830 [restartedMain] INFO  o.s.d.r.c.RepositoryConfigurationDelegate - Finished Spring Data repository scanning in 48ms. Found 0 repository interfaces.
2019-02-21 14:21:11,012 - 3233 [restartedMain] INFO  o.s.c.s.PostProcessorRegistrationDelegate$BeanPostProcessorChecker - Bean 'org.springframework.transaction.annotation.ProxyTransactionManagementConfiguration' of type [org.springframework.transaction.annotation.ProxyTransactionManagementConfiguration$$EnhancerBySpringCGLIB$$5e47eeec] is not eligible for getting processed by all BeanPostProcessors (for example: not eligible for auto-proxying)
2019-02-21 14:21:11,957 - 4178 [restartedMain] INFO  o.s.b.w.e.tomcat.TomcatWebServer - Tomcat initialized with port(s): 8080 (http)
2019-02-21 14:21:11,973 - 4194 [restartedMain] INFO  o.a.coyote.http11.Http11NioProtocol - Initializing ProtocolHandler ["http-nio-8080"]
2019-02-21 14:21:11,981 - 4202 [restartedMain] INFO  o.a.catalina.core.StandardService - Starting service [Tomcat]
2019-02-21 14:21:11,981 - 4202 [restartedMain] INFO  o.a.catalina.core.StandardEngine - Starting Servlet engine: [Apache Tomcat/9.0.16]
2019-02-21 14:21:11,988 - 4209 [restartedMain] INFO  o.a.c.core.AprLifecycleListener - The APR based Apache Tomcat Native library which allows optimal performance in production environments was not found on the java.library.path: [D:\Java\jdk1.8.0_112\bin;C:\WINDOWS\Sun\Java\bin;C:\WINDOWS\system32;C:\WINDOWS;C:\Program Files (x86)\Common Files\NetSarang;C:\WINDOWS\system32;C:\WINDOWS;C:\WINDOWS\System32\Wbem;C:\WINDOWS\System32\WindowsPowerShell\v1.0\;D:\Java\jdk1.8.0_112\bin;D:\Java\jdk1.8.0_112\jre\bin;D:\Users\wangyanjun\apache-maven-3.5.2\bin;C:\WINDOWS\System32\OpenSSH\;D:\Users\Administrator\AppData\Roaming\nvm;D:\Users\Administrator\AppData\Roaming\nodejs;C:\Program Files\TortoiseSVN\bin;D:\Program Files\Git\cmd;C:\Users\wangyanjun\AppData\Local\Microsoft\WindowsApps;D:\Users\wangyanjun\AppData\Local\Programs\Fiddler;C:\Users\wangyanjun\AppData\Local\Microsoft\WindowsApps;D:\Users\wangyanjun\AppData\Roaming\nvm;D:\Users\wangyanjun\AppData\Roaming\nodejs;.]
2019-02-21 14:21:12,191 - 4412 [restartedMain] INFO  o.a.c.c.C.[.[localhost].[/novel] - Initializing Spring embedded WebApplicationContext
2019-02-21 14:21:12,191 - 4412 [restartedMain] DEBUG o.s.web.context.ContextLoader - Published root WebApplicationContext as ServletContext attribute with name [org.springframework.web.context.WebApplicationContext.ROOT]
2019-02-21 14:21:12,191 - 4412 [restartedMain] INFO  o.s.web.context.ContextLoader - Root WebApplicationContext: initialization completed in 3044 ms
2019-02-21 14:21:12,590 - 4811 [restartedMain] INFO  c.a.d.s.b.a.DruidDataSourceAutoConfigure - Init DruidDataSource
2019-02-21 14:21:13,123 - 5344 [restartedMain] INFO  c.a.druid.pool.DruidDataSource - {dataSource-1} inited
2019-02-21 14:21:13,125 - 5346 [Druid-ConnectionPool-Log-1977910867] INFO  c.a.d.p.DruidDataSourceStatLoggerImpl - {"url":"jdbc:mysql://127.0.0.1:3306/novel?useSSL=false&useUnicode=true&characterEncoding=utf8&autoReconnect=true&useOldAliasMetadataBehavior=true&serverTimezone=GMT%2B8","dbType":"mysql","name":"DataSource-1977910867","activeCount":0,"poolingCount":5,"poolingPeak":5,"poolingPeakTime":"2019-02-21 14:21:13","connectCount":0,"closeCount":0,"physicalConnectCount":5}
2019-02-21 14:21:13,398 - 5619 [restartedMain] INFO  o.h.jpa.internal.util.LogHelper - HHH000204: Processing PersistenceUnitInfo [
	name: default
	...]
2019-02-21 14:21:13,479 - 5700 [restartedMain] INFO  org.hibernate.Version - HHH000412: Hibernate Core {5.3.7.Final}
2019-02-21 14:21:13,481 - 5702 [restartedMain] INFO  org.hibernate.cfg.Environment - HHH000206: hibernate.properties not found
2019-02-21 14:21:13,700 - 5921 [restartedMain] INFO  o.h.annotations.common.Version - HCANN000001: Hibernate Commons Annotations {5.0.4.Final}
2019-02-21 14:21:13,992 - 6213 [restartedMain] INFO  org.hibernate.dialect.Dialect - HHH000400: Using dialect: org.hibernate.dialect.MySQL5Dialect
2019-02-21 14:21:15,096 - 7317 [restartedMain] INFO  o.s.o.j.LocalContainerEntityManagerFactoryBean - Initialized JPA EntityManagerFactory for persistence unit 'default'
2019-02-21 14:21:15,229 - 7450 [restartedMain] INFO  o.s.b.d.a.OptionalLiveReloadServer - LiveReload server is running on port 35729
2019-02-21 14:21:18,623 - 10844 [restartedMain] INFO  o.s.s.c.ThreadPoolTaskScheduler - Initializing ExecutorService 'getScheduler'
2019-02-21 14:21:18,752 - 10973 [restartedMain] INFO  o.h.h.i.QueryTranslatorFactoryInitiator - HHH000397: Using ASTQueryTranslatorFactory
2019-02-21 14:21:19,132 - 11353 [restartedMain] INFO  c.p.n.controller.ScheduleController - 【后台定时任务配置】cron={
  "id": 1,
  "code": "task1",
  "cron": "0 0 0/2 * * ?",
  "createTime": "Feb 19, 2019 5:29:50 PM",
  "updateTime": "Feb 19, 2019 5:29:50 PM"
}
2019-02-21 14:21:19,136 - 11357 [restartedMain] INFO  c.p.n.controller.ScheduleController - 【后台定时任务配置】cron={
  "id": 2,
  "code": "task2",
  "cron": "0/1 0 0 * * ?",
  "createTime": "Feb 19, 2019 5:30:14 PM",
  "updateTime": "Feb 19, 2019 5:30:14 PM"
}
2019-02-21 14:21:19,501 - 11722 [restartedMain] DEBUG o.s.w.s.h.SimpleUrlHandlerMapping - Patterns [/**/favicon.ico] in 'faviconHandlerMapping'
2019-02-21 14:21:19,993 - 12214 [restartedMain] DEBUG o.s.w.s.m.m.a.RequestMappingHandlerAdapter - ControllerAdvice beans: 0 @ModelAttribute, 0 @InitBinder, 1 RequestBodyAdvice, 1 ResponseBodyAdvice
2019-02-21 14:21:20,081 - 12302 [restartedMain] DEBUG o.s.w.s.m.m.a.RequestMappingHandlerMapping - 40 mappings in 'requestMappingHandlerMapping'
2019-02-21 14:21:20,117 - 12338 [restartedMain] DEBUG o.s.w.s.h.SimpleUrlHandlerMapping - Patterns [/webjars/**, /**] in 'resourceHandlerMapping'
2019-02-21 14:21:20,130 - 12351 [restartedMain] DEBUG o.s.w.s.m.m.a.ExceptionHandlerExceptionResolver - ControllerAdvice beans: 0 @ExceptionHandler, 1 ResponseBodyAdvice
2019-02-21 14:21:20,782 - 13003 [restartedMain] DEBUG o.s.w.s.v.f.FreeMarkerConfigurer - Template loader path [class path resource [templates/]] resolved to file path [D:\Users\wangyanjun\workspace\novel\target\classes\templates]
2019-02-21 14:21:21,186 - 13407 [restartedMain] DEBUG o.s.w.s.s.s.ServerEndpointExporter - Registering @ServerEndpoint class: class com.potato369.novel.service.impl.WebSocket
2019-02-21 14:21:21,245 - 13466 [restartedMain] INFO  o.a.coyote.http11.Http11NioProtocol - Starting ProtocolHandler ["http-nio-8080"]
2019-02-21 14:21:21,269 - 13490 [restartedMain] INFO  o.s.b.w.e.tomcat.TomcatWebServer - Tomcat started on port(s): 8080 (http) with context path '/novel'
2019-02-21 14:21:21,272 - 13493 [restartedMain] INFO  c.potato369.novel.NovelApplication - Started NovelApplication in 12.944 seconds (JVM running for 16.187)
2019-02-21 14:26:13,129 - 305350 [Druid-ConnectionPool-Log-1977910867] INFO  c.a.d.p.DruidDataSourceStatLoggerImpl - {"url":"jdbc:mysql://127.0.0.1:3306/novel?useSSL=false&useUnicode=true&characterEncoding=utf8&autoReconnect=true&useOldAliasMetadataBehavior=true&serverTimezone=GMT%2B8","dbType":"mysql","name":"DataSource-1977910867","activeCount":0,"activePeak":1,"activePeakTime":"2019-02-21 14:21:13","poolingCount":5,"poolingPeak":5,"poolingPeakTime":"2019-02-21 14:21:13","connectCount":5,"closeCount":5,"executeCount":2,"pstmtCacheHitCount":1,"pstmtCacheMissCount":1,"connectionHoldTimeHistogram":[0,2,1,2],"sqlList":[{"sql":"select cron0_.id as id1_0_, cron0_.code as code2_0_, cron0_.create_time as create_t3_0_, cron0_.cron as cron4_0_, cron0_.update_time as update_t5_0_ from cron_info cron0_ where cron0_.code=?","executeCount":2,"executeMillisMax":5,"executeMillisTotal":5,"executeHistogram":[1,1],"executeAndResultHoldHistogram":[2],"concurrentMax":1,"fetchRowCount":1,"fetchRowHistogram":[0,2]}]}
2019-02-21 14:31:13,129 - 605350 [Druid-ConnectionPool-Log-1977910867] INFO  c.a.d.p.DruidDataSourceStatLoggerImpl - {"url":"jdbc:mysql://127.0.0.1:3306/novel?useSSL=false&useUnicode=true&characterEncoding=utf8&autoReconnect=true&useOldAliasMetadataBehavior=true&serverTimezone=GMT%2B8","dbType":"mysql","name":"DataSource-1977910867","activeCount":0,"poolingCount":5,"connectCount":0,"closeCount":0}
2019-02-21 14:36:13,130 - 905351 [Druid-ConnectionPool-Log-1977910867] INFO  c.a.d.p.DruidDataSourceStatLoggerImpl - {"url":"jdbc:mysql://127.0.0.1:3306/novel?useSSL=false&useUnicode=true&characterEncoding=utf8&autoReconnect=true&useOldAliasMetadataBehavior=true&serverTimezone=GMT%2B8","dbType":"mysql","name":"DataSource-1977910867","activeCount":0,"poolingCount":5,"connectCount":0,"closeCount":0}
2019-02-21 14:41:13,131 - 1205352 [Druid-ConnectionPool-Log-1977910867] INFO  c.a.d.p.DruidDataSourceStatLoggerImpl - {"url":"jdbc:mysql://127.0.0.1:3306/novel?useSSL=false&useUnicode=true&characterEncoding=utf8&autoReconnect=true&useOldAliasMetadataBehavior=true&serverTimezone=GMT%2B8","dbType":"mysql","name":"DataSource-1977910867","activeCount":0,"poolingCount":5,"connectCount":0,"closeCount":0}
2019-02-21 14:46:13,131 - 1505352 [Druid-ConnectionPool-Log-1977910867] INFO  c.a.d.p.DruidDataSourceStatLoggerImpl - {"url":"jdbc:mysql://127.0.0.1:3306/novel?useSSL=false&useUnicode=true&characterEncoding=utf8&autoReconnect=true&useOldAliasMetadataBehavior=true&serverTimezone=GMT%2B8","dbType":"mysql","name":"DataSource-1977910867","activeCount":0,"poolingCount":5,"connectCount":0,"closeCount":0}
2019-02-21 14:51:13,133 - 1805354 [Druid-ConnectionPool-Log-1977910867] INFO  c.a.d.p.DruidDataSourceStatLoggerImpl - {"url":"jdbc:mysql://127.0.0.1:3306/novel?useSSL=false&useUnicode=true&characterEncoding=utf8&autoReconnect=true&useOldAliasMetadataBehavior=true&serverTimezone=GMT%2B8","dbType":"mysql","name":"DataSource-1977910867","activeCount":0,"poolingCount":5,"connectCount":0,"closeCount":0}
2019-02-21 14:56:13,134 - 2105355 [Druid-ConnectionPool-Log-1977910867] INFO  c.a.d.p.DruidDataSourceStatLoggerImpl - {"url":"jdbc:mysql://127.0.0.1:3306/novel?useSSL=false&useUnicode=true&characterEncoding=utf8&autoReconnect=true&useOldAliasMetadataBehavior=true&serverTimezone=GMT%2B8","dbType":"mysql","name":"DataSource-1977910867","activeCount":0,"poolingCount":5,"connectCount":0,"closeCount":0}
2019-02-21 15:00:20,284 - 2352505 [http-nio-8080-exec-5] INFO  o.a.c.c.C.[.[localhost].[/novel] - Initializing Spring DispatcherServlet 'dispatcherServlet'
2019-02-21 15:00:20,285 - 2352506 [http-nio-8080-exec-5] INFO  o.s.web.servlet.DispatcherServlet - Initializing Servlet 'dispatcherServlet'
2019-02-21 15:00:20,287 - 2352508 [http-nio-8080-exec-5] DEBUG o.s.web.servlet.DispatcherServlet - Detected StandardServletMultipartResolver
2019-02-21 15:00:20,350 - 2352571 [http-nio-8080-exec-5] DEBUG o.s.web.servlet.DispatcherServlet - enableLoggingRequestDetails='false': request parameters and headers will be masked to prevent unsafe logging of potentially sensitive data
2019-02-21 15:00:20,350 - 2352571 [http-nio-8080-exec-5] INFO  o.s.web.servlet.DispatcherServlet - Completed initialization in 65 ms
2019-02-21 15:00:20,399 - 2352620 [http-nio-8080-exec-5] DEBUG o.s.web.servlet.DispatcherServlet - GET "/novel/wechat/userInfo?code=abcde&state=abcde", parameters={masked}
2019-02-21 15:00:20,408 - 2352629 [http-nio-8080-exec-5] DEBUG o.s.w.s.m.m.a.RequestMappingHandlerMapping - Mapped to public java.lang.String com.potato369.novel.controller.BuyerWeChatController.userInfo(java.lang.String,java.lang.String,javax.servlet.http.HttpServletResponse)
2019-02-21 15:00:20,476 - 2352697 [http-nio-8080-exec-5] INFO  c.p.n.a.NovelHttpAuthorizeAspect - 【拦截http请求】doBefore：拦截http请求日志
2019-02-21 15:00:20,478 - 2352699 [http-nio-8080-exec-5] INFO  c.p.n.a.NovelHttpAuthorizeAspect - 【拦截http请求】url=http://potato369.mynatapp.cc/novel/wechat/userInfo
2019-02-21 15:00:20,479 - 2352700 [http-nio-8080-exec-5] INFO  c.p.n.a.NovelHttpAuthorizeAspect - 【拦截http请求】method=GET
2019-02-21 15:00:20,480 - 2352701 [http-nio-8080-exec-5] INFO  c.p.n.a.NovelHttpAuthorizeAspect - 【拦截http请求】代理ip=192.168.1.138
2019-02-21 15:00:20,481 - 2352702 [http-nio-8080-exec-5] INFO  c.p.n.a.NovelHttpAuthorizeAspect - 【拦截http请求】真实ip=183.14.29.23
2019-02-21 15:00:20,493 - 2352714 [http-nio-8080-exec-5] INFO  c.p.n.a.NovelHttpAuthorizeAspect - 【拦截http请求】class method name=com.potato369.novel.controller.BuyerWeChatController.userInfo()
2019-02-21 15:00:20,493 - 2352714 [http-nio-8080-exec-5] INFO  c.p.n.a.NovelHttpAuthorizeAspect - 【拦截http请求】 args[0]=abcde
2019-02-21 15:00:20,493 - 2352714 [http-nio-8080-exec-5] INFO  c.p.n.a.NovelHttpAuthorizeAspect - 【拦截http请求】 args[1]=abcde
2019-02-21 15:00:20,494 - 2352715 [http-nio-8080-exec-5] INFO  c.p.n.a.NovelHttpAuthorizeAspect - 【拦截http请求】 args[2]=com.alibaba.druid.support.http.WebStatFilter$StatHttpServletResponseWrapper@3908c671
2019-02-21 15:00:21,019 - 2353240 [http-nio-8080-exec-5] INFO  c.p.n.a.NovelHttpAuthorizeAspect - 【拦截http请求】doAfter：拦截http请求日志
2019-02-21 15:00:21,027 - 2353248 [http-nio-8080-exec-5] DEBUG o.s.web.servlet.DispatcherServlet - Failed to complete request: BuyerAuthorizeException(code=20, message=null)
2019-02-21 15:00:21,039 - 2353260 [http-nio-8080-exec-5] DEBUG o.s.web.servlet.DispatcherServlet - "ERROR" dispatch for GET "/novel/error?code=abcde&state=abcde", parameters={masked}
2019-02-21 15:00:21,048 - 2353269 [http-nio-8080-exec-5] DEBUG o.s.w.s.m.m.a.RequestMappingHandlerMapping - Mapped to public org.springframework.web.servlet.ModelAndView org.springframework.boot.autoconfigure.web.servlet.error.BasicErrorController.errorHtml(javax.servlet.http.HttpServletRequest,javax.servlet.http.HttpServletResponse)
2019-02-21 15:00:21,099 - 2353320 [http-nio-8080-exec-5] DEBUG o.s.w.s.v.ContentNegotiatingViewResolver - Selected 'text/html' given [text/html, text/html;q=0.8]
2019-02-21 15:00:21,106 - 2353327 [http-nio-8080-exec-5] DEBUG o.s.web.servlet.DispatcherServlet - Exiting from "ERROR" dispatch, status 500
2019-02-21 15:00:38,490 - 2370711 [http-nio-8080-exec-6] DEBUG o.s.web.servlet.DispatcherServlet - GET "/novel/wechat/userInfo?code=abcde&state=abcde", parameters={masked}
2019-02-21 15:00:38,491 - 2370712 [http-nio-8080-exec-6] DEBUG o.s.w.s.m.m.a.RequestMappingHandlerMapping - Mapped to public java.lang.String com.potato369.novel.controller.BuyerWeChatController.userInfo(java.lang.String,java.lang.String,javax.servlet.http.HttpServletResponse)
2019-02-21 15:00:38,493 - 2370714 [http-nio-8080-exec-6] INFO  c.p.n.a.NovelHttpAuthorizeAspect - 【拦截http请求】doBefore：拦截http请求日志
2019-02-21 15:00:38,494 - 2370715 [http-nio-8080-exec-6] INFO  c.p.n.a.NovelHttpAuthorizeAspect - 【拦截http请求】url=http://potato369.mynatapp.cc/novel/wechat/userInfo
2019-02-21 15:00:38,494 - 2370715 [http-nio-8080-exec-6] INFO  c.p.n.a.NovelHttpAuthorizeAspect - 【拦截http请求】method=GET
2019-02-21 15:00:38,494 - 2370715 [http-nio-8080-exec-6] INFO  c.p.n.a.NovelHttpAuthorizeAspect - 【拦截http请求】代理ip=192.168.1.138
2019-02-21 15:00:38,494 - 2370715 [http-nio-8080-exec-6] INFO  c.p.n.a.NovelHttpAuthorizeAspect - 【拦截http请求】真实ip=42.236.10.78
2019-02-21 15:00:38,495 - 2370716 [http-nio-8080-exec-6] INFO  c.p.n.a.NovelHttpAuthorizeAspect - 【拦截http请求】class method name=com.potato369.novel.controller.BuyerWeChatController.userInfo()
2019-02-21 15:00:38,495 - 2370716 [http-nio-8080-exec-6] INFO  c.p.n.a.NovelHttpAuthorizeAspect - 【拦截http请求】 args[0]=abcde
2019-02-21 15:00:38,496 - 2370717 [http-nio-8080-exec-6] INFO  c.p.n.a.NovelHttpAuthorizeAspect - 【拦截http请求】 args[1]=abcde
2019-02-21 15:00:38,496 - 2370717 [http-nio-8080-exec-6] INFO  c.p.n.a.NovelHttpAuthorizeAspect - 【拦截http请求】 args[2]=com.alibaba.druid.support.http.WebStatFilter$StatHttpServletResponseWrapper@4d78fda1
2019-02-21 15:00:38,610 - 2370831 [http-nio-8080-exec-6] INFO  c.p.n.a.NovelHttpAuthorizeAspect - 【拦截http请求】doAfter：拦截http请求日志
2019-02-21 15:00:38,610 - 2370831 [http-nio-8080-exec-6] DEBUG o.s.web.servlet.DispatcherServlet - Failed to complete request: BuyerAuthorizeException(code=20, message=null)
2019-02-21 15:00:38,612 - 2370833 [http-nio-8080-exec-6] DEBUG o.s.web.servlet.DispatcherServlet - "ERROR" dispatch for GET "/novel/error?code=abcde&state=abcde", parameters={masked}
2019-02-21 15:00:38,612 - 2370833 [http-nio-8080-exec-6] DEBUG o.s.w.s.m.m.a.RequestMappingHandlerMapping - Mapped to public org.springframework.web.servlet.ModelAndView org.springframework.boot.autoconfigure.web.servlet.error.BasicErrorController.errorHtml(javax.servlet.http.HttpServletRequest,javax.servlet.http.HttpServletResponse)
2019-02-21 15:00:38,624 - 2370845 [http-nio-8080-exec-6] DEBUG o.s.w.s.v.ContentNegotiatingViewResolver - Selected 'text/html' given [text/html, text/html;q=0.8]
2019-02-21 15:00:38,625 - 2370846 [http-nio-8080-exec-6] DEBUG o.s.web.servlet.DispatcherServlet - Exiting from "ERROR" dispatch, status 500
2019-02-21 15:01:13,136 - 2405357 [Druid-ConnectionPool-Log-1977910867] INFO  c.a.d.p.DruidDataSourceStatLoggerImpl - {"url":"jdbc:mysql://127.0.0.1:3306/novel?useSSL=false&useUnicode=true&characterEncoding=utf8&autoReconnect=true&useOldAliasMetadataBehavior=true&serverTimezone=GMT%2B8","dbType":"mysql","name":"DataSource-1977910867","activeCount":0,"poolingCount":5,"connectCount":0,"closeCount":0}
2019-02-21 15:06:13,137 - 2705358 [Druid-ConnectionPool-Log-1977910867] INFO  c.a.d.p.DruidDataSourceStatLoggerImpl - {"url":"jdbc:mysql://127.0.0.1:3306/novel?useSSL=false&useUnicode=true&characterEncoding=utf8&autoReconnect=true&useOldAliasMetadataBehavior=true&serverTimezone=GMT%2B8","dbType":"mysql","name":"DataSource-1977910867","activeCount":0,"poolingCount":5,"connectCount":0,"closeCount":0}
2019-02-21 15:10:17,618 - 2949839 [http-nio-8080-exec-2] DEBUG o.s.web.servlet.DispatcherServlet - GET "/novel/wechat/userInfo?code=011JnW4d2U5WOF0uQb4d2liF4d2JnW4Q&state=STATE", parameters={masked}
2019-02-21 15:10:17,618 - 2949839 [http-nio-8080-exec-2] DEBUG o.s.w.s.m.m.a.RequestMappingHandlerMapping - Mapped to public java.lang.String com.potato369.novel.controller.BuyerWeChatController.userInfo(java.lang.String,java.lang.String,javax.servlet.http.HttpServletResponse)
2019-02-21 15:10:17,619 - 2949840 [http-nio-8080-exec-2] INFO  c.p.n.a.NovelHttpAuthorizeAspect - 【拦截http请求】doBefore：拦截http请求日志
2019-02-21 15:10:17,619 - 2949840 [http-nio-8080-exec-2] INFO  c.p.n.a.NovelHttpAuthorizeAspect - 【拦截http请求】url=http://potato369.mynatapp.cc/novel/wechat/userInfo
2019-02-21 15:10:17,619 - 2949840 [http-nio-8080-exec-2] INFO  c.p.n.a.NovelHttpAuthorizeAspect - 【拦截http请求】method=GET
2019-02-21 15:10:17,619 - 2949840 [http-nio-8080-exec-2] INFO  c.p.n.a.NovelHttpAuthorizeAspect - 【拦截http请求】代理ip=192.168.1.138
2019-02-21 15:10:17,619 - 2949840 [http-nio-8080-exec-2] INFO  c.p.n.a.NovelHttpAuthorizeAspect - 【拦截http请求】真实ip=183.14.29.23
2019-02-21 15:10:17,619 - 2949840 [http-nio-8080-exec-2] INFO  c.p.n.a.NovelHttpAuthorizeAspect - 【拦截http请求】class method name=com.potato369.novel.controller.BuyerWeChatController.userInfo()
2019-02-21 15:10:17,620 - 2949841 [http-nio-8080-exec-2] INFO  c.p.n.a.NovelHttpAuthorizeAspect - 【拦截http请求】 args[0]=011JnW4d2U5WOF0uQb4d2liF4d2JnW4Q
2019-02-21 15:10:17,620 - 2949841 [http-nio-8080-exec-2] INFO  c.p.n.a.NovelHttpAuthorizeAspect - 【拦截http请求】 args[1]=STATE
2019-02-21 15:10:17,620 - 2949841 [http-nio-8080-exec-2] INFO  c.p.n.a.NovelHttpAuthorizeAspect - 【拦截http请求】 args[2]=com.alibaba.druid.support.http.WebStatFilter$StatHttpServletResponseWrapper@675e824a
2019-02-21 15:10:17,931 - 2950152 [http-nio-8080-exec-2] DEBUG c.p.n.c.BuyerWeChatController - 【微信公众平台网页授权】获取用户信息  ==>  wxMpOAuth2AccessToken_Json={
  "accessToken": "18_YQP4lfAblokWd5gq3B4L_c6tGH1H0qFQxzNF1_SglFHjQ_wcISBXpEuCexeTYZ1JIEpmva1iao2mDh7oUfYt5x29yOOLPW5lsilSjLVmTNM",
  "expiresIn": 7200,
  "refreshToken": "18_6WE8VAuc6uThQfqASRPLMzf-bzZw2UdPwTZlV02FOvXoUqrRhSIPIsF4i7hGOgqGnThk2xIP770GSgxNajqrCnPBC67QseGkwHmfSV7kEuA",
  "openId": "oUI3z1L47S79xpaRdf1jM8-r_SFY",
  "scope": "snsapi_base"
}
2019-02-21 15:10:17,931 - 2950152 [http-nio-8080-exec-2] DEBUG c.p.n.c.BuyerWeChatController - 【微信公众平台网页授权】设置token保存到Cookie或者Redis
2019-02-21 15:10:18,256 - 2950477 [http-nio-8080-exec-2] INFO  io.lettuce.core.EpollProvider - Starting without optional epoll library
2019-02-21 15:10:18,257 - 2950478 [http-nio-8080-exec-2] INFO  io.lettuce.core.KqueueProvider - Starting without optional kqueue library
2019-02-21 15:10:21,489 - 2953710 [http-nio-8080-exec-2] INFO  c.p.n.a.NovelHttpAuthorizeAspect - 【拦截http请求】doAfter：拦截http请求日志
2019-02-21 15:10:21,489 - 2953710 [http-nio-8080-exec-2] INFO  c.p.n.a.NovelHttpAuthorizeAspect - 【拦截http请求】doAfterReturning: 拦截http请求返回response=redirect:STATE?openid=oUI3z1L47S79xpaRdf1jM8-r_SFY
2019-02-21 15:10:21,503 - 2953724 [http-nio-8080-exec-2] DEBUG o.s.web.servlet.view.RedirectView - View name 'redirect:', model {}
2019-02-21 15:10:21,505 - 2953726 [http-nio-8080-exec-2] DEBUG o.s.web.servlet.DispatcherServlet - Completed 200 OK
2019-02-21 15:10:21,617 - 2953838 [http-nio-8080-exec-3] DEBUG o.s.web.servlet.DispatcherServlet - GET "/novel/wechat/STATE?openid=oUI3z1L47S79xpaRdf1jM8-r_SFY", parameters={masked}
2019-02-21 15:10:21,622 - 2953843 [http-nio-8080-exec-3] DEBUG o.s.w.s.h.SimpleUrlHandlerMapping - Mapped to ResourceHttpRequestHandler ["classpath:/META-INF/resources/", "classpath:/resources/", "classpath:/static/", "classpath:/public/", "/"]
2019-02-21 15:10:21,630 - 2953851 [http-nio-8080-exec-3] DEBUG o.s.w.s.r.ResourceHttpRequestHandler - Resource not found
2019-02-21 15:10:21,631 - 2953852 [http-nio-8080-exec-3] DEBUG o.s.web.servlet.DispatcherServlet - Completed 404 NOT_FOUND
2019-02-21 15:10:21,631 - 2953852 [http-nio-8080-exec-3] DEBUG o.s.web.servlet.DispatcherServlet - "ERROR" dispatch for GET "/novel/error?openid=oUI3z1L47S79xpaRdf1jM8-r_SFY", parameters={masked}
2019-02-21 15:10:21,632 - 2953853 [http-nio-8080-exec-3] DEBUG o.s.w.s.m.m.a.RequestMappingHandlerMapping - Mapped to public org.springframework.web.servlet.ModelAndView org.springframework.boot.autoconfigure.web.servlet.error.BasicErrorController.errorHtml(javax.servlet.http.HttpServletRequest,javax.servlet.http.HttpServletResponse)
2019-02-21 15:10:21,647 - 2953868 [http-nio-8080-exec-3] DEBUG o.s.w.s.v.ContentNegotiatingViewResolver - Selected 'text/html' given [text/html, text/html;q=0.8]
2019-02-21 15:10:21,647 - 2953868 [http-nio-8080-exec-3] DEBUG o.s.web.servlet.DispatcherServlet - Exiting from "ERROR" dispatch, status 404
2019-02-21 15:11:13,138 - 3005359 [Druid-ConnectionPool-Log-1977910867] INFO  c.a.d.p.DruidDataSourceStatLoggerImpl - {"url":"jdbc:mysql://127.0.0.1:3306/novel?useSSL=false&useUnicode=true&characterEncoding=utf8&autoReconnect=true&useOldAliasMetadataBehavior=true&serverTimezone=GMT%2B8","dbType":"mysql","name":"DataSource-1977910867","activeCount":0,"poolingCount":5,"connectCount":0,"closeCount":0}
2019-02-21 15:16:13,138 - 3305359 [Druid-ConnectionPool-Log-1977910867] INFO  c.a.d.p.DruidDataSourceStatLoggerImpl - {"url":"jdbc:mysql://127.0.0.1:3306/novel?useSSL=false&useUnicode=true&characterEncoding=utf8&autoReconnect=true&useOldAliasMetadataBehavior=true&serverTimezone=GMT%2B8","dbType":"mysql","name":"DataSource-1977910867","activeCount":0,"poolingCount":5,"connectCount":0,"closeCount":0}
2019-02-21 15:20:31,970 - 3564191 [http-nio-8080-exec-5] DEBUG o.s.web.servlet.DispatcherServlet - GET "/novel/wechat/userInfo?code=0718UjLf1hYOkr00EKLf1IJiLf18UjL0&state=https%3A%2F%2Fwww.baidu.com", parameters={masked}
2019-02-21 15:20:31,971 - 3564192 [http-nio-8080-exec-5] DEBUG o.s.w.s.m.m.a.RequestMappingHandlerMapping - Mapped to public java.lang.String com.potato369.novel.controller.BuyerWeChatController.userInfo(java.lang.String,java.lang.String,javax.servlet.http.HttpServletResponse)
2019-02-21 15:20:31,972 - 3564193 [http-nio-8080-exec-5] INFO  c.p.n.a.NovelHttpAuthorizeAspect - 【拦截http请求】doBefore：拦截http请求日志
2019-02-21 15:20:31,972 - 3564193 [http-nio-8080-exec-5] INFO  c.p.n.a.NovelHttpAuthorizeAspect - 【拦截http请求】url=http://potato369.mynatapp.cc/novel/wechat/userInfo
2019-02-21 15:20:31,972 - 3564193 [http-nio-8080-exec-5] INFO  c.p.n.a.NovelHttpAuthorizeAspect - 【拦截http请求】method=GET
2019-02-21 15:20:31,972 - 3564193 [http-nio-8080-exec-5] INFO  c.p.n.a.NovelHttpAuthorizeAspect - 【拦截http请求】代理ip=192.168.1.138
2019-02-21 15:20:31,972 - 3564193 [http-nio-8080-exec-5] INFO  c.p.n.a.NovelHttpAuthorizeAspect - 【拦截http请求】真实ip=183.14.29.23
2019-02-21 15:20:31,972 - 3564193 [http-nio-8080-exec-5] INFO  c.p.n.a.NovelHttpAuthorizeAspect - 【拦截http请求】class method name=com.potato369.novel.controller.BuyerWeChatController.userInfo()
2019-02-21 15:20:31,972 - 3564193 [http-nio-8080-exec-5] INFO  c.p.n.a.NovelHttpAuthorizeAspect - 【拦截http请求】 args[0]=0718UjLf1hYOkr00EKLf1IJiLf18UjL0
2019-02-21 15:20:31,972 - 3564193 [http-nio-8080-exec-5] INFO  c.p.n.a.NovelHttpAuthorizeAspect - 【拦截http请求】 args[1]=https://www.baidu.com
2019-02-21 15:20:31,972 - 3564193 [http-nio-8080-exec-5] INFO  c.p.n.a.NovelHttpAuthorizeAspect - 【拦截http请求】 args[2]=com.alibaba.druid.support.http.WebStatFilter$StatHttpServletResponseWrapper@4d9cb7b
2019-02-21 15:20:32,174 - 3564395 [http-nio-8080-exec-5] DEBUG c.p.n.c.BuyerWeChatController - 【微信公众平台网页授权】获取用户信息  ==>  wxMpOAuth2AccessToken_Json={
  "accessToken": "18_ZYc-Mu0FZATFXcp_orFbvsUuXdgOo0n5G-iX1vCmYpB2yrO1SLMLyzeGUBJv0VFIcLVVQiMopykfc7chNMXZbtF57IQdoeHjECVetfB3xEs",
  "expiresIn": 7200,
  "refreshToken": "18_yA_A0G4peuR_M4yQ3kZ60s16cm-naOvW7qHsa-lZNFK5K8Zgq42vXhC1x9gOpIS7TkWbq_2A8DK0zmi6Vxf9Rt6fFZjh_hb3rfYaPEvPHyU",
  "openId": "oUI3z1L47S79xpaRdf1jM8-r_SFY",
  "scope": "snsapi_base"
}
2019-02-21 15:20:32,175 - 3564396 [http-nio-8080-exec-5] DEBUG c.p.n.c.BuyerWeChatController - 【微信公众平台网页授权】设置token保存到Cookie或者Redis
2019-02-21 15:20:32,182 - 3564403 [http-nio-8080-exec-5] INFO  c.p.n.a.NovelHttpAuthorizeAspect - 【拦截http请求】doAfter：拦截http请求日志
2019-02-21 15:20:32,182 - 3564403 [http-nio-8080-exec-5] INFO  c.p.n.a.NovelHttpAuthorizeAspect - 【拦截http请求】doAfterReturning: 拦截http请求返回response=redirect:https://www.baidu.com?openid=oUI3z1L47S79xpaRdf1jM8-r_SFY
2019-02-21 15:20:32,184 - 3564405 [http-nio-8080-exec-5] DEBUG o.s.web.servlet.view.RedirectView - View name 'redirect:', model {}
2019-02-21 15:20:32,186 - 3564407 [http-nio-8080-exec-5] DEBUG o.s.web.servlet.DispatcherServlet - Completed 200 OK
2019-02-21 15:21:01,244 - 3593465 [http-nio-8080-exec-7] DEBUG o.s.web.servlet.DispatcherServlet - GET "/novel/wechat/userInfo?code=0718KTPg1q4aos02wFMg1290Qg18KTPS&state=https%3A%2F%2Fwww.baidu.com", parameters={masked}
2019-02-21 15:21:01,245 - 3593466 [http-nio-8080-exec-7] DEBUG o.s.w.s.m.m.a.RequestMappingHandlerMapping - Mapped to public java.lang.String com.potato369.novel.controller.BuyerWeChatController.userInfo(java.lang.String,java.lang.String,javax.servlet.http.HttpServletResponse)
2019-02-21 15:21:01,247 - 3593468 [http-nio-8080-exec-7] INFO  c.p.n.a.NovelHttpAuthorizeAspect - 【拦截http请求】doBefore：拦截http请求日志
2019-02-21 15:21:01,247 - 3593468 [http-nio-8080-exec-7] INFO  c.p.n.a.NovelHttpAuthorizeAspect - 【拦截http请求】url=http://potato369.mynatapp.cc/novel/wechat/userInfo
2019-02-21 15:21:01,247 - 3593468 [http-nio-8080-exec-7] INFO  c.p.n.a.NovelHttpAuthorizeAspect - 【拦截http请求】method=GET
2019-02-21 15:21:01,248 - 3593469 [http-nio-8080-exec-7] INFO  c.p.n.a.NovelHttpAuthorizeAspect - 【拦截http请求】代理ip=192.168.1.138
2019-02-21 15:21:01,248 - 3593469 [http-nio-8080-exec-7] INFO  c.p.n.a.NovelHttpAuthorizeAspect - 【拦截http请求】真实ip=183.14.29.23
2019-02-21 15:21:01,248 - 3593469 [http-nio-8080-exec-7] INFO  c.p.n.a.NovelHttpAuthorizeAspect - 【拦截http请求】class method name=com.potato369.novel.controller.BuyerWeChatController.userInfo()
2019-02-21 15:21:01,248 - 3593469 [http-nio-8080-exec-7] INFO  c.p.n.a.NovelHttpAuthorizeAspect - 【拦截http请求】 args[0]=0718KTPg1q4aos02wFMg1290Qg18KTPS
2019-02-21 15:21:01,248 - 3593469 [http-nio-8080-exec-7] INFO  c.p.n.a.NovelHttpAuthorizeAspect - 【拦截http请求】 args[1]=https://www.baidu.com
2019-02-21 15:21:01,248 - 3593469 [http-nio-8080-exec-7] INFO  c.p.n.a.NovelHttpAuthorizeAspect - 【拦截http请求】 args[2]=com.alibaba.druid.support.http.WebStatFilter$StatHttpServletResponseWrapper@90d3652
2019-02-21 15:21:01,435 - 3593656 [http-nio-8080-exec-7] DEBUG c.p.n.c.BuyerWeChatController - 【微信公众平台网页授权】获取用户信息  ==>  wxMpOAuth2AccessToken_Json={
  "accessToken": "18_31ngjOaWqSwuLnZ1joK1DqtXVqY9JMnRTEnRELbjADTzgF_eE2d7IgKW-u8fxQXB4_bLVREfgKzrB_psi26HNcM1BOmHWSI15j1uTRdY2Q0",
  "expiresIn": 7200,
  "refreshToken": "18_zDabPkzYtW1BCP6RWrEjTQ-3iBclqQBuREOGSQOFiUynDEEb5MOs8UDyxmc7FsVyfLmyp77e2f_J4rb3shdbN7tb6FMhaO63LASATwk1lBA",
  "openId": "oUI3z1L47S79xpaRdf1jM8-r_SFY",
  "scope": "snsapi_base"
}
2019-02-21 15:21:01,435 - 3593656 [http-nio-8080-exec-7] DEBUG c.p.n.c.BuyerWeChatController - 【微信公众平台网页授权】设置token保存到Cookie或者Redis
2019-02-21 15:21:01,437 - 3593658 [http-nio-8080-exec-7] INFO  c.p.n.a.NovelHttpAuthorizeAspect - 【拦截http请求】doAfter：拦截http请求日志
2019-02-21 15:21:01,437 - 3593658 [http-nio-8080-exec-7] INFO  c.p.n.a.NovelHttpAuthorizeAspect - 【拦截http请求】doAfterReturning: 拦截http请求返回response=redirect:https://www.baidu.com?openid=oUI3z1L47S79xpaRdf1jM8-r_SFY
2019-02-21 15:21:01,438 - 3593659 [http-nio-8080-exec-7] DEBUG o.s.web.servlet.view.RedirectView - View name 'redirect:', model {}
2019-02-21 15:21:01,438 - 3593659 [http-nio-8080-exec-7] DEBUG o.s.web.servlet.DispatcherServlet - Completed 200 OK
2019-02-21 15:21:13,139 - 3605360 [Druid-ConnectionPool-Log-1977910867] INFO  c.a.d.p.DruidDataSourceStatLoggerImpl - {"url":"jdbc:mysql://127.0.0.1:3306/novel?useSSL=false&useUnicode=true&characterEncoding=utf8&autoReconnect=true&useOldAliasMetadataBehavior=true&serverTimezone=GMT%2B8","dbType":"mysql","name":"DataSource-1977910867","activeCount":0,"poolingCount":5,"connectCount":0,"closeCount":0}
2019-02-21 15:21:26,085 - 3618306 [http-nio-8080-exec-9] DEBUG o.s.web.servlet.DispatcherServlet - GET "/novel/wechat/userInfo?code=061xqGj81UtCHM12FTg81o7Qj81xqGjk&state=https%3A%2F%2Fwww.baidu.com", parameters={masked}
2019-02-21 15:21:26,086 - 3618307 [http-nio-8080-exec-9] DEBUG o.s.w.s.m.m.a.RequestMappingHandlerMapping - Mapped to public java.lang.String com.potato369.novel.controller.BuyerWeChatController.userInfo(java.lang.String,java.lang.String,javax.servlet.http.HttpServletResponse)
2019-02-21 15:21:26,087 - 3618308 [http-nio-8080-exec-9] INFO  c.p.n.a.NovelHttpAuthorizeAspect - 【拦截http请求】doBefore：拦截http请求日志
2019-02-21 15:21:26,087 - 3618308 [http-nio-8080-exec-9] INFO  c.p.n.a.NovelHttpAuthorizeAspect - 【拦截http请求】url=http://potato369.mynatapp.cc/novel/wechat/userInfo
2019-02-21 15:21:26,087 - 3618308 [http-nio-8080-exec-9] INFO  c.p.n.a.NovelHttpAuthorizeAspect - 【拦截http请求】method=GET
2019-02-21 15:21:26,087 - 3618308 [http-nio-8080-exec-9] INFO  c.p.n.a.NovelHttpAuthorizeAspect - 【拦截http请求】代理ip=192.168.1.138
2019-02-21 15:21:26,087 - 3618308 [http-nio-8080-exec-9] INFO  c.p.n.a.NovelHttpAuthorizeAspect - 【拦截http请求】真实ip=183.14.29.23
2019-02-21 15:21:26,088 - 3618309 [http-nio-8080-exec-9] INFO  c.p.n.a.NovelHttpAuthorizeAspect - 【拦截http请求】class method name=com.potato369.novel.controller.BuyerWeChatController.userInfo()
2019-02-21 15:21:26,088 - 3618309 [http-nio-8080-exec-9] INFO  c.p.n.a.NovelHttpAuthorizeAspect - 【拦截http请求】 args[0]=061xqGj81UtCHM12FTg81o7Qj81xqGjk
2019-02-21 15:21:26,088 - 3618309 [http-nio-8080-exec-9] INFO  c.p.n.a.NovelHttpAuthorizeAspect - 【拦截http请求】 args[1]=https://www.baidu.com
2019-02-21 15:21:26,088 - 3618309 [http-nio-8080-exec-9] INFO  c.p.n.a.NovelHttpAuthorizeAspect - 【拦截http请求】 args[2]=com.alibaba.druid.support.http.WebStatFilter$StatHttpServletResponseWrapper@5df23eec
2019-02-21 15:21:26,290 - 3618511 [http-nio-8080-exec-9] DEBUG c.p.n.c.BuyerWeChatController - 【微信公众平台网页授权】获取用户信息  ==>  wxMpOAuth2AccessToken_Json={
  "accessToken": "18_1GyUGh9iiByhMTZlZoMjT75QD2f0Wi_R6hvJayyVE7MzWZzPKP7i-MGq8lqXNs5HpY4vuYoYSDB35d1czJX-hJzpX7hm4fZ_thjGPc-rsro",
  "expiresIn": 7200,
  "refreshToken": "18_qvN6v5AObqiFfuk6gqwKguD9AjCcvvnnmTq7aZTjsUbqXfUQKBS-qaI2O4cW91o4X3m6jIXKRKyvpJbz1FGnIl6s0kEfpjRr7vrlA937Ihc",
  "openId": "oUI3z1L47S79xpaRdf1jM8-r_SFY",
  "scope": "snsapi_base"
}
2019-02-21 15:21:26,290 - 3618511 [http-nio-8080-exec-9] DEBUG c.p.n.c.BuyerWeChatController - 【微信公众平台网页授权】设置token保存到Cookie或者Redis
2019-02-21 15:21:26,293 - 3618514 [http-nio-8080-exec-9] INFO  c.p.n.a.NovelHttpAuthorizeAspect - 【拦截http请求】doAfter：拦截http请求日志
2019-02-21 15:21:26,293 - 3618514 [http-nio-8080-exec-9] INFO  c.p.n.a.NovelHttpAuthorizeAspect - 【拦截http请求】doAfterReturning: 拦截http请求返回response=redirect:https://www.baidu.com?openid=oUI3z1L47S79xpaRdf1jM8-r_SFY
2019-02-21 15:21:26,294 - 3618515 [http-nio-8080-exec-9] DEBUG o.s.web.servlet.view.RedirectView - View name 'redirect:', model {}
2019-02-21 15:21:26,294 - 3618515 [http-nio-8080-exec-9] DEBUG o.s.web.servlet.DispatcherServlet - Completed 200 OK
2019-02-21 15:26:13,139 - 3905360 [Druid-ConnectionPool-Log-1977910867] INFO  c.a.d.p.DruidDataSourceStatLoggerImpl - {"url":"jdbc:mysql://127.0.0.1:3306/novel?useSSL=false&useUnicode=true&characterEncoding=utf8&autoReconnect=true&useOldAliasMetadataBehavior=true&serverTimezone=GMT%2B8","dbType":"mysql","name":"DataSource-1977910867","activeCount":0,"poolingCount":5,"connectCount":0,"closeCount":0}
2019-02-21 15:31:13,140 - 4205361 [Druid-ConnectionPool-Log-1977910867] INFO  c.a.d.p.DruidDataSourceStatLoggerImpl - {"url":"jdbc:mysql://127.0.0.1:3306/novel?useSSL=false&useUnicode=true&characterEncoding=utf8&autoReconnect=true&useOldAliasMetadataBehavior=true&serverTimezone=GMT%2B8","dbType":"mysql","name":"DataSource-1977910867","activeCount":0,"poolingCount":5,"connectCount":0,"closeCount":0}
2019-02-21 15:58:58,532 - 1220 [restartedMain] INFO  c.potato369.novel.NovelApplication - Starting NovelApplication on DESKTOP-TUDOU01 with PID 3188 (D:\Users\wangyanjun\workspace\novel\target\classes started by Jack in D:\Users\wangyanjun\workspace\novel)
2019-02-21 15:58:58,628 - 1316 [restartedMain] DEBUG c.potato369.novel.NovelApplication - Running with Spring Boot v2.1.3.RELEASE, Spring v5.1.5.RELEASE
2019-02-21 15:58:58,628 - 1316 [restartedMain] INFO  c.potato369.novel.NovelApplication - The following profiles are active: dev
2019-02-21 15:58:58,707 - 1395 [restartedMain] INFO  o.s.b.d.e.DevToolsPropertyDefaultsPostProcessor - Devtools property defaults active! Set 'spring.devtools.add-properties' to 'false' to disable
2019-02-21 15:58:58,707 - 1395 [restartedMain] INFO  o.s.b.d.e.DevToolsPropertyDefaultsPostProcessor - For additional web related logging consider setting the 'logging.level.web' property to 'DEBUG'
2019-02-21 15:58:59,759 - 2447 [restartedMain] WARN  o.m.s.mapper.ClassPathMapperScanner - No MyBatis mapper was found in '[com.potato369.novel]' package. Please check your configuration.
2019-02-21 15:58:59,823 - 2511 [restartedMain] INFO  o.s.d.r.c.RepositoryConfigurationDelegate - Multiple Spring Data modules found, entering strict repository configuration mode!
2019-02-21 15:58:59,823 - 2511 [restartedMain] INFO  o.s.d.r.c.RepositoryConfigurationDelegate - Bootstrapping Spring Data repositories in DEFAULT mode.
2019-02-21 15:58:59,983 - 2671 [restartedMain] INFO  o.s.d.r.c.RepositoryConfigurationDelegate - Finished Spring Data repository scanning in 153ms. Found 8 repository interfaces.
2019-02-21 15:58:59,997 - 2685 [restartedMain] INFO  o.s.d.r.c.RepositoryConfigurationDelegate - Multiple Spring Data modules found, entering strict repository configuration mode!
2019-02-21 15:58:59,999 - 2687 [restartedMain] INFO  o.s.d.r.c.RepositoryConfigurationDelegate - Bootstrapping Spring Data repositories in DEFAULT mode.
2019-02-21 15:59:00,052 - 2740 [restartedMain] INFO  o.s.d.r.c.RepositoryConfigurationExtensionSupport - Spring Data Redis - Could not safely identify store assignment for repository candidate interface com.potato369.novel.repository.CategoryRepository.
2019-02-21 15:59:00,053 - 2741 [restartedMain] INFO  o.s.d.r.c.RepositoryConfigurationExtensionSupport - Spring Data Redis - Could not safely identify store assignment for repository candidate interface com.potato369.novel.repository.CronRepository.
2019-02-21 15:59:00,053 - 2741 [restartedMain] INFO  o.s.d.r.c.RepositoryConfigurationExtensionSupport - Spring Data Redis - Could not safely identify store assignment for repository candidate interface com.potato369.novel.repository.NovelInfoRepository.
2019-02-21 15:59:00,053 - 2741 [restartedMain] INFO  o.s.d.r.c.RepositoryConfigurationExtensionSupport - Spring Data Redis - Could not safely identify store assignment for repository candidate interface com.potato369.novel.repository.OrderDetailRepository.
2019-02-21 15:59:00,054 - 2742 [restartedMain] INFO  o.s.d.r.c.RepositoryConfigurationExtensionSupport - Spring Data Redis - Could not safely identify store assignment for repository candidate interface com.potato369.novel.repository.OrderMasterRepository.
2019-02-21 15:59:00,054 - 2742 [restartedMain] INFO  o.s.d.r.c.RepositoryConfigurationExtensionSupport - Spring Data Redis - Could not safely identify store assignment for repository candidate interface com.potato369.novel.repository.ProductInfoRepository.
2019-02-21 15:59:00,054 - 2742 [restartedMain] INFO  o.s.d.r.c.RepositoryConfigurationExtensionSupport - Spring Data Redis - Could not safely identify store assignment for repository candidate interface com.potato369.novel.repository.SellerInfoRepository.
2019-02-21 15:59:00,055 - 2743 [restartedMain] INFO  o.s.d.r.c.RepositoryConfigurationExtensionSupport - Spring Data Redis - Could not safely identify store assignment for repository candidate interface com.potato369.novel.repository.UserInfoRepository.
2019-02-21 15:59:00,055 - 2743 [restartedMain] INFO  o.s.d.r.c.RepositoryConfigurationDelegate - Finished Spring Data repository scanning in 48ms. Found 0 repository interfaces.
2019-02-21 15:59:00,450 - 3138 [restartedMain] INFO  o.s.c.s.PostProcessorRegistrationDelegate$BeanPostProcessorChecker - Bean 'org.springframework.transaction.annotation.ProxyTransactionManagementConfiguration' of type [org.springframework.transaction.annotation.ProxyTransactionManagementConfiguration$$EnhancerBySpringCGLIB$$1318a88b] is not eligible for getting processed by all BeanPostProcessors (for example: not eligible for auto-proxying)
2019-02-21 15:59:01,268 - 3956 [restartedMain] INFO  o.s.b.w.e.tomcat.TomcatWebServer - Tomcat initialized with port(s): 8080 (http)
2019-02-21 15:59:01,282 - 3970 [restartedMain] INFO  o.a.coyote.http11.Http11NioProtocol - Initializing ProtocolHandler ["http-nio-8080"]
2019-02-21 15:59:01,289 - 3977 [restartedMain] INFO  o.a.catalina.core.StandardService - Starting service [Tomcat]
2019-02-21 15:59:01,289 - 3977 [restartedMain] INFO  o.a.catalina.core.StandardEngine - Starting Servlet engine: [Apache Tomcat/9.0.16]
2019-02-21 15:59:01,295 - 3983 [restartedMain] INFO  o.a.c.core.AprLifecycleListener - The APR based Apache Tomcat Native library which allows optimal performance in production environments was not found on the java.library.path: [D:\Java\jdk1.8.0_112\bin;C:\WINDOWS\Sun\Java\bin;C:\WINDOWS\system32;C:\WINDOWS;C:\Program Files (x86)\Common Files\NetSarang;C:\WINDOWS\system32;C:\WINDOWS;C:\WINDOWS\System32\Wbem;C:\WINDOWS\System32\WindowsPowerShell\v1.0\;D:\Java\jdk1.8.0_112\bin;D:\Java\jdk1.8.0_112\jre\bin;D:\Users\wangyanjun\apache-maven-3.5.2\bin;C:\WINDOWS\System32\OpenSSH\;D:\Users\Administrator\AppData\Roaming\nvm;D:\Users\Administrator\AppData\Roaming\nodejs;C:\Program Files\TortoiseSVN\bin;D:\Program Files\Git\cmd;C:\Users\wangyanjun\AppData\Local\Microsoft\WindowsApps;D:\Users\wangyanjun\AppData\Local\Programs\Fiddler;C:\Users\wangyanjun\AppData\Local\Microsoft\WindowsApps;D:\Users\wangyanjun\AppData\Roaming\nvm;D:\Users\wangyanjun\AppData\Roaming\nodejs;.]
2019-02-21 15:59:01,489 - 4177 [restartedMain] INFO  o.a.c.c.C.[.[localhost].[/novel] - Initializing Spring embedded WebApplicationContext
2019-02-21 15:59:01,489 - 4177 [restartedMain] DEBUG o.s.web.context.ContextLoader - Published root WebApplicationContext as ServletContext attribute with name [org.springframework.web.context.WebApplicationContext.ROOT]
2019-02-21 15:59:01,489 - 4177 [restartedMain] INFO  o.s.web.context.ContextLoader - Root WebApplicationContext: initialization completed in 2782 ms
2019-02-21 15:59:01,815 - 4503 [restartedMain] INFO  c.a.d.s.b.a.DruidDataSourceAutoConfigure - Init DruidDataSource
2019-02-21 15:59:02,251 - 4939 [restartedMain] INFO  c.a.druid.pool.DruidDataSource - {dataSource-1} inited
2019-02-21 15:59:02,253 - 4941 [Druid-ConnectionPool-Log-463043035] INFO  c.a.d.p.DruidDataSourceStatLoggerImpl - {"url":"jdbc:mysql://127.0.0.1:3306/novel?useSSL=false&useUnicode=true&characterEncoding=utf8&autoReconnect=true&useOldAliasMetadataBehavior=true&serverTimezone=GMT%2B8","dbType":"mysql","name":"DataSource-463043035","activeCount":0,"poolingCount":5,"poolingPeak":5,"poolingPeakTime":"2019-02-21 15:59:02","connectCount":0,"closeCount":0,"physicalConnectCount":5}
2019-02-21 15:59:02,486 - 5174 [restartedMain] INFO  o.h.jpa.internal.util.LogHelper - HHH000204: Processing PersistenceUnitInfo [
	name: default
	...]
2019-02-21 15:59:02,549 - 5237 [restartedMain] INFO  org.hibernate.Version - HHH000412: Hibernate Core {5.3.7.Final}
2019-02-21 15:59:02,551 - 5239 [restartedMain] INFO  org.hibernate.cfg.Environment - HHH000206: hibernate.properties not found
2019-02-21 15:59:02,689 - 5377 [restartedMain] INFO  o.h.annotations.common.Version - HCANN000001: Hibernate Commons Annotations {5.0.4.Final}
2019-02-21 15:59:02,915 - 5603 [restartedMain] INFO  org.hibernate.dialect.Dialect - HHH000400: Using dialect: org.hibernate.dialect.MySQL5Dialect
2019-02-21 15:59:03,718 - 6406 [restartedMain] INFO  o.s.o.j.LocalContainerEntityManagerFactoryBean - Initialized JPA EntityManagerFactory for persistence unit 'default'
2019-02-21 15:59:03,809 - 6497 [restartedMain] INFO  o.s.b.d.a.OptionalLiveReloadServer - LiveReload server is running on port 35729
2019-02-21 15:59:06,889 - 9577 [restartedMain] INFO  o.s.s.c.ThreadPoolTaskScheduler - Initializing ExecutorService 'getScheduler'
2019-02-21 15:59:06,990 - 9678 [restartedMain] INFO  o.h.h.i.QueryTranslatorFactoryInitiator - HHH000397: Using ASTQueryTranslatorFactory
2019-02-21 15:59:07,231 - 9919 [restartedMain] INFO  c.p.n.controller.ScheduleController - 【后台定时任务配置】cron={
  "id": 1,
  "code": "task1",
  "cron": "0 0 0/2 * * ?",
  "createTime": "Feb 19, 2019 5:29:50 PM",
  "updateTime": "Feb 19, 2019 5:29:50 PM"
}
2019-02-21 15:59:07,235 - 9923 [restartedMain] INFO  c.p.n.controller.ScheduleController - 【后台定时任务配置】cron={
  "id": 2,
  "code": "task2",
  "cron": "0/1 0 0 * * ?",
  "createTime": "Feb 19, 2019 5:30:14 PM",
  "updateTime": "Feb 19, 2019 5:30:14 PM"
}
2019-02-21 15:59:07,551 - 10239 [restartedMain] DEBUG o.s.w.s.h.SimpleUrlHandlerMapping - Patterns [/**/favicon.ico] in 'faviconHandlerMapping'
2019-02-21 15:59:07,897 - 10585 [restartedMain] DEBUG o.s.w.s.m.m.a.RequestMappingHandlerAdapter - ControllerAdvice beans: 0 @ModelAttribute, 0 @InitBinder, 1 RequestBodyAdvice, 1 ResponseBodyAdvice
2019-02-21 15:59:07,978 - 10666 [restartedMain] DEBUG o.s.w.s.m.m.a.RequestMappingHandlerMapping - 40 mappings in 'requestMappingHandlerMapping'
2019-02-21 15:59:08,012 - 10700 [restartedMain] DEBUG o.s.w.s.h.SimpleUrlHandlerMapping - Patterns [/webjars/**, /**] in 'resourceHandlerMapping'
2019-02-21 15:59:08,024 - 10712 [restartedMain] DEBUG o.s.w.s.m.m.a.ExceptionHandlerExceptionResolver - ControllerAdvice beans: 0 @ExceptionHandler, 1 ResponseBodyAdvice
2019-02-21 15:59:08,419 - 11107 [restartedMain] DEBUG o.s.w.s.v.f.FreeMarkerConfigurer - Template loader path [class path resource [templates/]] resolved to file path [D:\Users\wangyanjun\workspace\novel\target\classes\templates]
2019-02-21 15:59:08,766 - 11454 [restartedMain] DEBUG o.s.w.s.s.s.ServerEndpointExporter - Registering @ServerEndpoint class: class com.potato369.novel.service.impl.WebSocket
2019-02-21 15:59:08,800 - 11488 [restartedMain] INFO  o.a.coyote.http11.Http11NioProtocol - Starting ProtocolHandler ["http-nio-8080"]
2019-02-21 15:59:08,824 - 11512 [restartedMain] INFO  o.s.b.w.e.tomcat.TomcatWebServer - Tomcat started on port(s): 8080 (http) with context path '/novel'
2019-02-21 15:59:08,827 - 11515 [restartedMain] INFO  c.potato369.novel.NovelApplication - Started NovelApplication in 10.994 seconds (JVM running for 14.031)
2019-02-21 15:59:34,231 - 36919 [http-nio-8080-exec-1] INFO  o.a.c.c.C.[.[localhost].[/novel] - Initializing Spring DispatcherServlet 'dispatcherServlet'
2019-02-21 15:59:34,231 - 36919 [http-nio-8080-exec-1] INFO  o.s.web.servlet.DispatcherServlet - Initializing Servlet 'dispatcherServlet'
2019-02-21 15:59:34,232 - 36920 [http-nio-8080-exec-1] DEBUG o.s.web.servlet.DispatcherServlet - Detected StandardServletMultipartResolver
2019-02-21 15:59:34,242 - 36930 [http-nio-8080-exec-1] DEBUG o.s.web.servlet.DispatcherServlet - enableLoggingRequestDetails='false': request parameters and headers will be masked to prevent unsafe logging of potentially sensitive data
2019-02-21 15:59:34,243 - 36931 [http-nio-8080-exec-1] INFO  o.s.web.servlet.DispatcherServlet - Completed initialization in 12 ms
2019-02-21 15:59:34,256 - 36944 [http-nio-8080-exec-1] DEBUG o.s.web.servlet.DispatcherServlet - GET "/novel/wechat/userInfo?code=071HBsK42qQI8P0QzhK42c7mK42HBsK6&state=https%3A%2F%2Fwww.baidu.com", parameters={masked}
2019-02-21 15:59:34,259 - 36947 [http-nio-8080-exec-1] DEBUG o.s.w.s.m.m.a.RequestMappingHandlerMapping - Mapped to public java.lang.String com.potato369.novel.controller.BuyerWeChatController.userInfo(java.lang.String,java.lang.String,javax.servlet.http.HttpServletResponse)
2019-02-21 15:59:34,279 - 36967 [http-nio-8080-exec-1] INFO  c.p.n.a.NovelHttpAuthorizeAspect - 【拦截http请求】doBefore：拦截http请求日志
2019-02-21 15:59:34,280 - 36968 [http-nio-8080-exec-1] INFO  c.p.n.a.NovelHttpAuthorizeAspect - 【拦截http请求】url=http://potato369.mynatapp.cc/novel/wechat/userInfo
2019-02-21 15:59:34,280 - 36968 [http-nio-8080-exec-1] INFO  c.p.n.a.NovelHttpAuthorizeAspect - 【拦截http请求】method=GET
2019-02-21 15:59:34,281 - 36969 [http-nio-8080-exec-1] INFO  c.p.n.a.NovelHttpAuthorizeAspect - 【拦截http请求】代理ip=192.168.1.138
2019-02-21 15:59:34,282 - 36970 [http-nio-8080-exec-1] INFO  c.p.n.a.NovelHttpAuthorizeAspect - 【拦截http请求】真实ip=183.14.29.23
2019-02-21 15:59:34,284 - 36972 [http-nio-8080-exec-1] INFO  c.p.n.a.NovelHttpAuthorizeAspect - 【拦截http请求】class method name=com.potato369.novel.controller.BuyerWeChatController.userInfo()
2019-02-21 15:59:34,284 - 36972 [http-nio-8080-exec-1] INFO  c.p.n.a.NovelHttpAuthorizeAspect - 【拦截http请求】 args[0]=071HBsK42qQI8P0QzhK42c7mK42HBsK6
2019-02-21 15:59:34,284 - 36972 [http-nio-8080-exec-1] INFO  c.p.n.a.NovelHttpAuthorizeAspect - 【拦截http请求】 args[1]=https://www.baidu.com
2019-02-21 15:59:34,284 - 36972 [http-nio-8080-exec-1] INFO  c.p.n.a.NovelHttpAuthorizeAspect - 【拦截http请求】 args[2]=com.alibaba.druid.support.http.WebStatFilter$StatHttpServletResponseWrapper@10a790b3
2019-02-21 15:59:34,638 - 37326 [http-nio-8080-exec-1] INFO  c.p.n.a.NovelHttpAuthorizeAspect - 【拦截http请求】doAfter：拦截http请求日志
2019-02-21 15:59:34,644 - 37332 [http-nio-8080-exec-1] DEBUG o.s.web.servlet.DispatcherServlet - Failed to complete request: BuyerAuthorizeException(code=20, message=null)
2019-02-21 15:59:34,653 - 37341 [http-nio-8080-exec-1] DEBUG o.s.web.servlet.DispatcherServlet - "ERROR" dispatch for GET "/novel/error?code=071HBsK42qQI8P0QzhK42c7mK42HBsK6&state=https%3A%2F%2Fwww.baidu.com", parameters={masked}
2019-02-21 15:59:34,661 - 37349 [http-nio-8080-exec-1] DEBUG o.s.w.s.m.m.a.RequestMappingHandlerMapping - Mapped to public org.springframework.web.servlet.ModelAndView org.springframework.boot.autoconfigure.web.servlet.error.BasicErrorController.errorHtml(javax.servlet.http.HttpServletRequest,javax.servlet.http.HttpServletResponse)
2019-02-21 15:59:34,685 - 37373 [http-nio-8080-exec-1] DEBUG o.s.w.s.v.ContentNegotiatingViewResolver - Selected 'text/html' given [text/html, text/html;q=0.8]
2019-02-21 15:59:34,692 - 37380 [http-nio-8080-exec-1] DEBUG o.s.web.servlet.DispatcherServlet - Exiting from "ERROR" dispatch, status 500
2019-02-21 16:00:00,006 - 62694 [task-1] DEBUG c.p.novel.task.AddSubscribeUserTask - 【添加关注用户信息到数据库动态定时任务】执行时间：2019年02月21日 16:00:00
